{"name":"Создать новый документ (S0501408)","status":"failed","statusDetails":{"known":false,"muted":false,"flaky":false,"message":"Element not found {By.xpath: //span[@class='x-btn-inner' and text()='Так']/../../..}\nExpected: visible","trace":"Element not found {By.xpath: //span[@class='x-btn-inner' and text()='Так']/../../..}\nExpected: visible\nScreenshot: file:/home/dmitriy/Projects/eDocumentsAndReports/build/reports/tests/1549610177619.0.png\nPage source: file:/home/dmitriy/Projects/eDocumentsAndReports/build/reports/tests/1549610177619.0.html\nTimeout: 10 s.\nCaused by: NoSuchElementException: no such element: Unable to locate element: {\"method\":\"xpath\",\"selector\":\"//span[@class='x-btn-inner' and text()='Так']/../../..\"}\n\tat com.codeborne.selenide.impl.WebElementSource.createElementNotFoundError(WebElementSource.java:34)\n\tat com.codeborne.selenide.impl.ElementFinder.createElementNotFoundError(ElementFinder.java:100)\n\tat com.codeborne.selenide.impl.WebElementSource.checkCondition(WebElementSource.java:62)\n\tat com.codeborne.selenide.commands.Should.should(Should.java:35)\n\tat com.codeborne.selenide.commands.Should.execute(Should.java:29)\n\tat com.codeborne.selenide.commands.Should.execute(Should.java:12)\n\tat com.codeborne.selenide.commands.Commands.execute(Commands.java:144)\n\tat com.codeborne.selenide.impl.SelenideElementProxy.dispatchAndRetry(SelenideElementProxy.java:99)\n\tat com.codeborne.selenide.impl.SelenideElementProxy.invoke(SelenideElementProxy.java:65)\n\tat com.sun.proxy.$Proxy16.shouldBe(Unknown Source)\n\tat pages.CreateReportDeclarationS0501408.subscribeAndSendReport_aroundBody54(CreateReportDeclarationS0501408.java:289)\n\tat pages.CreateReportDeclarationS0501408$AjcClosure55.run(CreateReportDeclarationS0501408.java:1)\n\tat org.aspectj.runtime.reflect.JoinPointImpl.proceed(JoinPointImpl.java:149)\n\tat io.qameta.allure.aspects.StepsAspects.step(StepsAspects.java:50)\n\tat pages.CreateReportDeclarationS0501408.subscribeAndSendReport(CreateReportDeclarationS0501408.java:287)\n\tat tests.TestRunner.createNewReportDeclarationS0501408(TestRunner.java:377)\n\tat sun.reflect.NativeMethodAccessorImpl.invoke0(Native Method)\n\tat sun.reflect.NativeMethodAccessorImpl.invoke(NativeMethodAccessorImpl.java:62)\n\tat sun.reflect.DelegatingMethodAccessorImpl.invoke(DelegatingMethodAccessorImpl.java:43)\n\tat java.lang.reflect.Method.invoke(Method.java:498)\n\tat org.testng.internal.MethodInvocationHelper.invokeMethod(MethodInvocationHelper.java:131)\n\tat org.testng.internal.Invoker.invokeMethod(Invoker.java:658)\n\tat org.testng.internal.Invoker.invokeTestMethod(Invoker.java:792)\n\tat org.testng.internal.Invoker.invokeTestMethods(Invoker.java:1103)\n\tat org.testng.internal.TestMethodWorker.invokeTestMethods(TestMethodWorker.java:140)\n\tat org.testng.internal.TestMethodWorker.run(TestMethodWorker.java:122)\n\tat org.testng.TestRunner.privateRun(TestRunner.java:739)\n\tat org.testng.TestRunner.run(TestRunner.java:589)\n\tat org.testng.SuiteRunner.runTest(SuiteRunner.java:398)\n\tat org.testng.SuiteRunner.runSequentially(SuiteRunner.java:392)\n\tat org.testng.SuiteRunner.privateRun(SuiteRunner.java:354)\n\tat org.testng.SuiteRunner.run(SuiteRunner.java:302)\n\tat org.testng.SuiteRunnerWorker.runSuite(SuiteRunnerWorker.java:53)\n\tat org.testng.SuiteRunnerWorker.run(SuiteRunnerWorker.java:96)\n\tat org.testng.TestNG.runSuitesSequentially(TestNG.java:1145)\n\tat org.testng.TestNG.runSuitesLocally(TestNG.java:1067)\n\tat org.testng.TestNG.runSuites(TestNG.java:997)\n\tat org.testng.TestNG.run(TestNG.java:965)\n\tat org.testng.IDEARemoteTestNG.run(IDEARemoteTestNG.java:72)\n\tat org.testng.RemoteTestNGStarter.main(RemoteTestNGStarter.java:123)\nCaused by: org.openqa.selenium.NoSuchElementException: no such element: Unable to locate element: {\"method\":\"xpath\",\"selector\":\"//span[@class='x-btn-inner' and text()='Так']/../../..\"}\n  (Session info: chrome=71.0.3578.98)\n  (Driver info: chromedriver=73.0.3683.20 (8e2b610813e167eee3619ac4ce6e42e3ec622017),platform=Linux 4.15.0-45-generic x86_64) (WARNING: The server did not provide any stacktrace information)\nCommand duration or timeout: 0 milliseconds\nFor documentation on this error, please visit: http://seleniumhq.org/exceptions/no_such_element.html\nBuild info: version: '3.141.5', revision: 'd54ebd709a', time: '2018-11-06T11:42:16'\nSystem info: host: 'dmitriy-System-Product-Name', ip: '127.0.1.1', os.name: 'Linux', os.arch: 'amd64', os.version: '4.15.0-45-generic', java.version: '1.8.0_191'\nDriver info: org.openqa.selenium.chrome.ChromeDriver\nCapabilities {acceptInsecureCerts: true, acceptSslCerts: true, applicationCacheEnabled: false, browserConnectionEnabled: false, browserName: chrome, chrome: {chromedriverVersion: 73.0.3683.20 (8e2b610813e16..., userDataDir: /tmp/.com.google.Chrome.lWbre5}, cssSelectorsEnabled: true, databaseEnabled: false, goog:chromeOptions: {debuggerAddress: localhost:39461}, handlesAlerts: true, hasTouchScreen: false, javascriptEnabled: true, locationContextEnabled: true, mobileEmulationEnabled: false, nativeEvents: true, networkConnectionEnabled: false, pageLoadStrategy: normal, platform: LINUX, platformName: LINUX, proxy: Proxy(), rotatable: false, setWindowRect: true, strictFileInteractability: false, takesHeapSnapshot: true, takesScreenshot: true, timeouts: {implicit: 0, pageLoad: 300000, script: 30000}, unexpectedAlertBehaviour: ignore, unhandledPromptBehavior: ignore, version: 71.0.3578.98, webStorageEnabled: true}\nSession ID: 3f1f4cc3dd96a79e5f8d96b7731b827e\n*** Element info: {Using=xpath, value=//span[@class='x-btn-inner' and text()='Так']/../../..}\n\tat sun.reflect.GeneratedConstructorAccessor13.newInstance(Unknown Source)\n\tat sun.reflect.DelegatingConstructorAccessorImpl.newInstance(DelegatingConstructorAccessorImpl.java:45)\n\tat java.lang.reflect.Constructor.newInstance(Constructor.java:423)\n\tat org.openqa.selenium.remote.ErrorHandler.createThrowable(ErrorHandler.java:214)\n\tat org.openqa.selenium.remote.ErrorHandler.throwIfResponseFailed(ErrorHandler.java:166)\n\tat org.openqa.selenium.remote.http.JsonHttpResponseCodec.reconstructValue(JsonHttpResponseCodec.java:40)\n\tat org.openqa.selenium.remote.http.AbstractHttpResponseCodec.decode(AbstractHttpResponseCodec.java:80)\n\tat org.openqa.selenium.remote.http.AbstractHttpResponseCodec.decode(AbstractHttpResponseCodec.java:44)\n\tat org.openqa.selenium.remote.HttpCommandExecutor.execute(HttpCommandExecutor.java:158)\n\tat org.openqa.selenium.remote.service.DriverCommandExecutor.execute(DriverCommandExecutor.java:83)\n\tat org.openqa.selenium.remote.RemoteWebDriver.execute(RemoteWebDriver.java:552)\n\tat org.openqa.selenium.remote.RemoteWebDriver.findElement(RemoteWebDriver.java:323)\n\tat org.openqa.selenium.remote.RemoteWebDriver.findElementByXPath(RemoteWebDriver.java:428)\n\tat org.openqa.selenium.By$ByXPath.findElement(By.java:353)\n\tat org.openqa.selenium.remote.RemoteWebDriver.findElement(RemoteWebDriver.java:315)\n\tat com.codeborne.selenide.impl.WebElementSelector.findElement(WebElementSelector.java:28)\n\tat com.codeborne.selenide.impl.ElementFinder.getWebElement(ElementFinder.java:74)\n\tat com.codeborne.selenide.impl.WebElementSource.checkCondition(WebElementSource.java:47)\n\t... 37 more\n"},"stage":"finished","steps":[{"name":"Перейти в список документов","status":"passed","stage":"finished","steps":[],"attachments":[],"parameters":[{"name":"nameStep","value":"Перейти в список документов"}],"start":1549610146478,"stop":1549610146478},{"name":"Перейти на страницу со списком отчетных докуметов","status":"passed","stage":"finished","steps":[{"name":"Закрыть вкладку {nameTitle}: и переключиться на основную","status":"passed","stage":"finished","steps":[],"attachments":[],"parameters":[{"name":"nameTittle","value":"Конструктор отчетов"}],"start":1549610147400,"stop":1549610150376}],"attachments":[],"parameters":[],"start":1549610146579,"stop":1549610150377},{"name":"Проверка правильнрости перехода","status":"passed","stage":"finished","steps":[],"attachments":[],"parameters":[{"name":"nameStep","value":"Проверка правильнрости перехода"}],"start":1549610150378,"stop":1549610150378},{"name":"Проверка страницы \"Типы документов\"","status":"passed","stage":"finished","steps":[],"attachments":[],"parameters":[],"start":1549610150378,"stop":1549610151924},{"name":"Поиск документа с формой \"S0501408\"","status":"passed","stage":"finished","steps":[],"attachments":[],"parameters":[{"name":"nameStep","value":"Поиск документа с формой \"S0501408\""}],"start":1549610151924,"stop":1549610151924},{"name":"Проверка поиска по значению \"S0501408\"","status":"passed","stage":"finished","steps":[],"attachments":[],"parameters":[{"name":"value","value":"S0501408"}],"start":1549610151924,"stop":1549610154551},{"name":"Открытие документа","status":"passed","stage":"finished","steps":[{"name":"Закрыть вкладку {nameTitle}: и переключиться на основную","status":"passed","stage":"finished","steps":[],"attachments":[],"parameters":[{"name":"nameTittle","value":"Типы документов"}],"start":1549610154810,"stop":1549610155080}],"attachments":[],"parameters":[{"name":"value","value":"S0501408"}],"start":1549610154552,"stop":1549610155164},{"name":"Перейти на создание докумета \"J0301206\"","status":"passed","stage":"finished","steps":[{"name":"Закрыть вкладку {nameTitle}: и переключиться на основную","status":"passed","stage":"finished","steps":[],"attachments":[],"parameters":[{"name":"nameTittle","value":"Тип документа: 174"}],"start":1549610155475,"stop":1549610155594}],"attachments":[],"parameters":[],"start":1549610155165,"stop":1549610155597},{"name":"Открыть редактирование документа","status":"passed","stage":"finished","steps":[],"attachments":[],"parameters":[],"start":1549610155597,"stop":1549610156376},{"name":"Ввести в поле \"Ідентифікаційний код\" значение -> \"34554377\"","status":"passed","stage":"finished","steps":[],"attachments":[],"parameters":[{"name":"value","value":"34554377"}],"start":1549610156376,"stop":1549610156648},{"name":"Ввести в поле \"Найменування\" значение -> \"Приватне підприємство \"ЛІТАК\"\"","status":"passed","stage":"finished","steps":[],"attachments":[],"parameters":[{"name":"value","value":"Приватне підприємство \"ЛІТАК\""}],"start":1549610156648,"stop":1549610157051},{"name":"Ввести в поле \"Місцезнаходження\" значение -> \"вул. Леніна, буд. 22, оф. 57, м. Жашків, Жашківський р-н, Черкаська обл., 19203\"","status":"passed","stage":"finished","steps":[],"attachments":[],"parameters":[{"name":"value","value":"вул. Леніна, буд. 22, оф. 57, м. Жашків, Жашківський р-н, Черкаська обл., 19203"}],"start":1549610157051,"stop":1549610157768},{"name":"Ввести в поле \"Адреса здійснення діяльності\" значение -> \"с. Кулебівка, вул.Вузенька, дом біля колодязя\"","status":"passed","stage":"finished","steps":[],"attachments":[],"parameters":[{"name":"value","value":"с. Кулебівка, вул.Вузенька, дом біля колодязя"}],"start":1549610157768,"stop":1549610158253},{"name":"Ввести в поле \"Назва країни\" значение -> \"Китай\"","status":"passed","stage":"finished","steps":[],"attachments":[],"parameters":[{"name":"value","value":"Китай"}],"start":1549610158254,"stop":1549610158474},{"name":"Ввести в поле \"Код країни\" значение -> \"47545\"","status":"passed","stage":"finished","steps":[],"attachments":[],"parameters":[{"name":"value","value":"47545"}],"start":1549610158475,"stop":1549610158702},{"name":"Ввести в поле \"Найменування товару\" значение -> \"Шарики\"","status":"passed","stage":"finished","steps":[],"attachments":[],"parameters":[{"name":"value","value":"Шарики"}],"start":1549610158702,"stop":1549610158933},{"name":"Ввести в поле \"Код товару\" значение -> \"778865\"","status":"passed","stage":"finished","steps":[],"attachments":[],"parameters":[{"name":"value","value":"778865"}],"start":1549610158933,"stop":1549610159160},{"name":"Ввести в поле \"Назва валюти\" значение -> \"USD\"","status":"passed","stage":"finished","steps":[],"attachments":[],"parameters":[{"name":"value","value":"USD"}],"start":1549610159160,"stop":1549610159384},{"name":"Ввести в поле \"Код валюти\" значение -> \"12356\"","status":"passed","stage":"finished","steps":[],"attachments":[],"parameters":[{"name":"value","value":"12356"}],"start":1549610159384,"stop":1549610159567},{"name":"Ввести в поле \"Кількіть єкспортованих товарів\" значение -> \"75000.000000\"","status":"passed","stage":"finished","steps":[],"attachments":[],"parameters":[{"name":"value","value":"75000.000000"}],"start":1549610159568,"stop":1549610160233},{"name":"Ввести в поле \"Вартість єкспортованих товарів\" значение -> \"125.546487\"","status":"passed","stage":"finished","steps":[],"attachments":[],"parameters":[{"name":"value","value":"125.546487"}],"start":1549610160234,"stop":1549610160937},{"name":"Ввести в поле \"Назва країни\" значение -> \"Украина\"","status":"passed","stage":"finished","steps":[],"attachments":[],"parameters":[{"name":"value","value":"Украина"}],"start":1549610160937,"stop":1549610161190},{"name":"Ввести в поле \"Код країни\" значение -> \"84321\"","status":"passed","stage":"finished","steps":[],"attachments":[],"parameters":[{"name":"value","value":"84321"}],"start":1549610161191,"stop":1549610161425},{"name":"Ввести в поле \"Найменування товару\" значение -> \"Сгущенка\"","status":"passed","stage":"finished","steps":[],"attachments":[],"parameters":[{"name":"value","value":"Сгущенка"}],"start":1549610161426,"stop":1549610161678},{"name":"Ввести в поле \"Код товару\" значение -> \"465413\"","status":"passed","stage":"finished","steps":[],"attachments":[],"parameters":[{"name":"value","value":"465413"}],"start":1549610161678,"stop":1549610161917},{"name":"Ввести в поле \"Назва валюти\" значение -> \"ГРН\"","status":"passed","stage":"finished","steps":[],"attachments":[],"parameters":[{"name":"value","value":"ГРН"}],"start":1549610161918,"stop":1549610162146},{"name":"Ввести в поле \"Код валюти\" значение -> \"6562\"","status":"passed","stage":"finished","steps":[],"attachments":[],"parameters":[{"name":"value","value":"6562"}],"start":1549610162147,"stop":1549610162360},{"name":"Ввести в поле \"Кількіть єкспортованих товарів\" значение -> \"15000.123450\"","status":"passed","stage":"finished","steps":[],"attachments":[],"parameters":[{"name":"value","value":"15000.123450"}],"start":1549610162360,"stop":1549610163208},{"name":"Ввести в поле \"Вартість єкспортованих товарів\" значение -> \"3.546487\"","status":"passed","stage":"finished","steps":[],"attachments":[],"parameters":[{"name":"value","value":"3.546487"}],"start":1549610163209,"stop":1549610163927},{"name":"Ввести в поле \"П.І.Б. керівника\" значение -> \"Санёк Сивочка\"","status":"passed","stage":"finished","steps":[],"attachments":[],"parameters":[{"name":"value","value":"Санёк Сивочка"}],"start":1549610163928,"stop":1549610164193},{"name":"Ввести в поле \"П.І.Б.\" значение -> \"Тётя Света\"","status":"passed","stage":"finished","steps":[],"attachments":[],"parameters":[{"name":"value","value":"Тётя Света"}],"start":1549610164194,"stop":1549610164461},{"name":"Ввести в поле \"телефон\" значение -> \"+380677787141\"","status":"passed","stage":"finished","steps":[],"attachments":[],"parameters":[{"name":"value","value":"+380677787141"}],"start":1549610164462,"stop":1549610164759},{"name":"Ввести в поле \"факс\" значение -> \"94522\"","status":"passed","stage":"finished","steps":[],"attachments":[],"parameters":[{"name":"value","value":"94522"}],"start":1549610164760,"stop":1549610164969},{"name":"Ввести в поле \"електронна пошта\" значение -> \"willows@ua.fm\"","status":"passed","stage":"finished","steps":[],"attachments":[],"parameters":[{"name":"value","value":"willows@ua.fm"}],"start":1549610164969,"stop":1549610165234},{"name":"Сохранение текущего отчета","status":"passed","stage":"finished","steps":[],"attachments":[],"parameters":[],"start":1549610165234,"stop":1549610166362},{"name":"Подписать и отправить отчет","status":"failed","statusDetails":{"known":false,"muted":false,"flaky":false,"message":"Element not found {By.xpath: //span[@class='x-btn-inner' and text()='Так']/../../..}\nExpected: visible","trace":"Element not found {By.xpath: //span[@class='x-btn-inner' and text()='Так']/../../..}\nExpected: visible\nScreenshot: file:/home/dmitriy/Projects/eDocumentsAndReports/build/reports/tests/1549610177619.0.png\nPage source: file:/home/dmitriy/Projects/eDocumentsAndReports/build/reports/tests/1549610177619.0.html\nTimeout: 10 s.\nCaused by: NoSuchElementException: no such element: Unable to locate element: {\"method\":\"xpath\",\"selector\":\"//span[@class='x-btn-inner' and text()='Так']/../../..\"}\n\tat com.codeborne.selenide.impl.WebElementSource.createElementNotFoundError(WebElementSource.java:34)\n\tat com.codeborne.selenide.impl.ElementFinder.createElementNotFoundError(ElementFinder.java:100)\n\tat com.codeborne.selenide.impl.WebElementSource.checkCondition(WebElementSource.java:62)\n\tat com.codeborne.selenide.commands.Should.should(Should.java:35)\n\tat com.codeborne.selenide.commands.Should.execute(Should.java:29)\n\tat com.codeborne.selenide.commands.Should.execute(Should.java:12)\n\tat com.codeborne.selenide.commands.Commands.execute(Commands.java:144)\n\tat com.codeborne.selenide.impl.SelenideElementProxy.dispatchAndRetry(SelenideElementProxy.java:99)\n\tat com.codeborne.selenide.impl.SelenideElementProxy.invoke(SelenideElementProxy.java:65)\n\tat com.sun.proxy.$Proxy16.shouldBe(Unknown Source)\n\tat pages.CreateReportDeclarationS0501408.subscribeAndSendReport_aroundBody54(CreateReportDeclarationS0501408.java:289)\n\tat pages.CreateReportDeclarationS0501408$AjcClosure55.run(CreateReportDeclarationS0501408.java:1)\n\tat org.aspectj.runtime.reflect.JoinPointImpl.proceed(JoinPointImpl.java:149)\n\tat io.qameta.allure.aspects.StepsAspects.step(StepsAspects.java:50)\n\tat pages.CreateReportDeclarationS0501408.subscribeAndSendReport(CreateReportDeclarationS0501408.java:287)\n\tat tests.TestRunner.createNewReportDeclarationS0501408(TestRunner.java:377)\n\tat sun.reflect.NativeMethodAccessorImpl.invoke0(Native Method)\n\tat sun.reflect.NativeMethodAccessorImpl.invoke(NativeMethodAccessorImpl.java:62)\n\tat sun.reflect.DelegatingMethodAccessorImpl.invoke(DelegatingMethodAccessorImpl.java:43)\n\tat java.lang.reflect.Method.invoke(Method.java:498)\n\tat org.testng.internal.MethodInvocationHelper.invokeMethod(MethodInvocationHelper.java:131)\n\tat org.testng.internal.Invoker.invokeMethod(Invoker.java:658)\n\tat org.testng.internal.Invoker.invokeTestMethod(Invoker.java:792)\n\tat org.testng.internal.Invoker.invokeTestMethods(Invoker.java:1103)\n\tat org.testng.internal.TestMethodWorker.invokeTestMethods(TestMethodWorker.java:140)\n\tat org.testng.internal.TestMethodWorker.run(TestMethodWorker.java:122)\n\tat org.testng.TestRunner.privateRun(TestRunner.java:739)\n\tat org.testng.TestRunner.run(TestRunner.java:589)\n\tat org.testng.SuiteRunner.runTest(SuiteRunner.java:398)\n\tat org.testng.SuiteRunner.runSequentially(SuiteRunner.java:392)\n\tat org.testng.SuiteRunner.privateRun(SuiteRunner.java:354)\n\tat org.testng.SuiteRunner.run(SuiteRunner.java:302)\n\tat org.testng.SuiteRunnerWorker.runSuite(SuiteRunnerWorker.java:53)\n\tat org.testng.SuiteRunnerWorker.run(SuiteRunnerWorker.java:96)\n\tat org.testng.TestNG.runSuitesSequentially(TestNG.java:1145)\n\tat org.testng.TestNG.runSuitesLocally(TestNG.java:1067)\n\tat org.testng.TestNG.runSuites(TestNG.java:997)\n\tat org.testng.TestNG.run(TestNG.java:965)\n\tat org.testng.IDEARemoteTestNG.run(IDEARemoteTestNG.java:72)\n\tat org.testng.RemoteTestNGStarter.main(RemoteTestNGStarter.java:123)\nCaused by: org.openqa.selenium.NoSuchElementException: no such element: Unable to locate element: {\"method\":\"xpath\",\"selector\":\"//span[@class='x-btn-inner' and text()='Так']/../../..\"}\n  (Session info: chrome=71.0.3578.98)\n  (Driver info: chromedriver=73.0.3683.20 (8e2b610813e167eee3619ac4ce6e42e3ec622017),platform=Linux 4.15.0-45-generic x86_64) (WARNING: The server did not provide any stacktrace information)\nCommand duration or timeout: 0 milliseconds\nFor documentation on this error, please visit: http://seleniumhq.org/exceptions/no_such_element.html\nBuild info: version: '3.141.5', revision: 'd54ebd709a', time: '2018-11-06T11:42:16'\nSystem info: host: 'dmitriy-System-Product-Name', ip: '127.0.1.1', os.name: 'Linux', os.arch: 'amd64', os.version: '4.15.0-45-generic', java.version: '1.8.0_191'\nDriver info: org.openqa.selenium.chrome.ChromeDriver\nCapabilities {acceptInsecureCerts: true, acceptSslCerts: true, applicationCacheEnabled: false, browserConnectionEnabled: false, browserName: chrome, chrome: {chromedriverVersion: 73.0.3683.20 (8e2b610813e16..., userDataDir: /tmp/.com.google.Chrome.lWbre5}, cssSelectorsEnabled: true, databaseEnabled: false, goog:chromeOptions: {debuggerAddress: localhost:39461}, handlesAlerts: true, hasTouchScreen: false, javascriptEnabled: true, locationContextEnabled: true, mobileEmulationEnabled: false, nativeEvents: true, networkConnectionEnabled: false, pageLoadStrategy: normal, platform: LINUX, platformName: LINUX, proxy: Proxy(), rotatable: false, setWindowRect: true, strictFileInteractability: false, takesHeapSnapshot: true, takesScreenshot: true, timeouts: {implicit: 0, pageLoad: 300000, script: 30000}, unexpectedAlertBehaviour: ignore, unhandledPromptBehavior: ignore, version: 71.0.3578.98, webStorageEnabled: true}\nSession ID: 3f1f4cc3dd96a79e5f8d96b7731b827e\n*** Element info: {Using=xpath, value=//span[@class='x-btn-inner' and text()='Так']/../../..}\n\tat sun.reflect.GeneratedConstructorAccessor13.newInstance(Unknown Source)\n\tat sun.reflect.DelegatingConstructorAccessorImpl.newInstance(DelegatingConstructorAccessorImpl.java:45)\n\tat java.lang.reflect.Constructor.newInstance(Constructor.java:423)\n\tat org.openqa.selenium.remote.ErrorHandler.createThrowable(ErrorHandler.java:214)\n\tat org.openqa.selenium.remote.ErrorHandler.throwIfResponseFailed(ErrorHandler.java:166)\n\tat org.openqa.selenium.remote.http.JsonHttpResponseCodec.reconstructValue(JsonHttpResponseCodec.java:40)\n\tat org.openqa.selenium.remote.http.AbstractHttpResponseCodec.decode(AbstractHttpResponseCodec.java:80)\n\tat org.openqa.selenium.remote.http.AbstractHttpResponseCodec.decode(AbstractHttpResponseCodec.java:44)\n\tat org.openqa.selenium.remote.HttpCommandExecutor.execute(HttpCommandExecutor.java:158)\n\tat org.openqa.selenium.remote.service.DriverCommandExecutor.execute(DriverCommandExecutor.java:83)\n\tat org.openqa.selenium.remote.RemoteWebDriver.execute(RemoteWebDriver.java:552)\n\tat org.openqa.selenium.remote.RemoteWebDriver.findElement(RemoteWebDriver.java:323)\n\tat org.openqa.selenium.remote.RemoteWebDriver.findElementByXPath(RemoteWebDriver.java:428)\n\tat org.openqa.selenium.By$ByXPath.findElement(By.java:353)\n\tat org.openqa.selenium.remote.RemoteWebDriver.findElement(RemoteWebDriver.java:315)\n\tat com.codeborne.selenide.impl.WebElementSelector.findElement(WebElementSelector.java:28)\n\tat com.codeborne.selenide.impl.ElementFinder.getWebElement(ElementFinder.java:74)\n\tat com.codeborne.selenide.impl.WebElementSource.checkCondition(WebElementSource.java:47)\n\t... 37 more\n"},"stage":"finished","steps":[],"attachments":[],"parameters":[],"start":1549610166363,"stop":1549610177980}],"attachments":[{"name":"screenshot","source":"32f04759-61d2-4dbd-960e-9281494bd60f-attachment","type":"img/png"}],"parameters":[],"start":1549610146468,"stop":1549610178236,"uuid":"38a4d179-3936-4345-b3eb-8eda82a832ee","historyId":"a42821f810fb6baabbeb3e417f5e80fd","fullName":"tests.TestRunner.createNewReportDeclarationS0501408","labels":[{"name":"package","value":"tests.TestRunner"},{"name":"testClass","value":"tests.TestRunner"},{"name":"testMethod","value":"createNewReportDeclarationS0501408"},{"name":"parentSuite","value":"Default Suite"},{"name":"suite","value":"eDocumentsAndReports"},{"name":"subSuite","value":"tests.TestRunner"},{"name":"host","value":"dmitriy-System-Product-Name"},{"name":"thread","value":"3286@dmitriy-System-Product-Name.main(1)"},{"name":"feature","value":"Тестирование документов"},{"name":"story","value":"Создание документа (позитивный сценарий) S0501408"}],"links":[]}