{"name":"Создать новый документ","status":"broken","statusDetails":{"known":false,"muted":false,"flaky":false,"message":"invalid selector: Compound class names not permitted\n  (Session info: chrome=71.0.3578.98)\n  (Driver info: chromedriver=73.0.3683.20 (8e2b610813e167eee3619ac4ce6e42e3ec622017),platform=Linux 4.15.0-20-generic x86_64) (WARNING: The server did not provide any stacktrace information)\nCommand duration or timeout: 0 milliseconds\nFor documentation on this error, please visit: http://seleniumhq.org/exceptions/invalid_selector_exception.html\nBuild info: version: '3.141.5', revision: 'd54ebd709a', time: '2018-11-06T11:42:16'\nSystem info: host: 'dmitriy-System-Product-Name', ip: '127.0.1.1', os.name: 'Linux', os.arch: 'amd64', os.version: '4.15.0-20-generic', java.version: '1.8.0_191'\nDriver info: org.openqa.selenium.chrome.ChromeDriver\nCapabilities {acceptInsecureCerts: true, acceptSslCerts: true, applicationCacheEnabled: false, browserConnectionEnabled: false, browserName: chrome, chrome: {chromedriverVersion: 73.0.3683.20 (8e2b610813e16..., userDataDir: /tmp/.com.google.Chrome.osqaq0}, cssSelectorsEnabled: true, databaseEnabled: false, goog:chromeOptions: {debuggerAddress: localhost:46153}, handlesAlerts: true, hasTouchScreen: false, javascriptEnabled: true, locationContextEnabled: true, mobileEmulationEnabled: false, nativeEvents: true, networkConnectionEnabled: false, pageLoadStrategy: normal, platform: LINUX, platformName: LINUX, proxy: Proxy(), rotatable: false, setWindowRect: true, strictFileInteractability: false, takesHeapSnapshot: true, takesScreenshot: true, timeouts: {implicit: 0, pageLoad: 300000, script: 30000}, unexpectedAlertBehaviour: ignore, unhandledPromptBehavior: ignore, version: 71.0.3578.98, webStorageEnabled: true}\nSession ID: e3e9050e2a0a097bffc597ffd193587e\n*** Element info: {Using=class name, value=class='btn btn-green}","trace":"org.openqa.selenium.InvalidSelectorException: invalid selector: Compound class names not permitted\n  (Session info: chrome=71.0.3578.98)\n  (Driver info: chromedriver=73.0.3683.20 (8e2b610813e167eee3619ac4ce6e42e3ec622017),platform=Linux 4.15.0-20-generic x86_64) (WARNING: The server did not provide any stacktrace information)\nCommand duration or timeout: 0 milliseconds\nFor documentation on this error, please visit: http://seleniumhq.org/exceptions/invalid_selector_exception.html\nBuild info: version: '3.141.5', revision: 'd54ebd709a', time: '2018-11-06T11:42:16'\nSystem info: host: 'dmitriy-System-Product-Name', ip: '127.0.1.1', os.name: 'Linux', os.arch: 'amd64', os.version: '4.15.0-20-generic', java.version: '1.8.0_191'\nDriver info: org.openqa.selenium.chrome.ChromeDriver\nCapabilities {acceptInsecureCerts: true, acceptSslCerts: true, applicationCacheEnabled: false, browserConnectionEnabled: false, browserName: chrome, chrome: {chromedriverVersion: 73.0.3683.20 (8e2b610813e16..., userDataDir: /tmp/.com.google.Chrome.osqaq0}, cssSelectorsEnabled: true, databaseEnabled: false, goog:chromeOptions: {debuggerAddress: localhost:46153}, handlesAlerts: true, hasTouchScreen: false, javascriptEnabled: true, locationContextEnabled: true, mobileEmulationEnabled: false, nativeEvents: true, networkConnectionEnabled: false, pageLoadStrategy: normal, platform: LINUX, platformName: LINUX, proxy: Proxy(), rotatable: false, setWindowRect: true, strictFileInteractability: false, takesHeapSnapshot: true, takesScreenshot: true, timeouts: {implicit: 0, pageLoad: 300000, script: 30000}, unexpectedAlertBehaviour: ignore, unhandledPromptBehavior: ignore, version: 71.0.3578.98, webStorageEnabled: true}\nSession ID: e3e9050e2a0a097bffc597ffd193587e\n*** Element info: {Using=class name, value=class='btn btn-green}\n\tat sun.reflect.NativeConstructorAccessorImpl.newInstance0(Native Method)\n\tat sun.reflect.NativeConstructorAccessorImpl.newInstance(NativeConstructorAccessorImpl.java:62)\n\tat sun.reflect.DelegatingConstructorAccessorImpl.newInstance(DelegatingConstructorAccessorImpl.java:45)\n\tat java.lang.reflect.Constructor.newInstance(Constructor.java:423)\n\tat org.openqa.selenium.remote.ErrorHandler.createThrowable(ErrorHandler.java:214)\n\tat org.openqa.selenium.remote.ErrorHandler.throwIfResponseFailed(ErrorHandler.java:166)\n\tat org.openqa.selenium.remote.http.JsonHttpResponseCodec.reconstructValue(JsonHttpResponseCodec.java:40)\n\tat org.openqa.selenium.remote.http.AbstractHttpResponseCodec.decode(AbstractHttpResponseCodec.java:80)\n\tat org.openqa.selenium.remote.http.AbstractHttpResponseCodec.decode(AbstractHttpResponseCodec.java:44)\n\tat org.openqa.selenium.remote.HttpCommandExecutor.execute(HttpCommandExecutor.java:158)\n\tat org.openqa.selenium.remote.service.DriverCommandExecutor.execute(DriverCommandExecutor.java:83)\n\tat org.openqa.selenium.remote.RemoteWebDriver.execute(RemoteWebDriver.java:552)\n\tat org.openqa.selenium.remote.RemoteWebDriver.findElement(RemoteWebDriver.java:323)\n\tat org.openqa.selenium.remote.RemoteWebDriver.findElementByClassName(RemoteWebDriver.java:412)\n\tat org.openqa.selenium.By$ByClassName.findElement(By.java:389)\n\tat org.openqa.selenium.remote.RemoteWebDriver.findElement(RemoteWebDriver.java:315)\n\tat com.codeborne.selenide.impl.WebElementSelector.findElement(WebElementSelector.java:28)\n\tat com.codeborne.selenide.impl.ElementFinder.getWebElement(ElementFinder.java:74)\n\tat com.codeborne.selenide.impl.WebElementSource.checkCondition(WebElementSource.java:47)\n\tat com.codeborne.selenide.impl.WebElementSource.findAndAssertElementIsVisible(WebElementSource.java:75)\n\tat com.codeborne.selenide.commands.Click.execute(Click.java:13)\n\tat com.codeborne.selenide.commands.Click.execute(Click.java:9)\n\tat com.codeborne.selenide.commands.Commands.execute(Commands.java:144)\n\tat com.codeborne.selenide.impl.SelenideElementProxy.dispatchAndRetry(SelenideElementProxy.java:99)\n\tat com.codeborne.selenide.impl.SelenideElementProxy.invoke(SelenideElementProxy.java:65)\n\tat com.sun.proxy.$Proxy16.click(Unknown Source)\n\tat pages.CreateReportDeclaration.subscribeAndSendReport_aroundBody70(CreateReportDeclaration.java:370)\n\tat pages.CreateReportDeclaration$AjcClosure71.run(CreateReportDeclaration.java:1)\n\tat org.aspectj.runtime.reflect.JoinPointImpl.proceed(JoinPointImpl.java:149)\n\tat io.qameta.allure.aspects.StepsAspects.step(StepsAspects.java:50)\n\tat pages.CreateReportDeclaration.subscribeAndSendReport(CreateReportDeclaration.java:364)\n\tat tests.TestRunner.createNewReportDeclaration(TestRunner.java:274)\n\tat sun.reflect.NativeMethodAccessorImpl.invoke0(Native Method)\n\tat sun.reflect.NativeMethodAccessorImpl.invoke(NativeMethodAccessorImpl.java:62)\n\tat sun.reflect.DelegatingMethodAccessorImpl.invoke(DelegatingMethodAccessorImpl.java:43)\n\tat java.lang.reflect.Method.invoke(Method.java:498)\n\tat org.testng.internal.MethodInvocationHelper.invokeMethod(MethodInvocationHelper.java:131)\n\tat org.testng.internal.Invoker.invokeMethod(Invoker.java:658)\n\tat org.testng.internal.Invoker.invokeTestMethod(Invoker.java:792)\n\tat org.testng.internal.Invoker.invokeTestMethods(Invoker.java:1103)\n\tat org.testng.internal.TestMethodWorker.invokeTestMethods(TestMethodWorker.java:140)\n\tat org.testng.internal.TestMethodWorker.run(TestMethodWorker.java:122)\n\tat org.testng.TestRunner.privateRun(TestRunner.java:739)\n\tat org.testng.TestRunner.run(TestRunner.java:589)\n\tat org.testng.SuiteRunner.runTest(SuiteRunner.java:398)\n\tat org.testng.SuiteRunner.runSequentially(SuiteRunner.java:392)\n\tat org.testng.SuiteRunner.privateRun(SuiteRunner.java:354)\n\tat org.testng.SuiteRunner.run(SuiteRunner.java:302)\n\tat org.testng.SuiteRunnerWorker.runSuite(SuiteRunnerWorker.java:53)\n\tat org.testng.SuiteRunnerWorker.run(SuiteRunnerWorker.java:96)\n\tat org.testng.TestNG.runSuitesSequentially(TestNG.java:1145)\n\tat org.testng.TestNG.runSuitesLocally(TestNG.java:1067)\n\tat org.testng.TestNG.runSuites(TestNG.java:997)\n\tat org.testng.TestNG.run(TestNG.java:965)\n\tat org.testng.IDEARemoteTestNG.run(IDEARemoteTestNG.java:72)\n\tat org.testng.RemoteTestNGStarter.main(RemoteTestNGStarter.java:123)\n"},"stage":"finished","steps":[{"name":"Перейти в список документов","status":"passed","stage":"finished","steps":[],"attachments":[],"parameters":[{"name":"nameStep","value":"Перейти в список документов"}],"start":1549531963194,"stop":1549531963194},{"name":"Перейти на страницу со списком отчетных докуметов","status":"passed","stage":"finished","steps":[{"name":"Закрыть вкладку {nameTitle}: и переключиться на основную","status":"passed","stage":"finished","steps":[],"attachments":[],"parameters":[{"name":"nameTittle","value":"Конструктор отчетов"}],"start":1549531963562,"stop":1549531963951}],"attachments":[],"parameters":[],"start":1549531963240,"stop":1549531963952},{"name":"Проверка правильнрости перехода","status":"passed","stage":"finished","steps":[],"attachments":[],"parameters":[{"name":"nameStep","value":"Проверка правильнрости перехода"}],"start":1549531963952,"stop":1549531963953},{"name":"Проверка страницы \"Типы документов\"","status":"passed","stage":"finished","steps":[],"attachments":[],"parameters":[],"start":1549531963953,"stop":1549531965558},{"name":"Поиск документа с формой \"J0301206\"","status":"passed","stage":"finished","steps":[],"attachments":[],"parameters":[{"name":"nameStep","value":"Поиск документа с формой \"J0301206\""}],"start":1549531965558,"stop":1549531965559},{"name":"Проверка поиска по значению \"0301206\"","status":"passed","stage":"finished","steps":[],"attachments":[],"parameters":[{"name":"value","value":"0301206"}],"start":1549531965559,"stop":1549531967972},{"name":"Открытие документа","status":"passed","stage":"finished","steps":[{"name":"Закрыть вкладку {nameTitle}: и переключиться на основную","status":"passed","stage":"finished","steps":[],"attachments":[],"parameters":[{"name":"nameTittle","value":"Типы документов"}],"start":1549531968231,"stop":1549531968604}],"attachments":[],"parameters":[{"name":"value","value":"0301206"}],"start":1549531967973,"stop":1549531968606},{"name":"Перейти на создание докумета","status":"passed","stage":"finished","steps":[{"name":"Закрыть вкладку {nameTitle}: и переключиться на основную","status":"passed","stage":"finished","steps":[],"attachments":[],"parameters":[{"name":"nameTittle","value":"Тип документа: 218"}],"start":1549531968894,"stop":1549531969034}],"attachments":[],"parameters":[],"start":1549531968607,"stop":1549531969035},{"name":"Открыть редактирование документа","status":"passed","stage":"finished","steps":[],"attachments":[],"parameters":[],"start":1549531969035,"stop":1549531969957},{"name":"Вводим в поле \"Порядковий N за рік\" значание -> \"7\"","status":"passed","stage":"finished","steps":[],"attachments":[],"parameters":[{"name":"value","value":"7"}],"start":1549531970147,"stop":1549531970289},{"name":"Вводим в поле \"Рік\" 2018","status":"passed","stage":"finished","steps":[],"attachments":[],"parameters":[{"name":"value","value":"2018"}],"start":1549531970289,"stop":1549531970432},{"name":"Вводим в поле \"Платник податку\" значание -> \"Приватне підприємство \"ЛІТАК\"\"","status":"passed","stage":"finished","steps":[],"attachments":[],"parameters":[{"name":"value","value":"Приватне підприємство \"ЛІТАК\""}],"start":1549531970432,"stop":1549531970746},{"name":"Вводим в поле \"Податковий номер платника податків3 або серія та номер паспорта\" значание -> \"34554355\"","status":"passed","stage":"finished","steps":[],"attachments":[],"parameters":[{"name":"value","value":"34554355"}],"start":1549531970746,"stop":1549531970918},{"name":"Вводим в поле \"код виду економічної діяльності (КВЕД)\"  значание -> \"01.63\"","status":"passed","stage":"finished","steps":[],"attachments":[],"parameters":[{"name":"value","value":"01.63"}],"start":1549531970919,"stop":1549531971073},{"name":"Вводим в поле \"поштовий індекс\"  значание -> \"19203\"","status":"passed","stage":"finished","steps":[],"attachments":[],"parameters":[{"name":"value","value":"19203"}],"start":1549531971074,"stop":1549531971228},{"name":"Вводим в поле \"міжміський код\"  значание -> \"55888\"","status":"passed","stage":"finished","steps":[],"attachments":[],"parameters":[{"name":"value","value":"55888"}],"start":1549531971228,"stop":1549531971382},{"name":"Вводим в поле \"телефон\"  значание -> \"+380677787141\"","status":"passed","stage":"finished","steps":[],"attachments":[],"parameters":[{"name":"value","value":"+380677787141"}],"start":1549531971382,"stop":1549531971594},{"name":"Вводим в поле \"факс\"  значание -> \"777555\"","status":"passed","stage":"finished","steps":[],"attachments":[],"parameters":[{"name":"value","value":"777555"}],"start":1549531971595,"stop":1549531971764},{"name":"Вводим в поле \"податкова адреса\"  значание -> \"вул. Леніна, буд. 22, оф. 57, м. Жашків, Жашківський р-н, Черкаська обл., 19203\"","status":"passed","stage":"finished","steps":[],"attachments":[],"parameters":[{"name":"value","value":"вул. Леніна, буд. 22, оф. 57, м. Жашків, Жашківський р-н, Черкаська обл., 19203"}],"start":1549531971765,"stop":1549531972410},{"name":"Вводим в поле \"email\"  значание -> \"willows@ua.fm\"","status":"passed","stage":"finished","steps":[],"attachments":[],"parameters":[{"name":"value","value":"willows@ua.fm"}],"start":1549531972410,"stop":1549531972619},{"name":"Обираемо контролюючий орган, до якого подається податкова декларація","status":"passed","stage":"finished","steps":[],"attachments":[],"parameters":[{"name":"value","value":"1"}],"start":1549531972619,"stop":1549531972716},{"name":"Расчет ожидаемой суммы налога","status":"passed","stage":"finished","steps":[],"attachments":[],"parameters":[{"name":"value1","value":"40.486"},{"name":"value2","value":"85.73"},{"name":"value3","value":"43"},{"name":"value4","value":"108.9321"}],"start":1549531972716,"stop":1549531972717},{"name":"Расчет насчитаной суммы за отчетный период","status":"passed","stage":"finished","steps":[],"attachments":[],"parameters":[{"name":"value1","value":"40.486"},{"name":"value2","value":"85.73"},{"name":"value3","value":"43"},{"name":"value4","value":"108.9321"},{"name":"value5","value":"68.20"}],"start":1549531972717,"stop":1549531972717},{"name":"Вводим в поле \"Назначения платежа\" значание -> \"Бла Бла Тест\"","status":"passed","stage":"finished","steps":[],"attachments":[],"parameters":[{"name":"value","value":"Бла Бла Тест"}],"start":1549531972717,"stop":1549531972981},{"name":"Вводим в поле \"Площа відведеної земельної ділянки\" значание -> \"40.486\"","status":"passed","stage":"finished","steps":[],"attachments":[],"parameters":[{"name":"value","value":"40.486"}],"start":1549531972982,"stop":1549531973552},{"name":"Вводим в поле \"Мінімальна заробітна плата\" значание -> \"85.73\"","status":"passed","stage":"finished","steps":[],"attachments":[],"parameters":[{"name":"value","value":"85.73"}],"start":1549531973553,"stop":1549531974066},{"name":"Вводим в поле \"Кількість днів провадження діяльності\" значание -> \"43\"","status":"passed","stage":"finished","steps":[],"attachments":[],"parameters":[{"name":"value","value":"43"}],"start":1549531974066,"stop":1549531974432},{"name":"Вводим в поле \"Ставка збору\" значание -> \"108.9321\"","status":"passed","stage":"finished","steps":[],"attachments":[],"parameters":[{"name":"value","value":"108.9321"}],"start":1549531974432,"stop":1549531975073},{"name":"Вводим в поле \"Усього нараховано збору\"  значание -> \"68.20\"","status":"passed","stage":"finished","steps":[],"attachments":[],"parameters":[{"name":"value","value":"68.20"}],"start":1549531975073,"stop":1549531975578},{"name":"Вводим в поле \"Нарахована сума збору за даними раніше поданої податкової декларації\" значание -> \"88.55\"","status":"passed","stage":"finished","steps":[],"attachments":[],"parameters":[{"name":"value","value":"88.55"}],"start":1549531975578,"stop":1549531976078},{"name":"Вводим в поле \"Уточнена сума податкових зобов'язань\"  значание -> \"123.456\"","status":"passed","stage":"finished","steps":[],"attachments":[],"parameters":[{"name":"value","value":"123.456"}],"start":1549531976079,"stop":1549531976631},{"name":"Вводим в поле \"Сума штрафу\"  значание -> \"0.55\"","status":"passed","stage":"finished","steps":[],"attachments":[],"parameters":[{"name":"value","value":"0.55"}],"start":1549531976631,"stop":1549531977134},{"name":"Вводим в поле \"Сума пені\"  значание -> \"3.99\"","status":"passed","stage":"finished","steps":[],"attachments":[],"parameters":[{"name":"value","value":"3.99"}],"start":1549531977135,"stop":1549531977598},{"name":"Вводим в поле \"Зміст доповнення\"  значание -> \"Саня, ты в порядке?\"","status":"passed","stage":"finished","steps":[],"attachments":[],"parameters":[{"name":"value","value":"Саня, ты в порядке?"}],"start":1549531977599,"stop":1549531977917},{"name":"Вводим в поле \"Доповнення до декларації\"  значание -> \"37\"","status":"passed","stage":"finished","steps":[],"attachments":[],"parameters":[{"name":"value","value":"37"}],"start":1549531977918,"stop":1549531978104},{"name":"Получить итоговую сумму налогов","status":"passed","stage":"finished","steps":[],"attachments":[],"parameters":[],"start":1549531978104,"stop":1549531978130},{"name":"Получить итоговую сумму налогов за отчетный период","status":"passed","stage":"finished","steps":[],"attachments":[],"parameters":[],"start":1549531978130,"stop":1549531978155},{"name":"Вводим в поле \"Дата заповнення\"  значание -> \"20.01.2018\"","status":"passed","stage":"finished","steps":[],"attachments":[],"parameters":[{"name":"value","value":"20.01.2018"}],"start":1549531978155,"stop":1549531978906},{"name":"Вводим в поле \"Керівник\"  значание -> \"Заслон Сергій Вікторович\"","status":"passed","stage":"finished","steps":[],"attachments":[],"parameters":[{"name":"value","value":"Заслон Сергій Вікторович"}],"start":1549531978906,"stop":1549531979263},{"name":"Вводим в поле \"Реєстраційний номер облікової картки платника\"  значание -> \"3318909879\"","status":"passed","stage":"finished","steps":[],"attachments":[],"parameters":[{"name":"value","value":"3318909879"}],"start":1549531979263,"stop":1549531979500},{"name":"Вводим в поле \"Головний бухгалтер\"  значание -> \"Журба Кирило Вадимович\"","status":"passed","stage":"finished","steps":[],"attachments":[],"parameters":[{"name":"value","value":"Журба Кирило Вадимович"}],"start":1549531979500,"stop":1549531979800},{"name":"Вводим в поле \"Реєстраційний номер облікової картки платника головного бухгалтера\"  значание -> \"3339919793\"","status":"passed","stage":"finished","steps":[],"attachments":[],"parameters":[{"name":"value","value":"3339919793"}],"start":1549531979800,"stop":1549531980026},{"name":"Сохранение текущего отчета","status":"passed","stage":"finished","steps":[],"attachments":[],"parameters":[],"start":1549531980026,"stop":1549531981286},{"name":"Подписать и отправить отчет","status":"broken","statusDetails":{"known":false,"muted":false,"flaky":false,"message":"invalid selector: Compound class names not permitted\n  (Session info: chrome=71.0.3578.98)\n  (Driver info: chromedriver=73.0.3683.20 (8e2b610813e167eee3619ac4ce6e42e3ec622017),platform=Linux 4.15.0-20-generic x86_64) (WARNING: The server did not provide any stacktrace information)\nCommand duration or timeout: 0 milliseconds\nFor documentation on this error, please visit: http://seleniumhq.org/exceptions/invalid_selector_exception.html\nBuild info: version: '3.141.5', revision: 'd54ebd709a', time: '2018-11-06T11:42:16'\nSystem info: host: 'dmitriy-System-Product-Name', ip: '127.0.1.1', os.name: 'Linux', os.arch: 'amd64', os.version: '4.15.0-20-generic', java.version: '1.8.0_191'\nDriver info: org.openqa.selenium.chrome.ChromeDriver\nCapabilities {acceptInsecureCerts: true, acceptSslCerts: true, applicationCacheEnabled: false, browserConnectionEnabled: false, browserName: chrome, chrome: {chromedriverVersion: 73.0.3683.20 (8e2b610813e16..., userDataDir: /tmp/.com.google.Chrome.osqaq0}, cssSelectorsEnabled: true, databaseEnabled: false, goog:chromeOptions: {debuggerAddress: localhost:46153}, handlesAlerts: true, hasTouchScreen: false, javascriptEnabled: true, locationContextEnabled: true, mobileEmulationEnabled: false, nativeEvents: true, networkConnectionEnabled: false, pageLoadStrategy: normal, platform: LINUX, platformName: LINUX, proxy: Proxy(), rotatable: false, setWindowRect: true, strictFileInteractability: false, takesHeapSnapshot: true, takesScreenshot: true, timeouts: {implicit: 0, pageLoad: 300000, script: 30000}, unexpectedAlertBehaviour: ignore, unhandledPromptBehavior: ignore, version: 71.0.3578.98, webStorageEnabled: true}\nSession ID: e3e9050e2a0a097bffc597ffd193587e\n*** Element info: {Using=class name, value=class='btn btn-green}","trace":"org.openqa.selenium.InvalidSelectorException: invalid selector: Compound class names not permitted\n  (Session info: chrome=71.0.3578.98)\n  (Driver info: chromedriver=73.0.3683.20 (8e2b610813e167eee3619ac4ce6e42e3ec622017),platform=Linux 4.15.0-20-generic x86_64) (WARNING: The server did not provide any stacktrace information)\nCommand duration or timeout: 0 milliseconds\nFor documentation on this error, please visit: http://seleniumhq.org/exceptions/invalid_selector_exception.html\nBuild info: version: '3.141.5', revision: 'd54ebd709a', time: '2018-11-06T11:42:16'\nSystem info: host: 'dmitriy-System-Product-Name', ip: '127.0.1.1', os.name: 'Linux', os.arch: 'amd64', os.version: '4.15.0-20-generic', java.version: '1.8.0_191'\nDriver info: org.openqa.selenium.chrome.ChromeDriver\nCapabilities {acceptInsecureCerts: true, acceptSslCerts: true, applicationCacheEnabled: false, browserConnectionEnabled: false, browserName: chrome, chrome: {chromedriverVersion: 73.0.3683.20 (8e2b610813e16..., userDataDir: /tmp/.com.google.Chrome.osqaq0}, cssSelectorsEnabled: true, databaseEnabled: false, goog:chromeOptions: {debuggerAddress: localhost:46153}, handlesAlerts: true, hasTouchScreen: false, javascriptEnabled: true, locationContextEnabled: true, mobileEmulationEnabled: false, nativeEvents: true, networkConnectionEnabled: false, pageLoadStrategy: normal, platform: LINUX, platformName: LINUX, proxy: Proxy(), rotatable: false, setWindowRect: true, strictFileInteractability: false, takesHeapSnapshot: true, takesScreenshot: true, timeouts: {implicit: 0, pageLoad: 300000, script: 30000}, unexpectedAlertBehaviour: ignore, unhandledPromptBehavior: ignore, version: 71.0.3578.98, webStorageEnabled: true}\nSession ID: e3e9050e2a0a097bffc597ffd193587e\n*** Element info: {Using=class name, value=class='btn btn-green}\n\tat sun.reflect.NativeConstructorAccessorImpl.newInstance0(Native Method)\n\tat sun.reflect.NativeConstructorAccessorImpl.newInstance(NativeConstructorAccessorImpl.java:62)\n\tat sun.reflect.DelegatingConstructorAccessorImpl.newInstance(DelegatingConstructorAccessorImpl.java:45)\n\tat java.lang.reflect.Constructor.newInstance(Constructor.java:423)\n\tat org.openqa.selenium.remote.ErrorHandler.createThrowable(ErrorHandler.java:214)\n\tat org.openqa.selenium.remote.ErrorHandler.throwIfResponseFailed(ErrorHandler.java:166)\n\tat org.openqa.selenium.remote.http.JsonHttpResponseCodec.reconstructValue(JsonHttpResponseCodec.java:40)\n\tat org.openqa.selenium.remote.http.AbstractHttpResponseCodec.decode(AbstractHttpResponseCodec.java:80)\n\tat org.openqa.selenium.remote.http.AbstractHttpResponseCodec.decode(AbstractHttpResponseCodec.java:44)\n\tat org.openqa.selenium.remote.HttpCommandExecutor.execute(HttpCommandExecutor.java:158)\n\tat org.openqa.selenium.remote.service.DriverCommandExecutor.execute(DriverCommandExecutor.java:83)\n\tat org.openqa.selenium.remote.RemoteWebDriver.execute(RemoteWebDriver.java:552)\n\tat org.openqa.selenium.remote.RemoteWebDriver.findElement(RemoteWebDriver.java:323)\n\tat org.openqa.selenium.remote.RemoteWebDriver.findElementByClassName(RemoteWebDriver.java:412)\n\tat org.openqa.selenium.By$ByClassName.findElement(By.java:389)\n\tat org.openqa.selenium.remote.RemoteWebDriver.findElement(RemoteWebDriver.java:315)\n\tat com.codeborne.selenide.impl.WebElementSelector.findElement(WebElementSelector.java:28)\n\tat com.codeborne.selenide.impl.ElementFinder.getWebElement(ElementFinder.java:74)\n\tat com.codeborne.selenide.impl.WebElementSource.checkCondition(WebElementSource.java:47)\n\tat com.codeborne.selenide.impl.WebElementSource.findAndAssertElementIsVisible(WebElementSource.java:75)\n\tat com.codeborne.selenide.commands.Click.execute(Click.java:13)\n\tat com.codeborne.selenide.commands.Click.execute(Click.java:9)\n\tat com.codeborne.selenide.commands.Commands.execute(Commands.java:144)\n\tat com.codeborne.selenide.impl.SelenideElementProxy.dispatchAndRetry(SelenideElementProxy.java:99)\n\tat com.codeborne.selenide.impl.SelenideElementProxy.invoke(SelenideElementProxy.java:65)\n\tat com.sun.proxy.$Proxy16.click(Unknown Source)\n\tat pages.CreateReportDeclaration.subscribeAndSendReport_aroundBody70(CreateReportDeclaration.java:370)\n\tat pages.CreateReportDeclaration$AjcClosure71.run(CreateReportDeclaration.java:1)\n\tat org.aspectj.runtime.reflect.JoinPointImpl.proceed(JoinPointImpl.java:149)\n\tat io.qameta.allure.aspects.StepsAspects.step(StepsAspects.java:50)\n\tat pages.CreateReportDeclaration.subscribeAndSendReport(CreateReportDeclaration.java:364)\n\tat tests.TestRunner.createNewReportDeclaration(TestRunner.java:274)\n\tat sun.reflect.NativeMethodAccessorImpl.invoke0(Native Method)\n\tat sun.reflect.NativeMethodAccessorImpl.invoke(NativeMethodAccessorImpl.java:62)\n\tat sun.reflect.DelegatingMethodAccessorImpl.invoke(DelegatingMethodAccessorImpl.java:43)\n\tat java.lang.reflect.Method.invoke(Method.java:498)\n\tat org.testng.internal.MethodInvocationHelper.invokeMethod(MethodInvocationHelper.java:131)\n\tat org.testng.internal.Invoker.invokeMethod(Invoker.java:658)\n\tat org.testng.internal.Invoker.invokeTestMethod(Invoker.java:792)\n\tat org.testng.internal.Invoker.invokeTestMethods(Invoker.java:1103)\n\tat org.testng.internal.TestMethodWorker.invokeTestMethods(TestMethodWorker.java:140)\n\tat org.testng.internal.TestMethodWorker.run(TestMethodWorker.java:122)\n\tat org.testng.TestRunner.privateRun(TestRunner.java:739)\n\tat org.testng.TestRunner.run(TestRunner.java:589)\n\tat org.testng.SuiteRunner.runTest(SuiteRunner.java:398)\n\tat org.testng.SuiteRunner.runSequentially(SuiteRunner.java:392)\n\tat org.testng.SuiteRunner.privateRun(SuiteRunner.java:354)\n\tat org.testng.SuiteRunner.run(SuiteRunner.java:302)\n\tat org.testng.SuiteRunnerWorker.runSuite(SuiteRunnerWorker.java:53)\n\tat org.testng.SuiteRunnerWorker.run(SuiteRunnerWorker.java:96)\n\tat org.testng.TestNG.runSuitesSequentially(TestNG.java:1145)\n\tat org.testng.TestNG.runSuitesLocally(TestNG.java:1067)\n\tat org.testng.TestNG.runSuites(TestNG.java:997)\n\tat org.testng.TestNG.run(TestNG.java:965)\n\tat org.testng.IDEARemoteTestNG.run(IDEARemoteTestNG.java:72)\n\tat org.testng.RemoteTestNGStarter.main(RemoteTestNGStarter.java:123)\n"},"stage":"finished","steps":[],"attachments":[],"parameters":[],"start":1549531981286,"stop":1549532004025}],"attachments":[{"name":"screenshot","source":"047222bf-e69c-4852-8025-90f335e702c3-attachment","type":"img/png"}],"parameters":[],"start":1549531963008,"stop":1549532004255,"uuid":"57290f23-b904-4e3e-af0d-ab4bea9855a4","historyId":"8cca2149c448b5db716ca7d6bf1c35d8","fullName":"tests.TestRunner.createNewReportDeclaration","labels":[{"name":"package","value":"tests.TestRunner"},{"name":"testClass","value":"tests.TestRunner"},{"name":"testMethod","value":"createNewReportDeclaration"},{"name":"parentSuite","value":"Default Suite"},{"name":"suite","value":"eDocumentsAndReports"},{"name":"subSuite","value":"tests.TestRunner"},{"name":"host","value":"dmitriy-System-Product-Name"},{"name":"thread","value":"7922@dmitriy-System-Product-Name.main(1)"},{"name":"feature","value":"Тестирование документов"},{"name":"story","value":"Создание документа (позитивный сценарий)"}],"links":[]}