{"name":"checkCopyDoc","status":"failed","statusDetails":{"known":false,"muted":false,"flaky":false,"message":"Разные документы did not expect to find [228228] but found [228]","trace":"java.lang.AssertionError: Разные документы did not expect to find [228228] but found [228]\n\tat org.testng.Assert.fail(Assert.java:97)\n\tat org.testng.Assert.failNotEquals(Assert.java:969)\n\tat org.testng.Assert.assertEqualsImpl(Assert.java:136)\n\tat org.testng.Assert.assertEquals(Assert.java:118)\n\tat org.testng.Assert.assertEquals(Assert.java:575)\n\tat pages.DocumentTypesListPage.checkTwoRows_aroundBody14(DocumentTypesListPage.java:155)\n\tat pages.DocumentTypesListPage$AjcClosure15.run(DocumentTypesListPage.java:1)\n\tat org.aspectj.runtime.reflect.JoinPointImpl.proceed(JoinPointImpl.java:149)\n\tat io.qameta.allure.aspects.StepsAspects.step(StepsAspects.java:50)\n\tat pages.DocumentTypesListPage.checkTwoRows(DocumentTypesListPage.java:145)\n\tat tests.TestRunner.checkCopyDoc(TestRunner.java:107)\n\tat sun.reflect.NativeMethodAccessorImpl.invoke0(Native Method)\n\tat sun.reflect.NativeMethodAccessorImpl.invoke(NativeMethodAccessorImpl.java:62)\n\tat sun.reflect.DelegatingMethodAccessorImpl.invoke(DelegatingMethodAccessorImpl.java:43)\n\tat java.lang.reflect.Method.invoke(Method.java:498)\n\tat org.testng.internal.MethodInvocationHelper.invokeMethod(MethodInvocationHelper.java:131)\n\tat org.testng.internal.Invoker.invokeMethod(Invoker.java:658)\n\tat org.testng.internal.Invoker.invokeTestMethod(Invoker.java:792)\n\tat org.testng.internal.Invoker.invokeTestMethods(Invoker.java:1103)\n\tat org.testng.internal.TestMethodWorker.invokeTestMethods(TestMethodWorker.java:140)\n\tat org.testng.internal.TestMethodWorker.run(TestMethodWorker.java:122)\n\tat org.testng.TestRunner.privateRun(TestRunner.java:739)\n\tat org.testng.TestRunner.run(TestRunner.java:589)\n\tat org.testng.SuiteRunner.runTest(SuiteRunner.java:398)\n\tat org.testng.SuiteRunner.runSequentially(SuiteRunner.java:392)\n\tat org.testng.SuiteRunner.privateRun(SuiteRunner.java:354)\n\tat org.testng.SuiteRunner.run(SuiteRunner.java:302)\n\tat org.testng.SuiteRunnerWorker.runSuite(SuiteRunnerWorker.java:53)\n\tat org.testng.SuiteRunnerWorker.run(SuiteRunnerWorker.java:96)\n\tat org.testng.TestNG.runSuitesSequentially(TestNG.java:1145)\n\tat org.testng.TestNG.runSuitesLocally(TestNG.java:1067)\n\tat org.testng.TestNG.runSuites(TestNG.java:997)\n\tat org.testng.TestNG.run(TestNG.java:965)\n\tat org.testng.IDEARemoteTestNG.run(IDEARemoteTestNG.java:72)\n\tat org.testng.RemoteTestNGStarter.main(RemoteTestNGStarter.java:123)\n"},"stage":"finished","steps":[{"name":"Переход на страницу создания документа","status":"passed","stage":"finished","steps":[],"attachments":[],"parameters":[{"name":"nameStep","value":"Переход на страницу создания документа"}],"start":1549271619414,"stop":1549271619415},{"name":"Перейти на страницу со 'Создать новый тип'","status":"passed","stage":"finished","steps":[{"name":"Закрыть вкладку {nameTitle}: и переключиться на основную","status":"passed","stage":"finished","steps":[],"attachments":[],"parameters":[{"name":"nameTittle","value":"Конструктор отчетов"}],"start":1549271619908,"stop":1549271622320}],"attachments":[],"parameters":[],"start":1549271619538,"stop":1549271622321},{"name":"Создания документа","status":"passed","stage":"finished","steps":[],"attachments":[],"parameters":[{"name":"nameStep","value":"Создания документа"}],"start":1549271622321,"stop":1549271622322},{"name":"Создание нового типа документа с версией","status":"passed","stage":"finished","steps":[],"attachments":[],"parameters":[],"start":1549271622322,"stop":1549271623406},{"name":"Переход на главную страницу","status":"passed","stage":"finished","steps":[],"attachments":[],"parameters":[],"start":1549271623406,"stop":1549271623848},{"name":"Перейти на страницу со списком отчетных докуметов","status":"passed","stage":"finished","steps":[{"name":"Закрыть вкладку {nameTitle}: и переключиться на основную","status":"passed","stage":"finished","steps":[],"attachments":[],"parameters":[{"name":"nameTittle","value":"Конструктор отчетов"}],"start":1549271623946,"stop":1549271624358}],"attachments":[],"parameters":[],"start":1549271623849,"stop":1549271624359},{"name":"Проверка поиска по значению bla_name_111342323","status":"passed","stage":"finished","steps":[],"attachments":[],"parameters":[{"name":"value","value":"bla_name_111342323"}],"start":1549271624359,"stop":1549271625372},{"name":"Создание копии документа","status":"passed","stage":"finished","steps":[{"name":"Закрыть вкладку {nameTitle}: и переключиться на основную","status":"passed","stage":"finished","steps":[],"attachments":[],"parameters":[{"name":"nameTittle","value":"Типы документов"}],"start":1549271625579,"stop":1549271625946}],"attachments":[],"parameters":[{"name":"valueForCopy","value":"bla_name_111342323"}],"start":1549271625373,"stop":1549271625946},{"name":"Сохранить текущий документ","status":"passed","stage":"finished","steps":[],"attachments":[],"parameters":[],"start":1549271625946,"stop":1549271626083},{"name":"Переход на главную страницу","status":"passed","stage":"finished","steps":[],"attachments":[],"parameters":[],"start":1549271626083,"stop":1549271626746},{"name":"Перейти на страницу со списком отчетных докуметов","status":"passed","stage":"finished","steps":[{"name":"Закрыть вкладку {nameTitle}: и переключиться на основную","status":"passed","stage":"finished","steps":[],"attachments":[],"parameters":[{"name":"nameTittle","value":"Конструктор отчетов"}],"start":1549271626832,"stop":1549271627065}],"attachments":[],"parameters":[],"start":1549271626746,"stop":1549271627066},{"name":"Проверка поиска по значению bla_name_111342323","status":"passed","stage":"finished","steps":[],"attachments":[],"parameters":[{"name":"value","value":"bla_name_111342323"}],"start":1549271627066,"stop":1549271628242},{"name":"Проверка документов после копирования","status":"failed","statusDetails":{"known":false,"muted":false,"flaky":false,"message":"Разные документы did not expect to find [228228] but found [228]","trace":"java.lang.AssertionError: Разные документы did not expect to find [228228] but found [228]\n\tat org.testng.Assert.fail(Assert.java:97)\n\tat org.testng.Assert.failNotEquals(Assert.java:969)\n\tat org.testng.Assert.assertEqualsImpl(Assert.java:136)\n\tat org.testng.Assert.assertEquals(Assert.java:118)\n\tat org.testng.Assert.assertEquals(Assert.java:575)\n\tat pages.DocumentTypesListPage.checkTwoRows_aroundBody14(DocumentTypesListPage.java:155)\n\tat pages.DocumentTypesListPage$AjcClosure15.run(DocumentTypesListPage.java:1)\n\tat org.aspectj.runtime.reflect.JoinPointImpl.proceed(JoinPointImpl.java:149)\n\tat io.qameta.allure.aspects.StepsAspects.step(StepsAspects.java:50)\n\tat pages.DocumentTypesListPage.checkTwoRows(DocumentTypesListPage.java:145)\n\tat tests.TestRunner.checkCopyDoc(TestRunner.java:107)\n\tat sun.reflect.NativeMethodAccessorImpl.invoke0(Native Method)\n\tat sun.reflect.NativeMethodAccessorImpl.invoke(NativeMethodAccessorImpl.java:62)\n\tat sun.reflect.DelegatingMethodAccessorImpl.invoke(DelegatingMethodAccessorImpl.java:43)\n\tat java.lang.reflect.Method.invoke(Method.java:498)\n\tat org.testng.internal.MethodInvocationHelper.invokeMethod(MethodInvocationHelper.java:131)\n\tat org.testng.internal.Invoker.invokeMethod(Invoker.java:658)\n\tat org.testng.internal.Invoker.invokeTestMethod(Invoker.java:792)\n\tat org.testng.internal.Invoker.invokeTestMethods(Invoker.java:1103)\n\tat org.testng.internal.TestMethodWorker.invokeTestMethods(TestMethodWorker.java:140)\n\tat org.testng.internal.TestMethodWorker.run(TestMethodWorker.java:122)\n\tat org.testng.TestRunner.privateRun(TestRunner.java:739)\n\tat org.testng.TestRunner.run(TestRunner.java:589)\n\tat org.testng.SuiteRunner.runTest(SuiteRunner.java:398)\n\tat org.testng.SuiteRunner.runSequentially(SuiteRunner.java:392)\n\tat org.testng.SuiteRunner.privateRun(SuiteRunner.java:354)\n\tat org.testng.SuiteRunner.run(SuiteRunner.java:302)\n\tat org.testng.SuiteRunnerWorker.runSuite(SuiteRunnerWorker.java:53)\n\tat org.testng.SuiteRunnerWorker.run(SuiteRunnerWorker.java:96)\n\tat org.testng.TestNG.runSuitesSequentially(TestNG.java:1145)\n\tat org.testng.TestNG.runSuitesLocally(TestNG.java:1067)\n\tat org.testng.TestNG.runSuites(TestNG.java:997)\n\tat org.testng.TestNG.run(TestNG.java:965)\n\tat org.testng.IDEARemoteTestNG.run(IDEARemoteTestNG.java:72)\n\tat org.testng.RemoteTestNGStarter.main(RemoteTestNGStarter.java:123)\n"},"stage":"finished","steps":[],"attachments":[],"parameters":[],"start":1549271628243,"stop":1549271628438}],"attachments":[{"name":"screenshot","source":"aaba0504-b318-4cf6-92b1-d502c361fb73-attachment","type":"img/png"}],"parameters":[],"start":1549271619411,"stop":1549271628625,"uuid":"598baead-8b57-4933-b204-ac61532c5c69","historyId":"1c7aec11e4493230b141beda0a637a20","fullName":"tests.TestRunner.checkCopyDoc","labels":[{"name":"package","value":"tests.TestRunner"},{"name":"testClass","value":"tests.TestRunner"},{"name":"testMethod","value":"checkCopyDoc"},{"name":"parentSuite","value":"Default Suite"},{"name":"suite","value":"eDocumentsAndReports"},{"name":"subSuite","value":"tests.TestRunner"},{"name":"host","value":"dmitriy-System-Product-Name"},{"name":"thread","value":"24255@dmitriy-System-Product-Name.main(1)"},{"name":"feature","value":"Тестирование документов"},{"name":"story","value":"Проверка создания копии документа"}],"links":[]}