{"name":"Создать новый документ","status":"broken","statusDetails":{"known":false,"muted":false,"flaky":false,"message":"invalid selector: Unable to locate an element with the xpath expression (//*[@class='btn_save p24_btn_green')[1]] because of the following error:\nSyntaxError: Failed to execute 'evaluate' on 'Document': The string '(//*[@class='btn_save p24_btn_green')[1]]' is not a valid XPath expression.\n  (Session info: chrome=71.0.3578.98)\n  (Driver info: chromedriver=73.0.3683.20 (8e2b610813e167eee3619ac4ce6e42e3ec622017),platform=Linux 4.15.0-20-generic x86_64) (WARNING: The server did not provide any stacktrace information)\nCommand duration or timeout: 0 milliseconds\nFor documentation on this error, please visit: http://seleniumhq.org/exceptions/invalid_selector_exception.html\nBuild info: version: '3.141.5', revision: 'd54ebd709a', time: '2018-11-06T11:42:16'\nSystem info: host: 'dmitriy-System-Product-Name', ip: '127.0.1.1', os.name: 'Linux', os.arch: 'amd64', os.version: '4.15.0-20-generic', java.version: '1.8.0_191'\nDriver info: org.openqa.selenium.chrome.ChromeDriver\nCapabilities {acceptInsecureCerts: false, acceptSslCerts: false, applicationCacheEnabled: false, browserConnectionEnabled: false, browserName: chrome, chrome: {chromedriverVersion: 73.0.3683.20 (8e2b610813e16..., userDataDir: /tmp/.com.google.Chrome.W5342w}, cssSelectorsEnabled: true, databaseEnabled: false, goog:chromeOptions: {debuggerAddress: localhost:33397}, handlesAlerts: true, hasTouchScreen: false, javascriptEnabled: true, locationContextEnabled: true, mobileEmulationEnabled: false, nativeEvents: true, networkConnectionEnabled: false, pageLoadStrategy: normal, platform: LINUX, platformName: LINUX, proxy: Proxy(), rotatable: false, setWindowRect: true, strictFileInteractability: false, takesHeapSnapshot: true, takesScreenshot: true, timeouts: {implicit: 0, pageLoad: 300000, script: 30000}, unexpectedAlertBehaviour: ignore, unhandledPromptBehavior: ignore, version: 71.0.3578.98, webStorageEnabled: true}\nSession ID: 55eb74c9fd7199f0562b1f3207936473\n*** Element info: {Using=xpath, value=(//*[@class='btn_save p24_btn_green')[1]]}","trace":"org.openqa.selenium.InvalidSelectorException: invalid selector: Unable to locate an element with the xpath expression (//*[@class='btn_save p24_btn_green')[1]] because of the following error:\nSyntaxError: Failed to execute 'evaluate' on 'Document': The string '(//*[@class='btn_save p24_btn_green')[1]]' is not a valid XPath expression.\n  (Session info: chrome=71.0.3578.98)\n  (Driver info: chromedriver=73.0.3683.20 (8e2b610813e167eee3619ac4ce6e42e3ec622017),platform=Linux 4.15.0-20-generic x86_64) (WARNING: The server did not provide any stacktrace information)\nCommand duration or timeout: 0 milliseconds\nFor documentation on this error, please visit: http://seleniumhq.org/exceptions/invalid_selector_exception.html\nBuild info: version: '3.141.5', revision: 'd54ebd709a', time: '2018-11-06T11:42:16'\nSystem info: host: 'dmitriy-System-Product-Name', ip: '127.0.1.1', os.name: 'Linux', os.arch: 'amd64', os.version: '4.15.0-20-generic', java.version: '1.8.0_191'\nDriver info: org.openqa.selenium.chrome.ChromeDriver\nCapabilities {acceptInsecureCerts: false, acceptSslCerts: false, applicationCacheEnabled: false, browserConnectionEnabled: false, browserName: chrome, chrome: {chromedriverVersion: 73.0.3683.20 (8e2b610813e16..., userDataDir: /tmp/.com.google.Chrome.W5342w}, cssSelectorsEnabled: true, databaseEnabled: false, goog:chromeOptions: {debuggerAddress: localhost:33397}, handlesAlerts: true, hasTouchScreen: false, javascriptEnabled: true, locationContextEnabled: true, mobileEmulationEnabled: false, nativeEvents: true, networkConnectionEnabled: false, pageLoadStrategy: normal, platform: LINUX, platformName: LINUX, proxy: Proxy(), rotatable: false, setWindowRect: true, strictFileInteractability: false, takesHeapSnapshot: true, takesScreenshot: true, timeouts: {implicit: 0, pageLoad: 300000, script: 30000}, unexpectedAlertBehaviour: ignore, unhandledPromptBehavior: ignore, version: 71.0.3578.98, webStorageEnabled: true}\nSession ID: 55eb74c9fd7199f0562b1f3207936473\n*** Element info: {Using=xpath, value=(//*[@class='btn_save p24_btn_green')[1]]}\n\tat sun.reflect.NativeConstructorAccessorImpl.newInstance0(Native Method)\n\tat sun.reflect.NativeConstructorAccessorImpl.newInstance(NativeConstructorAccessorImpl.java:62)\n\tat sun.reflect.DelegatingConstructorAccessorImpl.newInstance(DelegatingConstructorAccessorImpl.java:45)\n\tat java.lang.reflect.Constructor.newInstance(Constructor.java:423)\n\tat org.openqa.selenium.remote.ErrorHandler.createThrowable(ErrorHandler.java:214)\n\tat org.openqa.selenium.remote.ErrorHandler.throwIfResponseFailed(ErrorHandler.java:166)\n\tat org.openqa.selenium.remote.http.JsonHttpResponseCodec.reconstructValue(JsonHttpResponseCodec.java:40)\n\tat org.openqa.selenium.remote.http.AbstractHttpResponseCodec.decode(AbstractHttpResponseCodec.java:80)\n\tat org.openqa.selenium.remote.http.AbstractHttpResponseCodec.decode(AbstractHttpResponseCodec.java:44)\n\tat org.openqa.selenium.remote.HttpCommandExecutor.execute(HttpCommandExecutor.java:158)\n\tat org.openqa.selenium.remote.service.DriverCommandExecutor.execute(DriverCommandExecutor.java:83)\n\tat org.openqa.selenium.remote.RemoteWebDriver.execute(RemoteWebDriver.java:552)\n\tat org.openqa.selenium.remote.RemoteWebDriver.findElement(RemoteWebDriver.java:323)\n\tat org.openqa.selenium.remote.RemoteWebDriver.findElementByXPath(RemoteWebDriver.java:428)\n\tat org.openqa.selenium.By$ByXPath.findElement(By.java:353)\n\tat org.openqa.selenium.remote.RemoteWebDriver.findElement(RemoteWebDriver.java:315)\n\tat com.codeborne.selenide.impl.WebElementSelector.findElement(WebElementSelector.java:28)\n\tat com.codeborne.selenide.impl.ElementFinder.getWebElement(ElementFinder.java:74)\n\tat com.codeborne.selenide.impl.WebElementSource.checkCondition(WebElementSource.java:47)\n\tat com.codeborne.selenide.impl.WebElementSource.findAndAssertElementIsVisible(WebElementSource.java:75)\n\tat com.codeborne.selenide.commands.Click.execute(Click.java:13)\n\tat com.codeborne.selenide.commands.Click.execute(Click.java:9)\n\tat com.codeborne.selenide.commands.Commands.execute(Commands.java:144)\n\tat com.codeborne.selenide.impl.SelenideElementProxy.dispatchAndRetry(SelenideElementProxy.java:99)\n\tat com.codeborne.selenide.impl.SelenideElementProxy.invoke(SelenideElementProxy.java:65)\n\tat com.sun.proxy.$Proxy16.click(Unknown Source)\n\tat pages.CreateReportDeclaration.saveReport_aroundBody68(CreateReportDeclaration.java:352)\n\tat pages.CreateReportDeclaration$AjcClosure69.run(CreateReportDeclaration.java:1)\n\tat org.aspectj.runtime.reflect.JoinPointImpl.proceed(JoinPointImpl.java:149)\n\tat io.qameta.allure.aspects.StepsAspects.step(StepsAspects.java:50)\n\tat pages.CreateReportDeclaration.saveReport(CreateReportDeclaration.java:351)\n\tat tests.TestRunner.createNewReportDeclaration(TestRunner.java:273)\n\tat sun.reflect.NativeMethodAccessorImpl.invoke0(Native Method)\n\tat sun.reflect.NativeMethodAccessorImpl.invoke(NativeMethodAccessorImpl.java:62)\n\tat sun.reflect.DelegatingMethodAccessorImpl.invoke(DelegatingMethodAccessorImpl.java:43)\n\tat java.lang.reflect.Method.invoke(Method.java:498)\n\tat org.testng.internal.MethodInvocationHelper.invokeMethod(MethodInvocationHelper.java:131)\n\tat org.testng.internal.Invoker.invokeMethod(Invoker.java:658)\n\tat org.testng.internal.Invoker.invokeTestMethod(Invoker.java:792)\n\tat org.testng.internal.Invoker.invokeTestMethods(Invoker.java:1103)\n\tat org.testng.internal.TestMethodWorker.invokeTestMethods(TestMethodWorker.java:140)\n\tat org.testng.internal.TestMethodWorker.run(TestMethodWorker.java:122)\n\tat org.testng.TestRunner.privateRun(TestRunner.java:739)\n\tat org.testng.TestRunner.run(TestRunner.java:589)\n\tat org.testng.SuiteRunner.runTest(SuiteRunner.java:398)\n\tat org.testng.SuiteRunner.runSequentially(SuiteRunner.java:392)\n\tat org.testng.SuiteRunner.privateRun(SuiteRunner.java:354)\n\tat org.testng.SuiteRunner.run(SuiteRunner.java:302)\n\tat org.testng.SuiteRunnerWorker.runSuite(SuiteRunnerWorker.java:53)\n\tat org.testng.SuiteRunnerWorker.run(SuiteRunnerWorker.java:96)\n\tat org.testng.TestNG.runSuitesSequentially(TestNG.java:1145)\n\tat org.testng.TestNG.runSuitesLocally(TestNG.java:1067)\n\tat org.testng.TestNG.runSuites(TestNG.java:997)\n\tat org.testng.TestNG.run(TestNG.java:965)\n\tat org.testng.IDEARemoteTestNG.run(IDEARemoteTestNG.java:72)\n\tat org.testng.RemoteTestNGStarter.main(RemoteTestNGStarter.java:123)\n"},"stage":"finished","steps":[{"name":"Перейти в список документов","status":"passed","stage":"finished","steps":[],"attachments":[],"parameters":[{"name":"nameStep","value":"Перейти в список документов"}],"start":1549529353557,"stop":1549529353558},{"name":"Перейти на страницу со списком отчетных докуметов","status":"passed","stage":"finished","steps":[{"name":"Закрыть вкладку {nameTitle}: и переключиться на основную","status":"passed","stage":"finished","steps":[],"attachments":[],"parameters":[{"name":"nameTittle","value":"Конструктор отчетов"}],"start":1549529353880,"stop":1549529354233}],"attachments":[],"parameters":[],"start":1549529353599,"stop":1549529354234},{"name":"Проверка правильнрости перехода","status":"passed","stage":"finished","steps":[],"attachments":[],"parameters":[{"name":"nameStep","value":"Проверка правильнрости перехода"}],"start":1549529354235,"stop":1549529354239},{"name":"Проверка страницы \"Типы документов\"","status":"passed","stage":"finished","steps":[],"attachments":[],"parameters":[],"start":1549529354240,"stop":1549529355757},{"name":"Поиск документа с формой \"J0301206\"","status":"passed","stage":"finished","steps":[],"attachments":[],"parameters":[{"name":"nameStep","value":"Поиск документа с формой \"J0301206\""}],"start":1549529355758,"stop":1549529355758},{"name":"Проверка поиска по значению \"0301206\"","status":"passed","stage":"finished","steps":[],"attachments":[],"parameters":[{"name":"value","value":"0301206"}],"start":1549529355758,"stop":1549529358502},{"name":"Открытие документа","status":"passed","stage":"finished","steps":[{"name":"Закрыть вкладку {nameTitle}: и переключиться на основную","status":"passed","stage":"finished","steps":[],"attachments":[],"parameters":[{"name":"nameTittle","value":"Типы документов"}],"start":1549529358722,"stop":1549529359027}],"attachments":[],"parameters":[{"name":"value","value":"0301206"}],"start":1549529358503,"stop":1549529359033},{"name":"Перейти на создание докумета","status":"passed","stage":"finished","steps":[{"name":"Закрыть вкладку {nameTitle}: и переключиться на основную","status":"passed","stage":"finished","steps":[],"attachments":[],"parameters":[{"name":"nameTittle","value":"Тип документа: 218"}],"start":1549529359376,"stop":1549529359509}],"attachments":[],"parameters":[],"start":1549529359033,"stop":1549529359510},{"name":"Открыть редактирование документа","status":"passed","stage":"finished","steps":[],"attachments":[],"parameters":[],"start":1549529359510,"stop":1549529360347},{"name":"Вводим в поле \"Порядковий N за рік\" значание -> \"7\"","status":"passed","stage":"finished","steps":[],"attachments":[],"parameters":[{"name":"value","value":"7"}],"start":1549529360536,"stop":1549529360675},{"name":"Вводим в поле \"Рік\" 2018","status":"passed","stage":"finished","steps":[],"attachments":[],"parameters":[{"name":"value","value":"2018"}],"start":1549529360676,"stop":1549529360818},{"name":"Вводим в поле \"Платник податку\" значание -> \"Приватне підприємство \"ЛІТАК\"\"","status":"passed","stage":"finished","steps":[],"attachments":[],"parameters":[{"name":"value","value":"Приватне підприємство \"ЛІТАК\""}],"start":1549529360819,"stop":1549529361114},{"name":"Вводим в поле \"Податковий номер платника податків3 або серія та номер паспорта\" значание -> \"34554355\"","status":"passed","stage":"finished","steps":[],"attachments":[],"parameters":[{"name":"value","value":"34554355"}],"start":1549529361114,"stop":1549529361284},{"name":"Вводим в поле \"код виду економічної діяльності (КВЕД)\"  значание -> \"01.63\"","status":"passed","stage":"finished","steps":[],"attachments":[],"parameters":[{"name":"value","value":"01.63"}],"start":1549529361285,"stop":1549529361444},{"name":"Вводим в поле \"поштовий індекс\"  значание -> \"19203\"","status":"passed","stage":"finished","steps":[],"attachments":[],"parameters":[{"name":"value","value":"19203"}],"start":1549529361445,"stop":1549529361609},{"name":"Вводим в поле \"міжміський код\"  значание -> \"55888\"","status":"passed","stage":"finished","steps":[],"attachments":[],"parameters":[{"name":"value","value":"55888"}],"start":1549529361609,"stop":1549529361755},{"name":"Вводим в поле \"телефон\"  значание -> \"+380677787141\"","status":"passed","stage":"finished","steps":[],"attachments":[],"parameters":[{"name":"value","value":"+380677787141"}],"start":1549529361755,"stop":1549529361961},{"name":"Вводим в поле \"факс\"  значание -> \"777555\"","status":"passed","stage":"finished","steps":[],"attachments":[],"parameters":[{"name":"value","value":"777555"}],"start":1549529361961,"stop":1549529362115},{"name":"Вводим в поле \"податкова адреса\"  значание -> \"вул. Леніна, буд. 22, оф. 57, м. Жашків, Жашківський р-н, Черкаська обл., 19203\"","status":"passed","stage":"finished","steps":[],"attachments":[],"parameters":[{"name":"value","value":"вул. Леніна, буд. 22, оф. 57, м. Жашків, Жашківський р-н, Черкаська обл., 19203"}],"start":1549529362115,"stop":1549529362743},{"name":"Вводим в поле \"email\"  значание -> \"willows@ua.fm\"","status":"passed","stage":"finished","steps":[],"attachments":[],"parameters":[{"name":"value","value":"willows@ua.fm"}],"start":1549529362744,"stop":1549529362956},{"name":"Обираемо контролюючий орган, до якого подається податкова декларація","status":"passed","stage":"finished","steps":[],"attachments":[],"parameters":[{"name":"value","value":"1"}],"start":1549529362956,"stop":1549529363042},{"name":"Расчет ожидаемой суммы налога","status":"passed","stage":"finished","steps":[],"attachments":[],"parameters":[{"name":"value1","value":"41.196"},{"name":"value2","value":"60.98"},{"name":"value3","value":"107"},{"name":"value4","value":"39.7480"}],"start":1549529363043,"stop":1549529363043},{"name":"Расчет насчитаной суммы за отчетный период","status":"passed","stage":"finished","steps":[],"attachments":[],"parameters":[{"name":"value1","value":"41.196"},{"name":"value2","value":"60.98"},{"name":"value3","value":"107"},{"name":"value4","value":"39.7480"},{"name":"value5","value":"79.23"}],"start":1549529363043,"stop":1549529363044},{"name":"Вводим в поле \"Назначения платежа\" значание -> \"Бла Бла Тест\"","status":"passed","stage":"finished","steps":[],"attachments":[],"parameters":[{"name":"value","value":"Бла Бла Тест"}],"start":1549529363044,"stop":1549529363303},{"name":"Вводим в поле \"Площа відведеної земельної ділянки\" значание -> \"41.196\"","status":"passed","stage":"finished","steps":[],"attachments":[],"parameters":[{"name":"value","value":"41.196"}],"start":1549529363304,"stop":1549529363946},{"name":"Вводим в поле \"Мінімальна заробітна плата\" значание -> \"60.98\"","status":"passed","stage":"finished","steps":[],"attachments":[],"parameters":[{"name":"value","value":"60.98"}],"start":1549529363950,"stop":1549529364423},{"name":"Вводим в поле \"Кількість днів провадження діяльності\" значание -> \"107\"","status":"passed","stage":"finished","steps":[],"attachments":[],"parameters":[{"name":"value","value":"107"}],"start":1549529364423,"stop":1549529364774},{"name":"Вводим в поле \"Ставка збору\" значание -> \"39.7480\"","status":"passed","stage":"finished","steps":[],"attachments":[],"parameters":[{"name":"value","value":"39.7480"}],"start":1549529364775,"stop":1549529365331},{"name":"Вводим в поле \"Усього нараховано збору\"  значание -> \"79.23\"","status":"passed","stage":"finished","steps":[],"attachments":[],"parameters":[{"name":"value","value":"79.23"}],"start":1549529365332,"stop":1549529365825},{"name":"Вводим в поле \"Нарахована сума збору за даними раніше поданої податкової декларації\" значание -> \"88.55\"","status":"passed","stage":"finished","steps":[],"attachments":[],"parameters":[{"name":"value","value":"88.55"}],"start":1549529365826,"stop":1549529366301},{"name":"Вводим в поле \"Уточнена сума податкових зобов'язань\"  значание -> \"123.456\"","status":"passed","stage":"finished","steps":[],"attachments":[],"parameters":[{"name":"value","value":"123.456"}],"start":1549529366301,"stop":1549529366810},{"name":"Вводим в поле \"Сума штрафу\"  значание -> \"0.55\"","status":"passed","stage":"finished","steps":[],"attachments":[],"parameters":[{"name":"value","value":"0.55"}],"start":1549529366810,"stop":1549529367331},{"name":"Вводим в поле \"Сума пені\"  значание -> \"3.99\"","status":"passed","stage":"finished","steps":[],"attachments":[],"parameters":[{"name":"value","value":"3.99"}],"start":1549529367331,"stop":1549529367753},{"name":"Вводим в поле \"Зміст доповнення\"  значание -> \"Саня, ты в порядке?\"","status":"passed","stage":"finished","steps":[],"attachments":[],"parameters":[{"name":"value","value":"Саня, ты в порядке?"}],"start":1549529367754,"stop":1549529368062},{"name":"Вводим в поле \"Доповнення до декларації\"  значание -> \"37\"","status":"passed","stage":"finished","steps":[],"attachments":[],"parameters":[{"name":"value","value":"37"}],"start":1549529368063,"stop":1549529368256},{"name":"Получить итоговую сумму налогов","status":"passed","stage":"finished","steps":[],"attachments":[],"parameters":[],"start":1549529368256,"stop":1549529368276},{"name":"Получить итоговую сумму налогов за отчетный период","status":"passed","stage":"finished","steps":[],"attachments":[],"parameters":[],"start":1549529368276,"stop":1549529368298},{"name":"Вводим в поле \"Дата заповнення\"  значание -> \"20.01.2018\"","status":"passed","stage":"finished","steps":[],"attachments":[],"parameters":[{"name":"value","value":"20.01.2018"}],"start":1549529368298,"stop":1549529369047},{"name":"Вводим в поле \"Керівник\"  значание -> \"Заслон Сергій Вікторович\"","status":"passed","stage":"finished","steps":[],"attachments":[],"parameters":[{"name":"value","value":"Заслон Сергій Вікторович"}],"start":1549529369047,"stop":1549529369360},{"name":"Вводим в поле \"Реєстраційний номер облікової картки платника\"  значание -> \"3318909879\"","status":"passed","stage":"finished","steps":[],"attachments":[],"parameters":[{"name":"value","value":"3318909879"}],"start":1549529369361,"stop":1549529369580},{"name":"Вводим в поле \"Головний бухгалтер\"  значание -> \"Журба Кирило Вадимович\"","status":"passed","stage":"finished","steps":[],"attachments":[],"parameters":[{"name":"value","value":"Журба Кирило Вадимович"}],"start":1549529369580,"stop":1549529369901},{"name":"Вводим в поле \"Реєстраційний номер облікової картки платника головного бухгалтера\"  значание -> \"3339919793\"","status":"passed","stage":"finished","steps":[],"attachments":[],"parameters":[{"name":"value","value":"3339919793"}],"start":1549529369902,"stop":1549529370130},{"name":"Сохранение текущего отчета","status":"broken","statusDetails":{"known":false,"muted":false,"flaky":false,"message":"invalid selector: Unable to locate an element with the xpath expression (//*[@class='btn_save p24_btn_green')[1]] because of the following error:\nSyntaxError: Failed to execute 'evaluate' on 'Document': The string '(//*[@class='btn_save p24_btn_green')[1]]' is not a valid XPath expression.\n  (Session info: chrome=71.0.3578.98)\n  (Driver info: chromedriver=73.0.3683.20 (8e2b610813e167eee3619ac4ce6e42e3ec622017),platform=Linux 4.15.0-20-generic x86_64) (WARNING: The server did not provide any stacktrace information)\nCommand duration or timeout: 0 milliseconds\nFor documentation on this error, please visit: http://seleniumhq.org/exceptions/invalid_selector_exception.html\nBuild info: version: '3.141.5', revision: 'd54ebd709a', time: '2018-11-06T11:42:16'\nSystem info: host: 'dmitriy-System-Product-Name', ip: '127.0.1.1', os.name: 'Linux', os.arch: 'amd64', os.version: '4.15.0-20-generic', java.version: '1.8.0_191'\nDriver info: org.openqa.selenium.chrome.ChromeDriver\nCapabilities {acceptInsecureCerts: false, acceptSslCerts: false, applicationCacheEnabled: false, browserConnectionEnabled: false, browserName: chrome, chrome: {chromedriverVersion: 73.0.3683.20 (8e2b610813e16..., userDataDir: /tmp/.com.google.Chrome.W5342w}, cssSelectorsEnabled: true, databaseEnabled: false, goog:chromeOptions: {debuggerAddress: localhost:33397}, handlesAlerts: true, hasTouchScreen: false, javascriptEnabled: true, locationContextEnabled: true, mobileEmulationEnabled: false, nativeEvents: true, networkConnectionEnabled: false, pageLoadStrategy: normal, platform: LINUX, platformName: LINUX, proxy: Proxy(), rotatable: false, setWindowRect: true, strictFileInteractability: false, takesHeapSnapshot: true, takesScreenshot: true, timeouts: {implicit: 0, pageLoad: 300000, script: 30000}, unexpectedAlertBehaviour: ignore, unhandledPromptBehavior: ignore, version: 71.0.3578.98, webStorageEnabled: true}\nSession ID: 55eb74c9fd7199f0562b1f3207936473\n*** Element info: {Using=xpath, value=(//*[@class='btn_save p24_btn_green')[1]]}","trace":"org.openqa.selenium.InvalidSelectorException: invalid selector: Unable to locate an element with the xpath expression (//*[@class='btn_save p24_btn_green')[1]] because of the following error:\nSyntaxError: Failed to execute 'evaluate' on 'Document': The string '(//*[@class='btn_save p24_btn_green')[1]]' is not a valid XPath expression.\n  (Session info: chrome=71.0.3578.98)\n  (Driver info: chromedriver=73.0.3683.20 (8e2b610813e167eee3619ac4ce6e42e3ec622017),platform=Linux 4.15.0-20-generic x86_64) (WARNING: The server did not provide any stacktrace information)\nCommand duration or timeout: 0 milliseconds\nFor documentation on this error, please visit: http://seleniumhq.org/exceptions/invalid_selector_exception.html\nBuild info: version: '3.141.5', revision: 'd54ebd709a', time: '2018-11-06T11:42:16'\nSystem info: host: 'dmitriy-System-Product-Name', ip: '127.0.1.1', os.name: 'Linux', os.arch: 'amd64', os.version: '4.15.0-20-generic', java.version: '1.8.0_191'\nDriver info: org.openqa.selenium.chrome.ChromeDriver\nCapabilities {acceptInsecureCerts: false, acceptSslCerts: false, applicationCacheEnabled: false, browserConnectionEnabled: false, browserName: chrome, chrome: {chromedriverVersion: 73.0.3683.20 (8e2b610813e16..., userDataDir: /tmp/.com.google.Chrome.W5342w}, cssSelectorsEnabled: true, databaseEnabled: false, goog:chromeOptions: {debuggerAddress: localhost:33397}, handlesAlerts: true, hasTouchScreen: false, javascriptEnabled: true, locationContextEnabled: true, mobileEmulationEnabled: false, nativeEvents: true, networkConnectionEnabled: false, pageLoadStrategy: normal, platform: LINUX, platformName: LINUX, proxy: Proxy(), rotatable: false, setWindowRect: true, strictFileInteractability: false, takesHeapSnapshot: true, takesScreenshot: true, timeouts: {implicit: 0, pageLoad: 300000, script: 30000}, unexpectedAlertBehaviour: ignore, unhandledPromptBehavior: ignore, version: 71.0.3578.98, webStorageEnabled: true}\nSession ID: 55eb74c9fd7199f0562b1f3207936473\n*** Element info: {Using=xpath, value=(//*[@class='btn_save p24_btn_green')[1]]}\n\tat sun.reflect.NativeConstructorAccessorImpl.newInstance0(Native Method)\n\tat sun.reflect.NativeConstructorAccessorImpl.newInstance(NativeConstructorAccessorImpl.java:62)\n\tat sun.reflect.DelegatingConstructorAccessorImpl.newInstance(DelegatingConstructorAccessorImpl.java:45)\n\tat java.lang.reflect.Constructor.newInstance(Constructor.java:423)\n\tat org.openqa.selenium.remote.ErrorHandler.createThrowable(ErrorHandler.java:214)\n\tat org.openqa.selenium.remote.ErrorHandler.throwIfResponseFailed(ErrorHandler.java:166)\n\tat org.openqa.selenium.remote.http.JsonHttpResponseCodec.reconstructValue(JsonHttpResponseCodec.java:40)\n\tat org.openqa.selenium.remote.http.AbstractHttpResponseCodec.decode(AbstractHttpResponseCodec.java:80)\n\tat org.openqa.selenium.remote.http.AbstractHttpResponseCodec.decode(AbstractHttpResponseCodec.java:44)\n\tat org.openqa.selenium.remote.HttpCommandExecutor.execute(HttpCommandExecutor.java:158)\n\tat org.openqa.selenium.remote.service.DriverCommandExecutor.execute(DriverCommandExecutor.java:83)\n\tat org.openqa.selenium.remote.RemoteWebDriver.execute(RemoteWebDriver.java:552)\n\tat org.openqa.selenium.remote.RemoteWebDriver.findElement(RemoteWebDriver.java:323)\n\tat org.openqa.selenium.remote.RemoteWebDriver.findElementByXPath(RemoteWebDriver.java:428)\n\tat org.openqa.selenium.By$ByXPath.findElement(By.java:353)\n\tat org.openqa.selenium.remote.RemoteWebDriver.findElement(RemoteWebDriver.java:315)\n\tat com.codeborne.selenide.impl.WebElementSelector.findElement(WebElementSelector.java:28)\n\tat com.codeborne.selenide.impl.ElementFinder.getWebElement(ElementFinder.java:74)\n\tat com.codeborne.selenide.impl.WebElementSource.checkCondition(WebElementSource.java:47)\n\tat com.codeborne.selenide.impl.WebElementSource.findAndAssertElementIsVisible(WebElementSource.java:75)\n\tat com.codeborne.selenide.commands.Click.execute(Click.java:13)\n\tat com.codeborne.selenide.commands.Click.execute(Click.java:9)\n\tat com.codeborne.selenide.commands.Commands.execute(Commands.java:144)\n\tat com.codeborne.selenide.impl.SelenideElementProxy.dispatchAndRetry(SelenideElementProxy.java:99)\n\tat com.codeborne.selenide.impl.SelenideElementProxy.invoke(SelenideElementProxy.java:65)\n\tat com.sun.proxy.$Proxy16.click(Unknown Source)\n\tat pages.CreateReportDeclaration.saveReport_aroundBody68(CreateReportDeclaration.java:352)\n\tat pages.CreateReportDeclaration$AjcClosure69.run(CreateReportDeclaration.java:1)\n\tat org.aspectj.runtime.reflect.JoinPointImpl.proceed(JoinPointImpl.java:149)\n\tat io.qameta.allure.aspects.StepsAspects.step(StepsAspects.java:50)\n\tat pages.CreateReportDeclaration.saveReport(CreateReportDeclaration.java:351)\n\tat tests.TestRunner.createNewReportDeclaration(TestRunner.java:273)\n\tat sun.reflect.NativeMethodAccessorImpl.invoke0(Native Method)\n\tat sun.reflect.NativeMethodAccessorImpl.invoke(NativeMethodAccessorImpl.java:62)\n\tat sun.reflect.DelegatingMethodAccessorImpl.invoke(DelegatingMethodAccessorImpl.java:43)\n\tat java.lang.reflect.Method.invoke(Method.java:498)\n\tat org.testng.internal.MethodInvocationHelper.invokeMethod(MethodInvocationHelper.java:131)\n\tat org.testng.internal.Invoker.invokeMethod(Invoker.java:658)\n\tat org.testng.internal.Invoker.invokeTestMethod(Invoker.java:792)\n\tat org.testng.internal.Invoker.invokeTestMethods(Invoker.java:1103)\n\tat org.testng.internal.TestMethodWorker.invokeTestMethods(TestMethodWorker.java:140)\n\tat org.testng.internal.TestMethodWorker.run(TestMethodWorker.java:122)\n\tat org.testng.TestRunner.privateRun(TestRunner.java:739)\n\tat org.testng.TestRunner.run(TestRunner.java:589)\n\tat org.testng.SuiteRunner.runTest(SuiteRunner.java:398)\n\tat org.testng.SuiteRunner.runSequentially(SuiteRunner.java:392)\n\tat org.testng.SuiteRunner.privateRun(SuiteRunner.java:354)\n\tat org.testng.SuiteRunner.run(SuiteRunner.java:302)\n\tat org.testng.SuiteRunnerWorker.runSuite(SuiteRunnerWorker.java:53)\n\tat org.testng.SuiteRunnerWorker.run(SuiteRunnerWorker.java:96)\n\tat org.testng.TestNG.runSuitesSequentially(TestNG.java:1145)\n\tat org.testng.TestNG.runSuitesLocally(TestNG.java:1067)\n\tat org.testng.TestNG.runSuites(TestNG.java:997)\n\tat org.testng.TestNG.run(TestNG.java:965)\n\tat org.testng.IDEARemoteTestNG.run(IDEARemoteTestNG.java:72)\n\tat org.testng.RemoteTestNGStarter.main(RemoteTestNGStarter.java:123)\n"},"stage":"finished","steps":[],"attachments":[],"parameters":[],"start":1549529370130,"stop":1549529398456}],"attachments":[{"name":"screenshot","source":"7ec403b4-b377-4e29-9d1a-1efd50b14d00-attachment","type":"img/png"}],"parameters":[],"start":1549529353369,"stop":1549529398711,"uuid":"61b22875-99c5-4f65-a3be-ddb4a22981af","historyId":"8cca2149c448b5db716ca7d6bf1c35d8","fullName":"tests.TestRunner.createNewReportDeclaration","labels":[{"name":"package","value":"tests.TestRunner"},{"name":"testClass","value":"tests.TestRunner"},{"name":"testMethod","value":"createNewReportDeclaration"},{"name":"parentSuite","value":"Default Suite"},{"name":"suite","value":"eDocumentsAndReports"},{"name":"subSuite","value":"tests.TestRunner"},{"name":"host","value":"dmitriy-System-Product-Name"},{"name":"thread","value":"28875@dmitriy-System-Product-Name.main(1)"},{"name":"feature","value":"Тестирование документов"},{"name":"story","value":"Создание документа (позитивный сценарий)"}],"links":[]}