{"uuid":"9542c102-c812-4c1f-9e35-e4665992a253","name":"Документы и отчеты","children":["dc4936e4-3f16-4a50-a72c-68c3bf59ef11"],"befores":[{"name":"setUp","status":"passed","stage":"finished","description":"","steps":[],"attachments":[],"parameters":[],"start":1549887658156,"stop":1549887658190}],"afters":[{"name":"tearDown","status":"broken","statusDetails":{"known":false,"muted":false,"flaky":false,"message":"No webdriver is bound to current thread: 1. You need to call open(url) first.","trace":"java.lang.IllegalStateException: No webdriver is bound to current thread: 1. You need to call open(url) first.\n\tat com.codeborne.selenide.drivercommands.LazyDriver.getWebDriver(LazyDriver.java:67)\n\tat com.codeborne.selenide.impl.ElementFinder.getSearchContext(ElementFinder.java:86)\n\tat com.codeborne.selenide.impl.ElementFinder.getWebElement(ElementFinder.java:74)\n\tat com.codeborne.selenide.impl.WebElementSource.checkCondition(WebElementSource.java:47)\n\tat com.codeborne.selenide.impl.WebElementSource.findAndAssertElementIsVisible(WebElementSource.java:75)\n\tat com.codeborne.selenide.commands.Click.execute(Click.java:13)\n\tat com.codeborne.selenide.commands.Click.execute(Click.java:9)\n\tat com.codeborne.selenide.commands.Commands.execute(Commands.java:144)\n\tat com.codeborne.selenide.impl.SelenideElementProxy.dispatchAndRetry(SelenideElementProxy.java:99)\n\tat com.codeborne.selenide.impl.SelenideElementProxy.invoke(SelenideElementProxy.java:65)\n\tat com.sun.proxy.$Proxy17.click(Unknown Source)\n\tat pages.MainPage.openReportTypesListPage_aroundBody0(MainPage.java:16)\n\tat pages.MainPage$AjcClosure1.run(MainPage.java:1)\n\tat org.aspectj.runtime.reflect.JoinPointImpl.proceed(JoinPointImpl.java:149)\n\tat io.qameta.allure.aspects.StepsAspects.step(StepsAspects.java:50)\n\tat pages.MainPage.openReportTypesListPage(MainPage.java:16)\n\tat tests.BaseTest.tearDown(BaseTest.java:81)\n\tat sun.reflect.NativeMethodAccessorImpl.invoke0(Native Method)\n\tat sun.reflect.NativeMethodAccessorImpl.invoke(NativeMethodAccessorImpl.java:62)\n\tat sun.reflect.DelegatingMethodAccessorImpl.invoke(DelegatingMethodAccessorImpl.java:43)\n\tat java.lang.reflect.Method.invoke(Method.java:498)\n\tat org.testng.internal.MethodInvocationHelper.invokeMethod(MethodInvocationHelper.java:131)\n\tat org.testng.internal.MethodInvocationHelper.invokeMethodConsideringTimeout(MethodInvocationHelper.java:61)\n\tat org.testng.internal.Invoker.invokeConfigurationMethod(Invoker.java:511)\n\tat org.testng.internal.Invoker.invokeConfigurations(Invoker.java:241)\n\tat org.testng.internal.Invoker.invokeConfigurations(Invoker.java:144)\n\tat org.testng.SuiteRunner.privateRun(SuiteRunner.java:363)\n\tat org.testng.SuiteRunner.run(SuiteRunner.java:302)\n\tat org.testng.SuiteRunnerWorker.runSuite(SuiteRunnerWorker.java:53)\n\tat org.testng.SuiteRunnerWorker.run(SuiteRunnerWorker.java:96)\n\tat org.testng.TestNG.runSuitesSequentially(TestNG.java:1145)\n\tat org.testng.TestNG.runSuitesLocally(TestNG.java:1067)\n\tat org.testng.TestNG.runSuites(TestNG.java:997)\n\tat org.testng.TestNG.run(TestNG.java:965)\n\tat org.testng.IDEARemoteTestNG.run(IDEARemoteTestNG.java:72)\n\tat org.testng.RemoteTestNGStarter.main(RemoteTestNGStarter.java:123)\n"},"stage":"finished","description":"","steps":[{"name":"Перейти на страницу со списком отчетных докуметов","status":"broken","statusDetails":{"known":false,"muted":false,"flaky":false,"message":"No webdriver is bound to current thread: 1. You need to call open(url) first.","trace":"java.lang.IllegalStateException: No webdriver is bound to current thread: 1. You need to call open(url) first.\n\tat com.codeborne.selenide.drivercommands.LazyDriver.getWebDriver(LazyDriver.java:67)\n\tat com.codeborne.selenide.impl.ElementFinder.getSearchContext(ElementFinder.java:86)\n\tat com.codeborne.selenide.impl.ElementFinder.getWebElement(ElementFinder.java:74)\n\tat com.codeborne.selenide.impl.WebElementSource.checkCondition(WebElementSource.java:47)\n\tat com.codeborne.selenide.impl.WebElementSource.findAndAssertElementIsVisible(WebElementSource.java:75)\n\tat com.codeborne.selenide.commands.Click.execute(Click.java:13)\n\tat com.codeborne.selenide.commands.Click.execute(Click.java:9)\n\tat com.codeborne.selenide.commands.Commands.execute(Commands.java:144)\n\tat com.codeborne.selenide.impl.SelenideElementProxy.dispatchAndRetry(SelenideElementProxy.java:99)\n\tat com.codeborne.selenide.impl.SelenideElementProxy.invoke(SelenideElementProxy.java:65)\n\tat com.sun.proxy.$Proxy17.click(Unknown Source)\n\tat pages.MainPage.openReportTypesListPage_aroundBody0(MainPage.java:16)\n\tat pages.MainPage$AjcClosure1.run(MainPage.java:1)\n\tat org.aspectj.runtime.reflect.JoinPointImpl.proceed(JoinPointImpl.java:149)\n\tat io.qameta.allure.aspects.StepsAspects.step(StepsAspects.java:50)\n\tat pages.MainPage.openReportTypesListPage(MainPage.java:16)\n\tat tests.BaseTest.tearDown(BaseTest.java:81)\n\tat sun.reflect.NativeMethodAccessorImpl.invoke0(Native Method)\n\tat sun.reflect.NativeMethodAccessorImpl.invoke(NativeMethodAccessorImpl.java:62)\n\tat sun.reflect.DelegatingMethodAccessorImpl.invoke(DelegatingMethodAccessorImpl.java:43)\n\tat java.lang.reflect.Method.invoke(Method.java:498)\n\tat org.testng.internal.MethodInvocationHelper.invokeMethod(MethodInvocationHelper.java:131)\n\tat org.testng.internal.MethodInvocationHelper.invokeMethodConsideringTimeout(MethodInvocationHelper.java:61)\n\tat org.testng.internal.Invoker.invokeConfigurationMethod(Invoker.java:511)\n\tat org.testng.internal.Invoker.invokeConfigurations(Invoker.java:241)\n\tat org.testng.internal.Invoker.invokeConfigurations(Invoker.java:144)\n\tat org.testng.SuiteRunner.privateRun(SuiteRunner.java:363)\n\tat org.testng.SuiteRunner.run(SuiteRunner.java:302)\n\tat org.testng.SuiteRunnerWorker.runSuite(SuiteRunnerWorker.java:53)\n\tat org.testng.SuiteRunnerWorker.run(SuiteRunnerWorker.java:96)\n\tat org.testng.TestNG.runSuitesSequentially(TestNG.java:1145)\n\tat org.testng.TestNG.runSuitesLocally(TestNG.java:1067)\n\tat org.testng.TestNG.runSuites(TestNG.java:997)\n\tat org.testng.TestNG.run(TestNG.java:965)\n\tat org.testng.IDEARemoteTestNG.run(IDEARemoteTestNG.java:72)\n\tat org.testng.RemoteTestNGStarter.main(RemoteTestNGStarter.java:123)\n"},"stage":"finished","steps":[],"attachments":[],"parameters":[],"start":1549888001231,"stop":1549888001232}],"attachments":[],"parameters":[],"start":1549888001231,"stop":1549888001232}],"links":[],"start":1549887658124,"stop":1549888001237}