{"name":"Создать новый документ","status":"broken","statusDetails":{"known":false,"muted":false,"flaky":false,"message":"invalid selector: Unable to locate an element with the xpath expression (/(//body[@id='sign']//div[@data-type='jks1']//input[@type='password'])[1] because of the following error:\nSyntaxError: Failed to execute 'evaluate' on 'Document': The string '(/(//body[@id='sign']//div[@data-type='jks1']//input[@type='password'])[1]' is not a valid XPath expression.\n  (Session info: chrome=71.0.3578.98)\n  (Driver info: chromedriver=73.0.3683.20 (8e2b610813e167eee3619ac4ce6e42e3ec622017),platform=Linux 4.15.0-20-generic x86_64) (WARNING: The server did not provide any stacktrace information)\nCommand duration or timeout: 0 milliseconds\nFor documentation on this error, please visit: http://seleniumhq.org/exceptions/invalid_selector_exception.html\nBuild info: version: '3.141.5', revision: 'd54ebd709a', time: '2018-11-06T11:42:16'\nSystem info: host: 'dmitriy-System-Product-Name', ip: '127.0.1.1', os.name: 'Linux', os.arch: 'amd64', os.version: '4.15.0-20-generic', java.version: '1.8.0_191'\nDriver info: org.openqa.selenium.chrome.ChromeDriver\nCapabilities {acceptInsecureCerts: true, acceptSslCerts: true, applicationCacheEnabled: false, browserConnectionEnabled: false, browserName: chrome, chrome: {chromedriverVersion: 73.0.3683.20 (8e2b610813e16..., userDataDir: /tmp/.com.google.Chrome.1Gg19u}, cssSelectorsEnabled: true, databaseEnabled: false, goog:chromeOptions: {debuggerAddress: localhost:46459}, handlesAlerts: true, hasTouchScreen: false, javascriptEnabled: true, locationContextEnabled: true, mobileEmulationEnabled: false, nativeEvents: true, networkConnectionEnabled: false, pageLoadStrategy: normal, platform: LINUX, platformName: LINUX, proxy: Proxy(), rotatable: false, setWindowRect: true, strictFileInteractability: false, takesHeapSnapshot: true, takesScreenshot: true, timeouts: {implicit: 0, pageLoad: 300000, script: 30000}, unexpectedAlertBehaviour: ignore, unhandledPromptBehavior: ignore, version: 71.0.3578.98, webStorageEnabled: true}\nSession ID: 04402a52602e5489b3850ed2ef0522ce\n*** Element info: {Using=xpath, value=(/(//body[@id='sign']//div[@data-type='jks1']//input[@type='password'])[1]}","trace":"org.openqa.selenium.InvalidSelectorException: invalid selector: Unable to locate an element with the xpath expression (/(//body[@id='sign']//div[@data-type='jks1']//input[@type='password'])[1] because of the following error:\nSyntaxError: Failed to execute 'evaluate' on 'Document': The string '(/(//body[@id='sign']//div[@data-type='jks1']//input[@type='password'])[1]' is not a valid XPath expression.\n  (Session info: chrome=71.0.3578.98)\n  (Driver info: chromedriver=73.0.3683.20 (8e2b610813e167eee3619ac4ce6e42e3ec622017),platform=Linux 4.15.0-20-generic x86_64) (WARNING: The server did not provide any stacktrace information)\nCommand duration or timeout: 0 milliseconds\nFor documentation on this error, please visit: http://seleniumhq.org/exceptions/invalid_selector_exception.html\nBuild info: version: '3.141.5', revision: 'd54ebd709a', time: '2018-11-06T11:42:16'\nSystem info: host: 'dmitriy-System-Product-Name', ip: '127.0.1.1', os.name: 'Linux', os.arch: 'amd64', os.version: '4.15.0-20-generic', java.version: '1.8.0_191'\nDriver info: org.openqa.selenium.chrome.ChromeDriver\nCapabilities {acceptInsecureCerts: true, acceptSslCerts: true, applicationCacheEnabled: false, browserConnectionEnabled: false, browserName: chrome, chrome: {chromedriverVersion: 73.0.3683.20 (8e2b610813e16..., userDataDir: /tmp/.com.google.Chrome.1Gg19u}, cssSelectorsEnabled: true, databaseEnabled: false, goog:chromeOptions: {debuggerAddress: localhost:46459}, handlesAlerts: true, hasTouchScreen: false, javascriptEnabled: true, locationContextEnabled: true, mobileEmulationEnabled: false, nativeEvents: true, networkConnectionEnabled: false, pageLoadStrategy: normal, platform: LINUX, platformName: LINUX, proxy: Proxy(), rotatable: false, setWindowRect: true, strictFileInteractability: false, takesHeapSnapshot: true, takesScreenshot: true, timeouts: {implicit: 0, pageLoad: 300000, script: 30000}, unexpectedAlertBehaviour: ignore, unhandledPromptBehavior: ignore, version: 71.0.3578.98, webStorageEnabled: true}\nSession ID: 04402a52602e5489b3850ed2ef0522ce\n*** Element info: {Using=xpath, value=(/(//body[@id='sign']//div[@data-type='jks1']//input[@type='password'])[1]}\n\tat sun.reflect.NativeConstructorAccessorImpl.newInstance0(Native Method)\n\tat sun.reflect.NativeConstructorAccessorImpl.newInstance(NativeConstructorAccessorImpl.java:62)\n\tat sun.reflect.DelegatingConstructorAccessorImpl.newInstance(DelegatingConstructorAccessorImpl.java:45)\n\tat java.lang.reflect.Constructor.newInstance(Constructor.java:423)\n\tat org.openqa.selenium.remote.ErrorHandler.createThrowable(ErrorHandler.java:214)\n\tat org.openqa.selenium.remote.ErrorHandler.throwIfResponseFailed(ErrorHandler.java:166)\n\tat org.openqa.selenium.remote.http.JsonHttpResponseCodec.reconstructValue(JsonHttpResponseCodec.java:40)\n\tat org.openqa.selenium.remote.http.AbstractHttpResponseCodec.decode(AbstractHttpResponseCodec.java:80)\n\tat org.openqa.selenium.remote.http.AbstractHttpResponseCodec.decode(AbstractHttpResponseCodec.java:44)\n\tat org.openqa.selenium.remote.HttpCommandExecutor.execute(HttpCommandExecutor.java:158)\n\tat org.openqa.selenium.remote.service.DriverCommandExecutor.execute(DriverCommandExecutor.java:83)\n\tat org.openqa.selenium.remote.RemoteWebDriver.execute(RemoteWebDriver.java:552)\n\tat org.openqa.selenium.remote.RemoteWebDriver.findElement(RemoteWebDriver.java:323)\n\tat org.openqa.selenium.remote.RemoteWebDriver.findElementByXPath(RemoteWebDriver.java:428)\n\tat org.openqa.selenium.By$ByXPath.findElement(By.java:353)\n\tat org.openqa.selenium.remote.RemoteWebDriver.findElement(RemoteWebDriver.java:315)\n\tat com.codeborne.selenide.impl.WebElementSelector.findElement(WebElementSelector.java:28)\n\tat com.codeborne.selenide.impl.ElementFinder.getWebElement(ElementFinder.java:74)\n\tat com.codeborne.selenide.impl.WebElementSource.checkCondition(WebElementSource.java:47)\n\tat com.codeborne.selenide.commands.Should.should(Should.java:35)\n\tat com.codeborne.selenide.commands.Should.execute(Should.java:29)\n\tat com.codeborne.selenide.commands.Should.execute(Should.java:12)\n\tat com.codeborne.selenide.commands.Commands.execute(Commands.java:144)\n\tat com.codeborne.selenide.impl.SelenideElementProxy.dispatchAndRetry(SelenideElementProxy.java:99)\n\tat com.codeborne.selenide.impl.SelenideElementProxy.invoke(SelenideElementProxy.java:65)\n\tat com.sun.proxy.$Proxy16.shouldBe(Unknown Source)\n\tat pages.CreateReportDeclaration.subscribeAndSendReport_aroundBody70(CreateReportDeclaration.java:374)\n\tat pages.CreateReportDeclaration$AjcClosure71.run(CreateReportDeclaration.java:1)\n\tat org.aspectj.runtime.reflect.JoinPointImpl.proceed(JoinPointImpl.java:149)\n\tat io.qameta.allure.aspects.StepsAspects.step(StepsAspects.java:50)\n\tat pages.CreateReportDeclaration.subscribeAndSendReport(CreateReportDeclaration.java:367)\n\tat tests.TestRunner.createNewReportDeclaration(TestRunner.java:274)\n\tat sun.reflect.NativeMethodAccessorImpl.invoke0(Native Method)\n\tat sun.reflect.NativeMethodAccessorImpl.invoke(NativeMethodAccessorImpl.java:62)\n\tat sun.reflect.DelegatingMethodAccessorImpl.invoke(DelegatingMethodAccessorImpl.java:43)\n\tat java.lang.reflect.Method.invoke(Method.java:498)\n\tat org.testng.internal.MethodInvocationHelper.invokeMethod(MethodInvocationHelper.java:131)\n\tat org.testng.internal.Invoker.invokeMethod(Invoker.java:658)\n\tat org.testng.internal.Invoker.invokeTestMethod(Invoker.java:792)\n\tat org.testng.internal.Invoker.invokeTestMethods(Invoker.java:1103)\n\tat org.testng.internal.TestMethodWorker.invokeTestMethods(TestMethodWorker.java:140)\n\tat org.testng.internal.TestMethodWorker.run(TestMethodWorker.java:122)\n\tat org.testng.TestRunner.privateRun(TestRunner.java:739)\n\tat org.testng.TestRunner.run(TestRunner.java:589)\n\tat org.testng.SuiteRunner.runTest(SuiteRunner.java:398)\n\tat org.testng.SuiteRunner.runSequentially(SuiteRunner.java:392)\n\tat org.testng.SuiteRunner.privateRun(SuiteRunner.java:354)\n\tat org.testng.SuiteRunner.run(SuiteRunner.java:302)\n\tat org.testng.SuiteRunnerWorker.runSuite(SuiteRunnerWorker.java:53)\n\tat org.testng.SuiteRunnerWorker.run(SuiteRunnerWorker.java:96)\n\tat org.testng.TestNG.runSuitesSequentially(TestNG.java:1145)\n\tat org.testng.TestNG.runSuitesLocally(TestNG.java:1067)\n\tat org.testng.TestNG.runSuites(TestNG.java:997)\n\tat org.testng.TestNG.run(TestNG.java:965)\n\tat org.testng.IDEARemoteTestNG.run(IDEARemoteTestNG.java:72)\n\tat org.testng.RemoteTestNGStarter.main(RemoteTestNGStarter.java:123)\n"},"stage":"finished","steps":[{"name":"Перейти в список документов","status":"passed","stage":"finished","steps":[],"attachments":[],"parameters":[{"name":"nameStep","value":"Перейти в список документов"}],"start":1549533477739,"stop":1549533477740},{"name":"Перейти на страницу со списком отчетных докуметов","status":"passed","stage":"finished","steps":[{"name":"Закрыть вкладку {nameTitle}: и переключиться на основную","status":"passed","stage":"finished","steps":[],"attachments":[],"parameters":[{"name":"nameTittle","value":"Конструктор отчетов"}],"start":1549533477975,"stop":1549533478372}],"attachments":[],"parameters":[],"start":1549533477775,"stop":1549533478373},{"name":"Проверка правильнрости перехода","status":"passed","stage":"finished","steps":[],"attachments":[],"parameters":[{"name":"nameStep","value":"Проверка правильнрости перехода"}],"start":1549533478374,"stop":1549533478374},{"name":"Проверка страницы \"Типы документов\"","status":"passed","stage":"finished","steps":[],"attachments":[],"parameters":[],"start":1549533478382,"stop":1549533479940},{"name":"Поиск документа с формой \"J0301206\"","status":"passed","stage":"finished","steps":[],"attachments":[],"parameters":[{"name":"nameStep","value":"Поиск документа с формой \"J0301206\""}],"start":1549533479941,"stop":1549533479941},{"name":"Проверка поиска по значению \"0301206\"","status":"passed","stage":"finished","steps":[],"attachments":[],"parameters":[{"name":"value","value":"0301206"}],"start":1549533479941,"stop":1549533482742},{"name":"Открытие документа","status":"passed","stage":"finished","steps":[{"name":"Закрыть вкладку {nameTitle}: и переключиться на основную","status":"passed","stage":"finished","steps":[],"attachments":[],"parameters":[{"name":"nameTittle","value":"Типы документов"}],"start":1549533482990,"stop":1549533483398}],"attachments":[],"parameters":[{"name":"value","value":"0301206"}],"start":1549533482743,"stop":1549533483401},{"name":"Перейти на создание докумета","status":"passed","stage":"finished","steps":[{"name":"Закрыть вкладку {nameTitle}: и переключиться на основную","status":"passed","stage":"finished","steps":[],"attachments":[],"parameters":[{"name":"nameTittle","value":"Тип документа: 218"}],"start":1549533483777,"stop":1549533483925}],"attachments":[],"parameters":[],"start":1549533483401,"stop":1549533483925},{"name":"Открыть редактирование документа","status":"passed","stage":"finished","steps":[],"attachments":[],"parameters":[],"start":1549533483925,"stop":1549533484796},{"name":"Вводим в поле \"Порядковий N за рік\" значание -> \"7\"","status":"passed","stage":"finished","steps":[],"attachments":[],"parameters":[{"name":"value","value":"7"}],"start":1549533485010,"stop":1549533485154},{"name":"Вводим в поле \"Рік\" 2018","status":"passed","stage":"finished","steps":[],"attachments":[],"parameters":[{"name":"value","value":"2018"}],"start":1549533485154,"stop":1549533485286},{"name":"Вводим в поле \"Платник податку\" значание -> \"Приватне підприємство \"ЛІТАК\"\"","status":"passed","stage":"finished","steps":[],"attachments":[],"parameters":[{"name":"value","value":"Приватне підприємство \"ЛІТАК\""}],"start":1549533485287,"stop":1549533485597},{"name":"Вводим в поле \"Податковий номер платника податків3 або серія та номер паспорта\" значание -> \"34554355\"","status":"passed","stage":"finished","steps":[],"attachments":[],"parameters":[{"name":"value","value":"34554355"}],"start":1549533485597,"stop":1549533485765},{"name":"Вводим в поле \"код виду економічної діяльності (КВЕД)\"  значание -> \"01.63\"","status":"passed","stage":"finished","steps":[],"attachments":[],"parameters":[{"name":"value","value":"01.63"}],"start":1549533485765,"stop":1549533485931},{"name":"Вводим в поле \"поштовий індекс\"  значание -> \"19203\"","status":"passed","stage":"finished","steps":[],"attachments":[],"parameters":[{"name":"value","value":"19203"}],"start":1549533485932,"stop":1549533486069},{"name":"Вводим в поле \"міжміський код\"  значание -> \"55888\"","status":"passed","stage":"finished","steps":[],"attachments":[],"parameters":[{"name":"value","value":"55888"}],"start":1549533486070,"stop":1549533486218},{"name":"Вводим в поле \"телефон\"  значание -> \"+380677787141\"","status":"passed","stage":"finished","steps":[],"attachments":[],"parameters":[{"name":"value","value":"+380677787141"}],"start":1549533486218,"stop":1549533486425},{"name":"Вводим в поле \"факс\"  значание -> \"777555\"","status":"passed","stage":"finished","steps":[],"attachments":[],"parameters":[{"name":"value","value":"777555"}],"start":1549533486426,"stop":1549533486590},{"name":"Вводим в поле \"податкова адреса\"  значание -> \"вул. Леніна, буд. 22, оф. 57, м. Жашків, Жашківський р-н, Черкаська обл., 19203\"","status":"passed","stage":"finished","steps":[],"attachments":[],"parameters":[{"name":"value","value":"вул. Леніна, буд. 22, оф. 57, м. Жашків, Жашківський р-н, Черкаська обл., 19203"}],"start":1549533486590,"stop":1549533487242},{"name":"Вводим в поле \"email\"  значание -> \"willows@ua.fm\"","status":"passed","stage":"finished","steps":[],"attachments":[],"parameters":[{"name":"value","value":"willows@ua.fm"}],"start":1549533487243,"stop":1549533487451},{"name":"Обираемо контролюючий орган, до якого подається податкова декларація","status":"passed","stage":"finished","steps":[],"attachments":[],"parameters":[{"name":"value","value":"1"}],"start":1549533487452,"stop":1549533487546},{"name":"Расчет ожидаемой суммы налога","status":"passed","stage":"finished","steps":[],"attachments":[],"parameters":[{"name":"value1","value":"85.721"},{"name":"value2","value":"109.28"},{"name":"value3","value":"18"},{"name":"value4","value":"68.6037"}],"start":1549533487546,"stop":1549533487547},{"name":"Расчет насчитаной суммы за отчетный период","status":"passed","stage":"finished","steps":[],"attachments":[],"parameters":[{"name":"value1","value":"85.721"},{"name":"value2","value":"109.28"},{"name":"value3","value":"18"},{"name":"value4","value":"68.6037"},{"name":"value5","value":"86.72"}],"start":1549533487547,"stop":1549533487547},{"name":"Вводим в поле \"Назначения платежа\" значание -> \"Бла Бла Тест\"","status":"passed","stage":"finished","steps":[],"attachments":[],"parameters":[{"name":"value","value":"Бла Бла Тест"}],"start":1549533487547,"stop":1549533487806},{"name":"Вводим в поле \"Площа відведеної земельної ділянки\" значание -> \"85.721\"","status":"passed","stage":"finished","steps":[],"attachments":[],"parameters":[{"name":"value","value":"85.721"}],"start":1549533487806,"stop":1549533488361},{"name":"Вводим в поле \"Мінімальна заробітна плата\" значание -> \"109.28\"","status":"passed","stage":"finished","steps":[],"attachments":[],"parameters":[{"name":"value","value":"109.28"}],"start":1549533488362,"stop":1549533488842},{"name":"Вводим в поле \"Кількість днів провадження діяльності\" значание -> \"18\"","status":"passed","stage":"finished","steps":[],"attachments":[],"parameters":[{"name":"value","value":"18"}],"start":1549533488843,"stop":1549533489181},{"name":"Вводим в поле \"Ставка збору\" значание -> \"68.6037\"","status":"passed","stage":"finished","steps":[],"attachments":[],"parameters":[{"name":"value","value":"68.6037"}],"start":1549533489181,"stop":1549533489792},{"name":"Вводим в поле \"Усього нараховано збору\"  значание -> \"86.72\"","status":"passed","stage":"finished","steps":[],"attachments":[],"parameters":[{"name":"value","value":"86.72"}],"start":1549533489792,"stop":1549533490296},{"name":"Вводим в поле \"Нарахована сума збору за даними раніше поданої податкової декларації\" значание -> \"88.55\"","status":"passed","stage":"finished","steps":[],"attachments":[],"parameters":[{"name":"value","value":"88.55"}],"start":1549533490296,"stop":1549533490784},{"name":"Вводим в поле \"Уточнена сума податкових зобов'язань\"  значание -> \"123.456\"","status":"passed","stage":"finished","steps":[],"attachments":[],"parameters":[{"name":"value","value":"123.456"}],"start":1549533490785,"stop":1549533491316},{"name":"Вводим в поле \"Сума штрафу\"  значание -> \"0.55\"","status":"passed","stage":"finished","steps":[],"attachments":[],"parameters":[{"name":"value","value":"0.55"}],"start":1549533491316,"stop":1549533491818},{"name":"Вводим в поле \"Сума пені\"  значание -> \"3.99\"","status":"passed","stage":"finished","steps":[],"attachments":[],"parameters":[{"name":"value","value":"3.99"}],"start":1549533491819,"stop":1549533492259},{"name":"Вводим в поле \"Зміст доповнення\"  значание -> \"Саня, ты в порядке?\"","status":"passed","stage":"finished","steps":[],"attachments":[],"parameters":[{"name":"value","value":"Саня, ты в порядке?"}],"start":1549533492260,"stop":1549533492588},{"name":"Вводим в поле \"Доповнення до декларації\"  значание -> \"37\"","status":"passed","stage":"finished","steps":[],"attachments":[],"parameters":[{"name":"value","value":"37"}],"start":1549533492588,"stop":1549533492775},{"name":"Получить итоговую сумму налогов","status":"passed","stage":"finished","steps":[],"attachments":[],"parameters":[],"start":1549533492775,"stop":1549533492798},{"name":"Получить итоговую сумму налогов за отчетный период","status":"passed","stage":"finished","steps":[],"attachments":[],"parameters":[],"start":1549533492798,"stop":1549533492821},{"name":"Вводим в поле \"Дата заповнення\"  значание -> \"20.01.2018\"","status":"passed","stage":"finished","steps":[],"attachments":[],"parameters":[{"name":"value","value":"20.01.2018"}],"start":1549533492822,"stop":1549533493597},{"name":"Вводим в поле \"Керівник\"  значание -> \"Заслон Сергій Вікторович\"","status":"passed","stage":"finished","steps":[],"attachments":[],"parameters":[{"name":"value","value":"Заслон Сергій Вікторович"}],"start":1549533493598,"stop":1549533493933},{"name":"Вводим в поле \"Реєстраційний номер облікової картки платника\"  значание -> \"3318909879\"","status":"passed","stage":"finished","steps":[],"attachments":[],"parameters":[{"name":"value","value":"3318909879"}],"start":1549533493933,"stop":1549533494176},{"name":"Вводим в поле \"Головний бухгалтер\"  значание -> \"Журба Кирило Вадимович\"","status":"passed","stage":"finished","steps":[],"attachments":[],"parameters":[{"name":"value","value":"Журба Кирило Вадимович"}],"start":1549533494177,"stop":1549533494507},{"name":"Вводим в поле \"Реєстраційний номер облікової картки платника головного бухгалтера\"  значание -> \"3339919793\"","status":"passed","stage":"finished","steps":[],"attachments":[],"parameters":[{"name":"value","value":"3339919793"}],"start":1549533494507,"stop":1549533494741},{"name":"Сохранение текущего отчета","status":"passed","stage":"finished","steps":[],"attachments":[],"parameters":[],"start":1549533494741,"stop":1549533495996},{"name":"Подписать и отправить отчет","status":"broken","statusDetails":{"known":false,"muted":false,"flaky":false,"message":"invalid selector: Unable to locate an element with the xpath expression (/(//body[@id='sign']//div[@data-type='jks1']//input[@type='password'])[1] because of the following error:\nSyntaxError: Failed to execute 'evaluate' on 'Document': The string '(/(//body[@id='sign']//div[@data-type='jks1']//input[@type='password'])[1]' is not a valid XPath expression.\n  (Session info: chrome=71.0.3578.98)\n  (Driver info: chromedriver=73.0.3683.20 (8e2b610813e167eee3619ac4ce6e42e3ec622017),platform=Linux 4.15.0-20-generic x86_64) (WARNING: The server did not provide any stacktrace information)\nCommand duration or timeout: 0 milliseconds\nFor documentation on this error, please visit: http://seleniumhq.org/exceptions/invalid_selector_exception.html\nBuild info: version: '3.141.5', revision: 'd54ebd709a', time: '2018-11-06T11:42:16'\nSystem info: host: 'dmitriy-System-Product-Name', ip: '127.0.1.1', os.name: 'Linux', os.arch: 'amd64', os.version: '4.15.0-20-generic', java.version: '1.8.0_191'\nDriver info: org.openqa.selenium.chrome.ChromeDriver\nCapabilities {acceptInsecureCerts: true, acceptSslCerts: true, applicationCacheEnabled: false, browserConnectionEnabled: false, browserName: chrome, chrome: {chromedriverVersion: 73.0.3683.20 (8e2b610813e16..., userDataDir: /tmp/.com.google.Chrome.1Gg19u}, cssSelectorsEnabled: true, databaseEnabled: false, goog:chromeOptions: {debuggerAddress: localhost:46459}, handlesAlerts: true, hasTouchScreen: false, javascriptEnabled: true, locationContextEnabled: true, mobileEmulationEnabled: false, nativeEvents: true, networkConnectionEnabled: false, pageLoadStrategy: normal, platform: LINUX, platformName: LINUX, proxy: Proxy(), rotatable: false, setWindowRect: true, strictFileInteractability: false, takesHeapSnapshot: true, takesScreenshot: true, timeouts: {implicit: 0, pageLoad: 300000, script: 30000}, unexpectedAlertBehaviour: ignore, unhandledPromptBehavior: ignore, version: 71.0.3578.98, webStorageEnabled: true}\nSession ID: 04402a52602e5489b3850ed2ef0522ce\n*** Element info: {Using=xpath, value=(/(//body[@id='sign']//div[@data-type='jks1']//input[@type='password'])[1]}","trace":"org.openqa.selenium.InvalidSelectorException: invalid selector: Unable to locate an element with the xpath expression (/(//body[@id='sign']//div[@data-type='jks1']//input[@type='password'])[1] because of the following error:\nSyntaxError: Failed to execute 'evaluate' on 'Document': The string '(/(//body[@id='sign']//div[@data-type='jks1']//input[@type='password'])[1]' is not a valid XPath expression.\n  (Session info: chrome=71.0.3578.98)\n  (Driver info: chromedriver=73.0.3683.20 (8e2b610813e167eee3619ac4ce6e42e3ec622017),platform=Linux 4.15.0-20-generic x86_64) (WARNING: The server did not provide any stacktrace information)\nCommand duration or timeout: 0 milliseconds\nFor documentation on this error, please visit: http://seleniumhq.org/exceptions/invalid_selector_exception.html\nBuild info: version: '3.141.5', revision: 'd54ebd709a', time: '2018-11-06T11:42:16'\nSystem info: host: 'dmitriy-System-Product-Name', ip: '127.0.1.1', os.name: 'Linux', os.arch: 'amd64', os.version: '4.15.0-20-generic', java.version: '1.8.0_191'\nDriver info: org.openqa.selenium.chrome.ChromeDriver\nCapabilities {acceptInsecureCerts: true, acceptSslCerts: true, applicationCacheEnabled: false, browserConnectionEnabled: false, browserName: chrome, chrome: {chromedriverVersion: 73.0.3683.20 (8e2b610813e16..., userDataDir: /tmp/.com.google.Chrome.1Gg19u}, cssSelectorsEnabled: true, databaseEnabled: false, goog:chromeOptions: {debuggerAddress: localhost:46459}, handlesAlerts: true, hasTouchScreen: false, javascriptEnabled: true, locationContextEnabled: true, mobileEmulationEnabled: false, nativeEvents: true, networkConnectionEnabled: false, pageLoadStrategy: normal, platform: LINUX, platformName: LINUX, proxy: Proxy(), rotatable: false, setWindowRect: true, strictFileInteractability: false, takesHeapSnapshot: true, takesScreenshot: true, timeouts: {implicit: 0, pageLoad: 300000, script: 30000}, unexpectedAlertBehaviour: ignore, unhandledPromptBehavior: ignore, version: 71.0.3578.98, webStorageEnabled: true}\nSession ID: 04402a52602e5489b3850ed2ef0522ce\n*** Element info: {Using=xpath, value=(/(//body[@id='sign']//div[@data-type='jks1']//input[@type='password'])[1]}\n\tat sun.reflect.NativeConstructorAccessorImpl.newInstance0(Native Method)\n\tat sun.reflect.NativeConstructorAccessorImpl.newInstance(NativeConstructorAccessorImpl.java:62)\n\tat sun.reflect.DelegatingConstructorAccessorImpl.newInstance(DelegatingConstructorAccessorImpl.java:45)\n\tat java.lang.reflect.Constructor.newInstance(Constructor.java:423)\n\tat org.openqa.selenium.remote.ErrorHandler.createThrowable(ErrorHandler.java:214)\n\tat org.openqa.selenium.remote.ErrorHandler.throwIfResponseFailed(ErrorHandler.java:166)\n\tat org.openqa.selenium.remote.http.JsonHttpResponseCodec.reconstructValue(JsonHttpResponseCodec.java:40)\n\tat org.openqa.selenium.remote.http.AbstractHttpResponseCodec.decode(AbstractHttpResponseCodec.java:80)\n\tat org.openqa.selenium.remote.http.AbstractHttpResponseCodec.decode(AbstractHttpResponseCodec.java:44)\n\tat org.openqa.selenium.remote.HttpCommandExecutor.execute(HttpCommandExecutor.java:158)\n\tat org.openqa.selenium.remote.service.DriverCommandExecutor.execute(DriverCommandExecutor.java:83)\n\tat org.openqa.selenium.remote.RemoteWebDriver.execute(RemoteWebDriver.java:552)\n\tat org.openqa.selenium.remote.RemoteWebDriver.findElement(RemoteWebDriver.java:323)\n\tat org.openqa.selenium.remote.RemoteWebDriver.findElementByXPath(RemoteWebDriver.java:428)\n\tat org.openqa.selenium.By$ByXPath.findElement(By.java:353)\n\tat org.openqa.selenium.remote.RemoteWebDriver.findElement(RemoteWebDriver.java:315)\n\tat com.codeborne.selenide.impl.WebElementSelector.findElement(WebElementSelector.java:28)\n\tat com.codeborne.selenide.impl.ElementFinder.getWebElement(ElementFinder.java:74)\n\tat com.codeborne.selenide.impl.WebElementSource.checkCondition(WebElementSource.java:47)\n\tat com.codeborne.selenide.commands.Should.should(Should.java:35)\n\tat com.codeborne.selenide.commands.Should.execute(Should.java:29)\n\tat com.codeborne.selenide.commands.Should.execute(Should.java:12)\n\tat com.codeborne.selenide.commands.Commands.execute(Commands.java:144)\n\tat com.codeborne.selenide.impl.SelenideElementProxy.dispatchAndRetry(SelenideElementProxy.java:99)\n\tat com.codeborne.selenide.impl.SelenideElementProxy.invoke(SelenideElementProxy.java:65)\n\tat com.sun.proxy.$Proxy16.shouldBe(Unknown Source)\n\tat pages.CreateReportDeclaration.subscribeAndSendReport_aroundBody70(CreateReportDeclaration.java:374)\n\tat pages.CreateReportDeclaration$AjcClosure71.run(CreateReportDeclaration.java:1)\n\tat org.aspectj.runtime.reflect.JoinPointImpl.proceed(JoinPointImpl.java:149)\n\tat io.qameta.allure.aspects.StepsAspects.step(StepsAspects.java:50)\n\tat pages.CreateReportDeclaration.subscribeAndSendReport(CreateReportDeclaration.java:367)\n\tat tests.TestRunner.createNewReportDeclaration(TestRunner.java:274)\n\tat sun.reflect.NativeMethodAccessorImpl.invoke0(Native Method)\n\tat sun.reflect.NativeMethodAccessorImpl.invoke(NativeMethodAccessorImpl.java:62)\n\tat sun.reflect.DelegatingMethodAccessorImpl.invoke(DelegatingMethodAccessorImpl.java:43)\n\tat java.lang.reflect.Method.invoke(Method.java:498)\n\tat org.testng.internal.MethodInvocationHelper.invokeMethod(MethodInvocationHelper.java:131)\n\tat org.testng.internal.Invoker.invokeMethod(Invoker.java:658)\n\tat org.testng.internal.Invoker.invokeTestMethod(Invoker.java:792)\n\tat org.testng.internal.Invoker.invokeTestMethods(Invoker.java:1103)\n\tat org.testng.internal.TestMethodWorker.invokeTestMethods(TestMethodWorker.java:140)\n\tat org.testng.internal.TestMethodWorker.run(TestMethodWorker.java:122)\n\tat org.testng.TestRunner.privateRun(TestRunner.java:739)\n\tat org.testng.TestRunner.run(TestRunner.java:589)\n\tat org.testng.SuiteRunner.runTest(SuiteRunner.java:398)\n\tat org.testng.SuiteRunner.runSequentially(SuiteRunner.java:392)\n\tat org.testng.SuiteRunner.privateRun(SuiteRunner.java:354)\n\tat org.testng.SuiteRunner.run(SuiteRunner.java:302)\n\tat org.testng.SuiteRunnerWorker.runSuite(SuiteRunnerWorker.java:53)\n\tat org.testng.SuiteRunnerWorker.run(SuiteRunnerWorker.java:96)\n\tat org.testng.TestNG.runSuitesSequentially(TestNG.java:1145)\n\tat org.testng.TestNG.runSuitesLocally(TestNG.java:1067)\n\tat org.testng.TestNG.runSuites(TestNG.java:997)\n\tat org.testng.TestNG.run(TestNG.java:965)\n\tat org.testng.IDEARemoteTestNG.run(IDEARemoteTestNG.java:72)\n\tat org.testng.RemoteTestNGStarter.main(RemoteTestNGStarter.java:123)\n"},"stage":"finished","steps":[],"attachments":[],"parameters":[],"start":1549533495997,"stop":1549533510034}],"attachments":[{"name":"screenshot","source":"4110e6f5-5c15-46b6-a3c3-7349f278acf2-attachment","type":"img/png"}],"parameters":[],"start":1549533477540,"stop":1549533523779,"uuid":"b9a91e1d-a5a0-41d1-ab09-554b62119bfd","historyId":"8cca2149c448b5db716ca7d6bf1c35d8","fullName":"tests.TestRunner.createNewReportDeclaration","labels":[{"name":"package","value":"tests.TestRunner"},{"name":"testClass","value":"tests.TestRunner"},{"name":"testMethod","value":"createNewReportDeclaration"},{"name":"parentSuite","value":"Default Suite"},{"name":"suite","value":"eDocumentsAndReports"},{"name":"subSuite","value":"tests.TestRunner"},{"name":"host","value":"dmitriy-System-Product-Name"},{"name":"thread","value":"17071@dmitriy-System-Product-Name.main(1)"},{"name":"feature","value":"Тестирование документов"},{"name":"story","value":"Создание документа (позитивный сценарий)"}],"links":[]}