{"name":"Создать новый документ (S0501408)","status":"failed","statusDetails":{"known":false,"muted":false,"flaky":false,"message":"Element not found {By.xpath: //div[@id='sign_container']/iframe}\nExpected: exist","trace":"Element not found {By.xpath: //div[@id='sign_container']/iframe}\nExpected: exist\nScreenshot: file:/home/dmitriy/Projects/eDocumentsAndReports/build/reports/tests/1549621480451.0.png\nPage source: file:/home/dmitriy/Projects/eDocumentsAndReports/build/reports/tests/1549621480451.0.html\nTimeout: 10 s.\nCaused by: NoSuchElementException: no such element: Unable to locate element: {\"method\":\"xpath\",\"selector\":\"//div[@id='sign_container']/iframe\"}\n\tat com.codeborne.selenide.impl.WebElementSource.createElementNotFoundError(WebElementSource.java:34)\n\tat com.codeborne.selenide.impl.ElementFinder.createElementNotFoundError(ElementFinder.java:100)\n\tat com.codeborne.selenide.impl.SelenideElementProxy.dispatchAndRetry(SelenideElementProxy.java:131)\n\tat com.codeborne.selenide.impl.SelenideElementProxy.invoke(SelenideElementProxy.java:65)\n\tat com.sun.proxy.$Proxy16.getWrappedElement(Unknown Source)\n\tat org.openqa.selenium.remote.internal.WebElementToJsonConverter.apply(WebElementToJsonConverter.java:50)\n\tat org.openqa.selenium.remote.RemoteWebDriver$RemoteTargetLocator.frame(RemoteWebDriver.java:891)\n\tat org.openqa.selenium.support.ui.ExpectedConditions$19.apply(ExpectedConditions.java:553)\n\tat org.openqa.selenium.support.ui.ExpectedConditions$19.apply(ExpectedConditions.java:549)\n\tat org.openqa.selenium.support.ui.FluentWait.until(FluentWait.java:249)\n\tat com.codeborne.selenide.SelenideTargetLocator.frame(SelenideTargetLocator.java:60)\n\tat pages.CreateReportDeclarationS0501408.decryptionReceipt_aroundBody58(CreateReportDeclarationS0501408.java:321)\n\tat pages.CreateReportDeclarationS0501408$AjcClosure59.run(CreateReportDeclarationS0501408.java:1)\n\tat org.aspectj.runtime.reflect.JoinPointImpl.proceed(JoinPointImpl.java:149)\n\tat io.qameta.allure.aspects.StepsAspects.step(StepsAspects.java:50)\n\tat pages.CreateReportDeclarationS0501408.decryptionReceipt(CreateReportDeclarationS0501408.java:318)\n\tat tests.TestRunner.createNewReportDeclarationS0501408(TestRunner.java:378)\n\tat sun.reflect.NativeMethodAccessorImpl.invoke0(Native Method)\n\tat sun.reflect.NativeMethodAccessorImpl.invoke(NativeMethodAccessorImpl.java:62)\n\tat sun.reflect.DelegatingMethodAccessorImpl.invoke(DelegatingMethodAccessorImpl.java:43)\n\tat java.lang.reflect.Method.invoke(Method.java:498)\n\tat org.testng.internal.MethodInvocationHelper.invokeMethod(MethodInvocationHelper.java:131)\n\tat org.testng.internal.Invoker.invokeMethod(Invoker.java:658)\n\tat org.testng.internal.Invoker.invokeTestMethod(Invoker.java:792)\n\tat org.testng.internal.Invoker.invokeTestMethods(Invoker.java:1103)\n\tat org.testng.internal.TestMethodWorker.invokeTestMethods(TestMethodWorker.java:140)\n\tat org.testng.internal.TestMethodWorker.run(TestMethodWorker.java:122)\n\tat org.testng.TestRunner.privateRun(TestRunner.java:739)\n\tat org.testng.TestRunner.run(TestRunner.java:589)\n\tat org.testng.SuiteRunner.runTest(SuiteRunner.java:398)\n\tat org.testng.SuiteRunner.runSequentially(SuiteRunner.java:392)\n\tat org.testng.SuiteRunner.privateRun(SuiteRunner.java:354)\n\tat org.testng.SuiteRunner.run(SuiteRunner.java:302)\n\tat org.testng.SuiteRunnerWorker.runSuite(SuiteRunnerWorker.java:53)\n\tat org.testng.SuiteRunnerWorker.run(SuiteRunnerWorker.java:96)\n\tat org.testng.TestNG.runSuitesSequentially(TestNG.java:1145)\n\tat org.testng.TestNG.runSuitesLocally(TestNG.java:1067)\n\tat org.testng.TestNG.runSuites(TestNG.java:997)\n\tat org.testng.TestNG.run(TestNG.java:965)\n\tat org.testng.IDEARemoteTestNG.run(IDEARemoteTestNG.java:72)\n\tat org.testng.RemoteTestNGStarter.main(RemoteTestNGStarter.java:123)\nCaused by: org.openqa.selenium.NoSuchElementException: no such element: Unable to locate element: {\"method\":\"xpath\",\"selector\":\"//div[@id='sign_container']/iframe\"}\n  (Session info: chrome=71.0.3578.98)\n  (Driver info: chromedriver=73.0.3683.20 (8e2b610813e167eee3619ac4ce6e42e3ec622017),platform=Linux 4.15.0-45-generic x86_64) (WARNING: The server did not provide any stacktrace information)\nCommand duration or timeout: 0 milliseconds\nFor documentation on this error, please visit: http://seleniumhq.org/exceptions/no_such_element.html\nBuild info: version: '3.141.5', revision: 'd54ebd709a', time: '2018-11-06T11:42:16'\nSystem info: host: 'dmitriy-System-Product-Name', ip: '127.0.1.1', os.name: 'Linux', os.arch: 'amd64', os.version: '4.15.0-45-generic', java.version: '1.8.0_191'\nDriver info: org.openqa.selenium.chrome.ChromeDriver\nCapabilities {acceptInsecureCerts: true, acceptSslCerts: true, applicationCacheEnabled: false, browserConnectionEnabled: false, browserName: chrome, chrome: {chromedriverVersion: 73.0.3683.20 (8e2b610813e16..., userDataDir: /tmp/.com.google.Chrome.AH1Gw0}, cssSelectorsEnabled: true, databaseEnabled: false, goog:chromeOptions: {debuggerAddress: localhost:36605}, handlesAlerts: true, hasTouchScreen: false, javascriptEnabled: true, locationContextEnabled: true, mobileEmulationEnabled: false, nativeEvents: true, networkConnectionEnabled: false, pageLoadStrategy: normal, platform: LINUX, platformName: LINUX, proxy: Proxy(), rotatable: false, setWindowRect: true, strictFileInteractability: false, takesHeapSnapshot: true, takesScreenshot: true, timeouts: {implicit: 0, pageLoad: 300000, script: 30000}, unexpectedAlertBehaviour: ignore, unhandledPromptBehavior: ignore, version: 71.0.3578.98, webStorageEnabled: true}\nSession ID: 4ade8f19a52f5065ef4f89d004e1c387\n*** Element info: {Using=xpath, value=//div[@id='sign_container']/iframe}\n\tat sun.reflect.GeneratedConstructorAccessor13.newInstance(Unknown Source)\n\tat sun.reflect.DelegatingConstructorAccessorImpl.newInstance(DelegatingConstructorAccessorImpl.java:45)\n\tat java.lang.reflect.Constructor.newInstance(Constructor.java:423)\n\tat org.openqa.selenium.remote.ErrorHandler.createThrowable(ErrorHandler.java:214)\n\tat org.openqa.selenium.remote.ErrorHandler.throwIfResponseFailed(ErrorHandler.java:166)\n\tat org.openqa.selenium.remote.http.JsonHttpResponseCodec.reconstructValue(JsonHttpResponseCodec.java:40)\n\tat org.openqa.selenium.remote.http.AbstractHttpResponseCodec.decode(AbstractHttpResponseCodec.java:80)\n\tat org.openqa.selenium.remote.http.AbstractHttpResponseCodec.decode(AbstractHttpResponseCodec.java:44)\n\tat org.openqa.selenium.remote.HttpCommandExecutor.execute(HttpCommandExecutor.java:158)\n\tat org.openqa.selenium.remote.service.DriverCommandExecutor.execute(DriverCommandExecutor.java:83)\n\tat org.openqa.selenium.remote.RemoteWebDriver.execute(RemoteWebDriver.java:552)\n\tat org.openqa.selenium.remote.RemoteWebDriver.findElement(RemoteWebDriver.java:323)\n\tat org.openqa.selenium.remote.RemoteWebDriver.findElementByXPath(RemoteWebDriver.java:428)\n\tat org.openqa.selenium.By$ByXPath.findElement(By.java:353)\n\tat org.openqa.selenium.remote.RemoteWebDriver.findElement(RemoteWebDriver.java:315)\n\tat com.codeborne.selenide.impl.WebElementSelector.findElement(WebElementSelector.java:28)\n\tat com.codeborne.selenide.impl.ElementFinder.getWebElement(ElementFinder.java:74)\n\tat com.codeborne.selenide.commands.GetWrappedElement.execute(GetWrappedElement.java:11)\n\tat com.codeborne.selenide.commands.GetWrappedElement.execute(GetWrappedElement.java:8)\n\tat com.codeborne.selenide.commands.Commands.execute(Commands.java:144)\n\tat com.codeborne.selenide.impl.SelenideElementProxy.dispatchAndRetry(SelenideElementProxy.java:99)\n\t... 38 more\n"},"stage":"finished","steps":[{"name":"Перейти в список документов","status":"passed","stage":"finished","steps":[],"attachments":[],"parameters":[{"name":"nameStep","value":"Перейти в список документов"}],"start":1549621322690,"stop":1549621322691},{"name":"Перейти на страницу со списком отчетных докуметов","status":"passed","stage":"finished","steps":[{"name":"Закрыть вкладку {nameTitle}: и переключиться на основную","status":"passed","stage":"finished","steps":[],"attachments":[],"parameters":[{"name":"nameTittle","value":"Конструктор отчетов"}],"start":1549621323146,"stop":1549621323501}],"attachments":[],"parameters":[],"start":1549621322812,"stop":1549621323504},{"name":"Проверка правильнрости перехода","status":"passed","stage":"finished","steps":[],"attachments":[],"parameters":[{"name":"nameStep","value":"Проверка правильнрости перехода"}],"start":1549621323504,"stop":1549621323505},{"name":"Проверка страницы \"Типы документов\"","status":"passed","stage":"finished","steps":[],"attachments":[],"parameters":[],"start":1549621323505,"stop":1549621325065},{"name":"Поиск документа с формой \"S0501408\"","status":"passed","stage":"finished","steps":[],"attachments":[],"parameters":[{"name":"nameStep","value":"Поиск документа с формой \"S0501408\""}],"start":1549621325065,"stop":1549621325065},{"name":"Проверка поиска по значению \"S0501408\"","status":"passed","stage":"finished","steps":[],"attachments":[],"parameters":[{"name":"value","value":"S0501408"}],"start":1549621325065,"stop":1549621327796},{"name":"Открытие документа","status":"passed","stage":"finished","steps":[{"name":"Закрыть вкладку {nameTitle}: и переключиться на основную","status":"passed","stage":"finished","steps":[],"attachments":[],"parameters":[{"name":"nameTittle","value":"Типы документов"}],"start":1549621328052,"stop":1549621328514}],"attachments":[],"parameters":[{"name":"value","value":"S0501408"}],"start":1549621327796,"stop":1549621328615},{"name":"Перейти на создание докумета \"J0301206\"","status":"passed","stage":"finished","steps":[{"name":"Закрыть вкладку {nameTitle}: и переключиться на основную","status":"passed","stage":"finished","steps":[],"attachments":[],"parameters":[{"name":"nameTittle","value":"Тип документа: 174"}],"start":1549621328908,"stop":1549621329047}],"attachments":[],"parameters":[],"start":1549621328616,"stop":1549621329059},{"name":"Открыть редактирование документа","status":"passed","stage":"finished","steps":[],"attachments":[],"parameters":[],"start":1549621329060,"stop":1549621329801},{"name":"Ввести в поле \"Ідентифікаційний код\" значение -> \"34554377\"","status":"passed","stage":"finished","steps":[],"attachments":[],"parameters":[{"name":"value","value":"34554377"}],"start":1549621329802,"stop":1549621330078},{"name":"Ввести в поле \"Найменування\" значение -> \"Приватне підприємство \"ЛІТАК\"\"","status":"passed","stage":"finished","steps":[],"attachments":[],"parameters":[{"name":"value","value":"Приватне підприємство \"ЛІТАК\""}],"start":1549621330079,"stop":1549621330410},{"name":"Ввести в поле \"Місцезнаходження\" значение -> \"вул. Леніна, буд. 22, оф. 57, м. Жашків, Жашківський р-н, Черкаська обл., 19203\"","status":"passed","stage":"finished","steps":[],"attachments":[],"parameters":[{"name":"value","value":"вул. Леніна, буд. 22, оф. 57, м. Жашків, Жашківський р-н, Черкаська обл., 19203"}],"start":1549621330410,"stop":1549621331118},{"name":"Ввести в поле \"Адреса здійснення діяльності\" значение -> \"с. Кулебівка, вул.Вузенька, дом біля колодязя\"","status":"passed","stage":"finished","steps":[],"attachments":[],"parameters":[{"name":"value","value":"с. Кулебівка, вул.Вузенька, дом біля колодязя"}],"start":1549621331119,"stop":1549621331612},{"name":"Ввести в поле \"Назва країни\" значение -> \"Китай\"","status":"passed","stage":"finished","steps":[],"attachments":[],"parameters":[{"name":"value","value":"Китай"}],"start":1549621331612,"stop":1549621331853},{"name":"Ввести в поле \"Код країни\" значение -> \"47545\"","status":"passed","stage":"finished","steps":[],"attachments":[],"parameters":[{"name":"value","value":"47545"}],"start":1549621331854,"stop":1549621332090},{"name":"Ввести в поле \"Найменування товару\" значение -> \"Шарики\"","status":"passed","stage":"finished","steps":[],"attachments":[],"parameters":[{"name":"value","value":"Шарики"}],"start":1549621332090,"stop":1549621332316},{"name":"Ввести в поле \"Код товару\" значение -> \"778865\"","status":"passed","stage":"finished","steps":[],"attachments":[],"parameters":[{"name":"value","value":"778865"}],"start":1549621332316,"stop":1549621332544},{"name":"Ввести в поле \"Назва валюти\" значение -> \"USD\"","status":"passed","stage":"finished","steps":[],"attachments":[],"parameters":[{"name":"value","value":"USD"}],"start":1549621332544,"stop":1549621332758},{"name":"Ввести в поле \"Код валюти\" значение -> \"12356\"","status":"passed","stage":"finished","steps":[],"attachments":[],"parameters":[{"name":"value","value":"12356"}],"start":1549621332759,"stop":1549621332993},{"name":"Ввести в поле \"Кількіть єкспортованих товарів\" значение -> \"75000.000000\"","status":"passed","stage":"finished","steps":[],"attachments":[],"parameters":[{"name":"value","value":"75000.000000"}],"start":1549621332993,"stop":1549621333725},{"name":"Ввести в поле \"Вартість єкспортованих товарів\" значение -> \"125.546487\"","status":"passed","stage":"finished","steps":[],"attachments":[],"parameters":[{"name":"value","value":"125.546487"}],"start":1549621333726,"stop":1549621334455},{"name":"Ввести в поле \"Назва країни\" значение -> \"Украина\"","status":"passed","stage":"finished","steps":[],"attachments":[],"parameters":[{"name":"value","value":"Украина"}],"start":1549621334456,"stop":1549621334707},{"name":"Ввести в поле \"Код країни\" значение -> \"84321\"","status":"passed","stage":"finished","steps":[],"attachments":[],"parameters":[{"name":"value","value":"84321"}],"start":1549621334707,"stop":1549621334945},{"name":"Ввести в поле \"Найменування товару\" значение -> \"Сгущенка\"","status":"passed","stage":"finished","steps":[],"attachments":[],"parameters":[{"name":"value","value":"Сгущенка"}],"start":1549621334945,"stop":1549621335189},{"name":"Ввести в поле \"Код товару\" значение -> \"465413\"","status":"passed","stage":"finished","steps":[],"attachments":[],"parameters":[{"name":"value","value":"465413"}],"start":1549621335189,"stop":1549621335443},{"name":"Ввести в поле \"Назва валюти\" значение -> \"ГРН\"","status":"passed","stage":"finished","steps":[],"attachments":[],"parameters":[{"name":"value","value":"ГРН"}],"start":1549621335443,"stop":1549621335670},{"name":"Ввести в поле \"Код валюти\" значение -> \"6562\"","status":"passed","stage":"finished","steps":[],"attachments":[],"parameters":[{"name":"value","value":"6562"}],"start":1549621335671,"stop":1549621335903},{"name":"Ввести в поле \"Кількіть єкспортованих товарів\" значение -> \"15000.123450\"","status":"passed","stage":"finished","steps":[],"attachments":[],"parameters":[{"name":"value","value":"15000.123450"}],"start":1549621335903,"stop":1549621336649},{"name":"Ввести в поле \"Вартість єкспортованих товарів\" значение -> \"3.546487\"","status":"passed","stage":"finished","steps":[],"attachments":[],"parameters":[{"name":"value","value":"3.546487"}],"start":1549621336649,"stop":1549621337397},{"name":"Ввести в поле \"П.І.Б. керівника\" значение -> \"Санёк Сивочка\"","status":"passed","stage":"finished","steps":[],"attachments":[],"parameters":[{"name":"value","value":"Санёк Сивочка"}],"start":1549621337397,"stop":1549621337680},{"name":"Ввести в поле \"П.І.Б.\" значение -> \"Тётя Света\"","status":"passed","stage":"finished","steps":[],"attachments":[],"parameters":[{"name":"value","value":"Тётя Света"}],"start":1549621337680,"stop":1549621337952},{"name":"Ввести в поле \"телефон\" значение -> \"+380677787141\"","status":"passed","stage":"finished","steps":[],"attachments":[],"parameters":[{"name":"value","value":"+380677787141"}],"start":1549621337952,"stop":1549621338237},{"name":"Ввести в поле \"факс\" значение -> \"94522\"","status":"passed","stage":"finished","steps":[],"attachments":[],"parameters":[{"name":"value","value":"94522"}],"start":1549621338237,"stop":1549621338480},{"name":"Ввести в поле \"електронна пошта\" значение -> \"willows@ua.fm\"","status":"passed","stage":"finished","steps":[],"attachments":[],"parameters":[{"name":"value","value":"willows@ua.fm"}],"start":1549621338481,"stop":1549621338862},{"name":"Сохранение текущего отчета","status":"passed","stage":"finished","steps":[],"attachments":[],"parameters":[],"start":1549621338862,"stop":1549621340012},{"name":"Подписать и отправить отчет","status":"passed","stage":"finished","steps":[],"attachments":[],"parameters":[],"start":1549621340013,"stop":1549621348664},{"name":"Ожидание изменения статуса","status":"passed","stage":"finished","steps":[],"attachments":[],"parameters":[],"start":1549621348664,"stop":1549621469779},{"name":"Расшифровка квитанции","status":"failed","statusDetails":{"known":false,"muted":false,"flaky":false,"message":"Element not found {By.xpath: //div[@id='sign_container']/iframe}\nExpected: exist","trace":"Element not found {By.xpath: //div[@id='sign_container']/iframe}\nExpected: exist\nScreenshot: file:/home/dmitriy/Projects/eDocumentsAndReports/build/reports/tests/1549621480451.0.png\nPage source: file:/home/dmitriy/Projects/eDocumentsAndReports/build/reports/tests/1549621480451.0.html\nTimeout: 10 s.\nCaused by: NoSuchElementException: no such element: Unable to locate element: {\"method\":\"xpath\",\"selector\":\"//div[@id='sign_container']/iframe\"}\n\tat com.codeborne.selenide.impl.WebElementSource.createElementNotFoundError(WebElementSource.java:34)\n\tat com.codeborne.selenide.impl.ElementFinder.createElementNotFoundError(ElementFinder.java:100)\n\tat com.codeborne.selenide.impl.SelenideElementProxy.dispatchAndRetry(SelenideElementProxy.java:131)\n\tat com.codeborne.selenide.impl.SelenideElementProxy.invoke(SelenideElementProxy.java:65)\n\tat com.sun.proxy.$Proxy16.getWrappedElement(Unknown Source)\n\tat org.openqa.selenium.remote.internal.WebElementToJsonConverter.apply(WebElementToJsonConverter.java:50)\n\tat org.openqa.selenium.remote.RemoteWebDriver$RemoteTargetLocator.frame(RemoteWebDriver.java:891)\n\tat org.openqa.selenium.support.ui.ExpectedConditions$19.apply(ExpectedConditions.java:553)\n\tat org.openqa.selenium.support.ui.ExpectedConditions$19.apply(ExpectedConditions.java:549)\n\tat org.openqa.selenium.support.ui.FluentWait.until(FluentWait.java:249)\n\tat com.codeborne.selenide.SelenideTargetLocator.frame(SelenideTargetLocator.java:60)\n\tat pages.CreateReportDeclarationS0501408.decryptionReceipt_aroundBody58(CreateReportDeclarationS0501408.java:321)\n\tat pages.CreateReportDeclarationS0501408$AjcClosure59.run(CreateReportDeclarationS0501408.java:1)\n\tat org.aspectj.runtime.reflect.JoinPointImpl.proceed(JoinPointImpl.java:149)\n\tat io.qameta.allure.aspects.StepsAspects.step(StepsAspects.java:50)\n\tat pages.CreateReportDeclarationS0501408.decryptionReceipt(CreateReportDeclarationS0501408.java:318)\n\tat tests.TestRunner.createNewReportDeclarationS0501408(TestRunner.java:378)\n\tat sun.reflect.NativeMethodAccessorImpl.invoke0(Native Method)\n\tat sun.reflect.NativeMethodAccessorImpl.invoke(NativeMethodAccessorImpl.java:62)\n\tat sun.reflect.DelegatingMethodAccessorImpl.invoke(DelegatingMethodAccessorImpl.java:43)\n\tat java.lang.reflect.Method.invoke(Method.java:498)\n\tat org.testng.internal.MethodInvocationHelper.invokeMethod(MethodInvocationHelper.java:131)\n\tat org.testng.internal.Invoker.invokeMethod(Invoker.java:658)\n\tat org.testng.internal.Invoker.invokeTestMethod(Invoker.java:792)\n\tat org.testng.internal.Invoker.invokeTestMethods(Invoker.java:1103)\n\tat org.testng.internal.TestMethodWorker.invokeTestMethods(TestMethodWorker.java:140)\n\tat org.testng.internal.TestMethodWorker.run(TestMethodWorker.java:122)\n\tat org.testng.TestRunner.privateRun(TestRunner.java:739)\n\tat org.testng.TestRunner.run(TestRunner.java:589)\n\tat org.testng.SuiteRunner.runTest(SuiteRunner.java:398)\n\tat org.testng.SuiteRunner.runSequentially(SuiteRunner.java:392)\n\tat org.testng.SuiteRunner.privateRun(SuiteRunner.java:354)\n\tat org.testng.SuiteRunner.run(SuiteRunner.java:302)\n\tat org.testng.SuiteRunnerWorker.runSuite(SuiteRunnerWorker.java:53)\n\tat org.testng.SuiteRunnerWorker.run(SuiteRunnerWorker.java:96)\n\tat org.testng.TestNG.runSuitesSequentially(TestNG.java:1145)\n\tat org.testng.TestNG.runSuitesLocally(TestNG.java:1067)\n\tat org.testng.TestNG.runSuites(TestNG.java:997)\n\tat org.testng.TestNG.run(TestNG.java:965)\n\tat org.testng.IDEARemoteTestNG.run(IDEARemoteTestNG.java:72)\n\tat org.testng.RemoteTestNGStarter.main(RemoteTestNGStarter.java:123)\nCaused by: org.openqa.selenium.NoSuchElementException: no such element: Unable to locate element: {\"method\":\"xpath\",\"selector\":\"//div[@id='sign_container']/iframe\"}\n  (Session info: chrome=71.0.3578.98)\n  (Driver info: chromedriver=73.0.3683.20 (8e2b610813e167eee3619ac4ce6e42e3ec622017),platform=Linux 4.15.0-45-generic x86_64) (WARNING: The server did not provide any stacktrace information)\nCommand duration or timeout: 0 milliseconds\nFor documentation on this error, please visit: http://seleniumhq.org/exceptions/no_such_element.html\nBuild info: version: '3.141.5', revision: 'd54ebd709a', time: '2018-11-06T11:42:16'\nSystem info: host: 'dmitriy-System-Product-Name', ip: '127.0.1.1', os.name: 'Linux', os.arch: 'amd64', os.version: '4.15.0-45-generic', java.version: '1.8.0_191'\nDriver info: org.openqa.selenium.chrome.ChromeDriver\nCapabilities {acceptInsecureCerts: true, acceptSslCerts: true, applicationCacheEnabled: false, browserConnectionEnabled: false, browserName: chrome, chrome: {chromedriverVersion: 73.0.3683.20 (8e2b610813e16..., userDataDir: /tmp/.com.google.Chrome.AH1Gw0}, cssSelectorsEnabled: true, databaseEnabled: false, goog:chromeOptions: {debuggerAddress: localhost:36605}, handlesAlerts: true, hasTouchScreen: false, javascriptEnabled: true, locationContextEnabled: true, mobileEmulationEnabled: false, nativeEvents: true, networkConnectionEnabled: false, pageLoadStrategy: normal, platform: LINUX, platformName: LINUX, proxy: Proxy(), rotatable: false, setWindowRect: true, strictFileInteractability: false, takesHeapSnapshot: true, takesScreenshot: true, timeouts: {implicit: 0, pageLoad: 300000, script: 30000}, unexpectedAlertBehaviour: ignore, unhandledPromptBehavior: ignore, version: 71.0.3578.98, webStorageEnabled: true}\nSession ID: 4ade8f19a52f5065ef4f89d004e1c387\n*** Element info: {Using=xpath, value=//div[@id='sign_container']/iframe}\n\tat sun.reflect.GeneratedConstructorAccessor13.newInstance(Unknown Source)\n\tat sun.reflect.DelegatingConstructorAccessorImpl.newInstance(DelegatingConstructorAccessorImpl.java:45)\n\tat java.lang.reflect.Constructor.newInstance(Constructor.java:423)\n\tat org.openqa.selenium.remote.ErrorHandler.createThrowable(ErrorHandler.java:214)\n\tat org.openqa.selenium.remote.ErrorHandler.throwIfResponseFailed(ErrorHandler.java:166)\n\tat org.openqa.selenium.remote.http.JsonHttpResponseCodec.reconstructValue(JsonHttpResponseCodec.java:40)\n\tat org.openqa.selenium.remote.http.AbstractHttpResponseCodec.decode(AbstractHttpResponseCodec.java:80)\n\tat org.openqa.selenium.remote.http.AbstractHttpResponseCodec.decode(AbstractHttpResponseCodec.java:44)\n\tat org.openqa.selenium.remote.HttpCommandExecutor.execute(HttpCommandExecutor.java:158)\n\tat org.openqa.selenium.remote.service.DriverCommandExecutor.execute(DriverCommandExecutor.java:83)\n\tat org.openqa.selenium.remote.RemoteWebDriver.execute(RemoteWebDriver.java:552)\n\tat org.openqa.selenium.remote.RemoteWebDriver.findElement(RemoteWebDriver.java:323)\n\tat org.openqa.selenium.remote.RemoteWebDriver.findElementByXPath(RemoteWebDriver.java:428)\n\tat org.openqa.selenium.By$ByXPath.findElement(By.java:353)\n\tat org.openqa.selenium.remote.RemoteWebDriver.findElement(RemoteWebDriver.java:315)\n\tat com.codeborne.selenide.impl.WebElementSelector.findElement(WebElementSelector.java:28)\n\tat com.codeborne.selenide.impl.ElementFinder.getWebElement(ElementFinder.java:74)\n\tat com.codeborne.selenide.commands.GetWrappedElement.execute(GetWrappedElement.java:11)\n\tat com.codeborne.selenide.commands.GetWrappedElement.execute(GetWrappedElement.java:8)\n\tat com.codeborne.selenide.commands.Commands.execute(Commands.java:144)\n\tat com.codeborne.selenide.impl.SelenideElementProxy.dispatchAndRetry(SelenideElementProxy.java:99)\n\t... 38 more\n"},"stage":"finished","steps":[],"attachments":[],"parameters":[],"start":1549621469779,"stop":1549621480691}],"attachments":[{"name":"screenshot","source":"0088213c-f1ea-4be0-ba90-971bdc6e2283-attachment","type":"img/png"}],"parameters":[],"start":1549621322666,"stop":1549621480890,"uuid":"e4155cf2-2186-4d0e-a37c-077cdc59936c","historyId":"a42821f810fb6baabbeb3e417f5e80fd","fullName":"tests.TestRunner.createNewReportDeclarationS0501408","labels":[{"name":"package","value":"tests.TestRunner"},{"name":"testClass","value":"tests.TestRunner"},{"name":"testMethod","value":"createNewReportDeclarationS0501408"},{"name":"parentSuite","value":"Default Suite"},{"name":"suite","value":"eDocumentsAndReports"},{"name":"subSuite","value":"tests.TestRunner"},{"name":"host","value":"dmitriy-System-Product-Name"},{"name":"thread","value":"5576@dmitriy-System-Product-Name.main(1)"},{"name":"feature","value":"Тестирование документов"},{"name":"story","value":"Создание документа (позитивный сценарий) S0501408"}],"links":[]}