{"name":"Создать новый документ (S0501408)","status":"failed","statusDetails":{"known":false,"muted":false,"flaky":false,"message":"Element not found {By.id: //*[@class='btn_decrypt p24_btn_green']}\nExpected: visible","trace":"Element not found {By.id: //*[@class='btn_decrypt p24_btn_green']}\nExpected: visible\nScreenshot: file:/home/dmitriy/Projects/eDocumentsAndReports/build/reports/tests/1549612789268.0.png\nPage source: file:/home/dmitriy/Projects/eDocumentsAndReports/build/reports/tests/1549612789268.0.html\nTimeout: 10 s.\nCaused by: NoSuchElementException: no such element: Unable to locate element: {\"method\":\"id\",\"selector\":\"//*[@class='btn_decrypt p24_btn_green']\"}\n\tat com.codeborne.selenide.impl.WebElementSource.createElementNotFoundError(WebElementSource.java:34)\n\tat com.codeborne.selenide.impl.ElementFinder.createElementNotFoundError(ElementFinder.java:100)\n\tat com.codeborne.selenide.impl.WebElementSource.checkCondition(WebElementSource.java:62)\n\tat com.codeborne.selenide.commands.Should.should(Should.java:35)\n\tat com.codeborne.selenide.commands.Should.execute(Should.java:29)\n\tat com.codeborne.selenide.commands.Should.execute(Should.java:12)\n\tat com.codeborne.selenide.commands.Commands.execute(Commands.java:144)\n\tat com.codeborne.selenide.impl.SelenideElementProxy.dispatchAndRetry(SelenideElementProxy.java:99)\n\tat com.codeborne.selenide.impl.SelenideElementProxy.invoke(SelenideElementProxy.java:65)\n\tat com.sun.proxy.$Proxy16.shouldBe(Unknown Source)\n\tat pages.CreateReportDeclarationS0501408.decryptionReceipt_aroundBody58(CreateReportDeclarationS0501408.java:316)\n\tat pages.CreateReportDeclarationS0501408$AjcClosure59.run(CreateReportDeclarationS0501408.java:1)\n\tat org.aspectj.runtime.reflect.JoinPointImpl.proceed(JoinPointImpl.java:149)\n\tat io.qameta.allure.aspects.StepsAspects.step(StepsAspects.java:50)\n\tat pages.CreateReportDeclarationS0501408.decryptionReceipt(CreateReportDeclarationS0501408.java:316)\n\tat tests.TestRunner.createNewReportDeclarationS0501408(TestRunner.java:379)\n\tat sun.reflect.NativeMethodAccessorImpl.invoke0(Native Method)\n\tat sun.reflect.NativeMethodAccessorImpl.invoke(NativeMethodAccessorImpl.java:62)\n\tat sun.reflect.DelegatingMethodAccessorImpl.invoke(DelegatingMethodAccessorImpl.java:43)\n\tat java.lang.reflect.Method.invoke(Method.java:498)\n\tat org.testng.internal.MethodInvocationHelper.invokeMethod(MethodInvocationHelper.java:131)\n\tat org.testng.internal.Invoker.invokeMethod(Invoker.java:658)\n\tat org.testng.internal.Invoker.invokeTestMethod(Invoker.java:792)\n\tat org.testng.internal.Invoker.invokeTestMethods(Invoker.java:1103)\n\tat org.testng.internal.TestMethodWorker.invokeTestMethods(TestMethodWorker.java:140)\n\tat org.testng.internal.TestMethodWorker.run(TestMethodWorker.java:122)\n\tat org.testng.TestRunner.privateRun(TestRunner.java:739)\n\tat org.testng.TestRunner.run(TestRunner.java:589)\n\tat org.testng.SuiteRunner.runTest(SuiteRunner.java:398)\n\tat org.testng.SuiteRunner.runSequentially(SuiteRunner.java:392)\n\tat org.testng.SuiteRunner.privateRun(SuiteRunner.java:354)\n\tat org.testng.SuiteRunner.run(SuiteRunner.java:302)\n\tat org.testng.SuiteRunnerWorker.runSuite(SuiteRunnerWorker.java:53)\n\tat org.testng.SuiteRunnerWorker.run(SuiteRunnerWorker.java:96)\n\tat org.testng.TestNG.runSuitesSequentially(TestNG.java:1145)\n\tat org.testng.TestNG.runSuitesLocally(TestNG.java:1067)\n\tat org.testng.TestNG.runSuites(TestNG.java:997)\n\tat org.testng.TestNG.run(TestNG.java:965)\n\tat org.testng.IDEARemoteTestNG.run(IDEARemoteTestNG.java:72)\n\tat org.testng.RemoteTestNGStarter.main(RemoteTestNGStarter.java:123)\nCaused by: org.openqa.selenium.NoSuchElementException: no such element: Unable to locate element: {\"method\":\"id\",\"selector\":\"//*[@class='btn_decrypt p24_btn_green']\"}\n  (Session info: chrome=71.0.3578.98)\n  (Driver info: chromedriver=73.0.3683.20 (8e2b610813e167eee3619ac4ce6e42e3ec622017),platform=Linux 4.15.0-45-generic x86_64) (WARNING: The server did not provide any stacktrace information)\nCommand duration or timeout: 0 milliseconds\nFor documentation on this error, please visit: http://seleniumhq.org/exceptions/no_such_element.html\nBuild info: version: '3.141.5', revision: 'd54ebd709a', time: '2018-11-06T11:42:16'\nSystem info: host: 'dmitriy-System-Product-Name', ip: '127.0.1.1', os.name: 'Linux', os.arch: 'amd64', os.version: '4.15.0-45-generic', java.version: '1.8.0_191'\nDriver info: org.openqa.selenium.chrome.ChromeDriver\nCapabilities {acceptInsecureCerts: true, acceptSslCerts: true, applicationCacheEnabled: false, browserConnectionEnabled: false, browserName: chrome, chrome: {chromedriverVersion: 73.0.3683.20 (8e2b610813e16..., userDataDir: /tmp/.com.google.Chrome.7rKmcG}, cssSelectorsEnabled: true, databaseEnabled: false, goog:chromeOptions: {debuggerAddress: localhost:45467}, handlesAlerts: true, hasTouchScreen: false, javascriptEnabled: true, locationContextEnabled: true, mobileEmulationEnabled: false, nativeEvents: true, networkConnectionEnabled: false, pageLoadStrategy: normal, platform: LINUX, platformName: LINUX, proxy: Proxy(), rotatable: false, setWindowRect: true, strictFileInteractability: false, takesHeapSnapshot: true, takesScreenshot: true, timeouts: {implicit: 0, pageLoad: 300000, script: 30000}, unexpectedAlertBehaviour: ignore, unhandledPromptBehavior: ignore, version: 71.0.3578.98, webStorageEnabled: true}\nSession ID: 1de58f132f157ed3360d7eaf2246cd3e\n*** Element info: {Using=id, value=//*[@class='btn_decrypt p24_btn_green']}\n\tat sun.reflect.GeneratedConstructorAccessor19.newInstance(Unknown Source)\n\tat sun.reflect.DelegatingConstructorAccessorImpl.newInstance(DelegatingConstructorAccessorImpl.java:45)\n\tat java.lang.reflect.Constructor.newInstance(Constructor.java:423)\n\tat org.openqa.selenium.remote.ErrorHandler.createThrowable(ErrorHandler.java:214)\n\tat org.openqa.selenium.remote.ErrorHandler.throwIfResponseFailed(ErrorHandler.java:166)\n\tat org.openqa.selenium.remote.http.JsonHttpResponseCodec.reconstructValue(JsonHttpResponseCodec.java:40)\n\tat org.openqa.selenium.remote.http.AbstractHttpResponseCodec.decode(AbstractHttpResponseCodec.java:80)\n\tat org.openqa.selenium.remote.http.AbstractHttpResponseCodec.decode(AbstractHttpResponseCodec.java:44)\n\tat org.openqa.selenium.remote.HttpCommandExecutor.execute(HttpCommandExecutor.java:158)\n\tat org.openqa.selenium.remote.service.DriverCommandExecutor.execute(DriverCommandExecutor.java:83)\n\tat org.openqa.selenium.remote.RemoteWebDriver.execute(RemoteWebDriver.java:552)\n\tat org.openqa.selenium.remote.RemoteWebDriver.findElement(RemoteWebDriver.java:323)\n\tat org.openqa.selenium.remote.RemoteWebDriver.findElementById(RemoteWebDriver.java:372)\n\tat org.openqa.selenium.By$ById.findElement(By.java:188)\n\tat org.openqa.selenium.remote.RemoteWebDriver.findElement(RemoteWebDriver.java:315)\n\tat com.codeborne.selenide.impl.WebElementSelector.findElement(WebElementSelector.java:28)\n\tat com.codeborne.selenide.impl.ElementFinder.getWebElement(ElementFinder.java:74)\n\tat com.codeborne.selenide.impl.WebElementSource.checkCondition(WebElementSource.java:47)\n\t... 37 more\n"},"stage":"finished","steps":[{"name":"Перейти в список документов","status":"passed","stage":"finished","steps":[],"attachments":[],"parameters":[{"name":"nameStep","value":"Перейти в список документов"}],"start":1549612632440,"stop":1549612632441},{"name":"Перейти на страницу со списком отчетных докуметов","status":"passed","stage":"finished","steps":[{"name":"Закрыть вкладку {nameTitle}: и переключиться на основную","status":"passed","stage":"finished","steps":[],"attachments":[],"parameters":[{"name":"nameTittle","value":"Конструктор отчетов"}],"start":1549612632875,"stop":1549612633274}],"attachments":[],"parameters":[],"start":1549612632545,"stop":1549612633275},{"name":"Проверка правильнрости перехода","status":"passed","stage":"finished","steps":[],"attachments":[],"parameters":[{"name":"nameStep","value":"Проверка правильнрости перехода"}],"start":1549612633275,"stop":1549612633275},{"name":"Проверка страницы \"Типы документов\"","status":"passed","stage":"finished","steps":[],"attachments":[],"parameters":[],"start":1549612633276,"stop":1549612634878},{"name":"Поиск документа с формой \"S0501408\"","status":"passed","stage":"finished","steps":[],"attachments":[],"parameters":[{"name":"nameStep","value":"Поиск документа с формой \"S0501408\""}],"start":1549612634878,"stop":1549612634878},{"name":"Проверка поиска по значению \"S0501408\"","status":"passed","stage":"finished","steps":[],"attachments":[],"parameters":[{"name":"value","value":"S0501408"}],"start":1549612634879,"stop":1549612637556},{"name":"Открытие документа","status":"passed","stage":"finished","steps":[{"name":"Закрыть вкладку {nameTitle}: и переключиться на основную","status":"passed","stage":"finished","steps":[],"attachments":[],"parameters":[{"name":"nameTittle","value":"Типы документов"}],"start":1549612637842,"stop":1549612638166}],"attachments":[],"parameters":[{"name":"value","value":"S0501408"}],"start":1549612637557,"stop":1549612638253},{"name":"Перейти на создание докумета \"J0301206\"","status":"passed","stage":"finished","steps":[{"name":"Закрыть вкладку {nameTitle}: и переключиться на основную","status":"passed","stage":"finished","steps":[],"attachments":[],"parameters":[{"name":"nameTittle","value":"Тип документа: 174"}],"start":1549612638531,"stop":1549612638685}],"attachments":[],"parameters":[],"start":1549612638254,"stop":1549612638687},{"name":"Открыть редактирование документа","status":"passed","stage":"finished","steps":[],"attachments":[],"parameters":[],"start":1549612638687,"stop":1549612639469},{"name":"Ввести в поле \"Ідентифікаційний код\" значение -> \"34554377\"","status":"passed","stage":"finished","steps":[],"attachments":[],"parameters":[{"name":"value","value":"34554377"}],"start":1549612639469,"stop":1549612639746},{"name":"Ввести в поле \"Найменування\" значение -> \"Приватне підприємство \"ЛІТАК\"\"","status":"passed","stage":"finished","steps":[],"attachments":[],"parameters":[{"name":"value","value":"Приватне підприємство \"ЛІТАК\""}],"start":1549612639746,"stop":1549612640133},{"name":"Ввести в поле \"Місцезнаходження\" значение -> \"вул. Леніна, буд. 22, оф. 57, м. Жашків, Жашківський р-н, Черкаська обл., 19203\"","status":"passed","stage":"finished","steps":[],"attachments":[],"parameters":[{"name":"value","value":"вул. Леніна, буд. 22, оф. 57, м. Жашків, Жашківський р-н, Черкаська обл., 19203"}],"start":1549612640133,"stop":1549612640852},{"name":"Ввести в поле \"Адреса здійснення діяльності\" значение -> \"с. Кулебівка, вул.Вузенька, дом біля колодязя\"","status":"passed","stage":"finished","steps":[],"attachments":[],"parameters":[{"name":"value","value":"с. Кулебівка, вул.Вузенька, дом біля колодязя"}],"start":1549612640853,"stop":1549612641336},{"name":"Ввести в поле \"Назва країни\" значение -> \"Китай\"","status":"passed","stage":"finished","steps":[],"attachments":[],"parameters":[{"name":"value","value":"Китай"}],"start":1549612641337,"stop":1549612641574},{"name":"Ввести в поле \"Код країни\" значение -> \"47545\"","status":"passed","stage":"finished","steps":[],"attachments":[],"parameters":[{"name":"value","value":"47545"}],"start":1549612641574,"stop":1549612641793},{"name":"Ввести в поле \"Найменування товару\" значение -> \"Шарики\"","status":"passed","stage":"finished","steps":[],"attachments":[],"parameters":[{"name":"value","value":"Шарики"}],"start":1549612641794,"stop":1549612642019},{"name":"Ввести в поле \"Код товару\" значение -> \"778865\"","status":"passed","stage":"finished","steps":[],"attachments":[],"parameters":[{"name":"value","value":"778865"}],"start":1549612642020,"stop":1549612642255},{"name":"Ввести в поле \"Назва валюти\" значение -> \"USD\"","status":"passed","stage":"finished","steps":[],"attachments":[],"parameters":[{"name":"value","value":"USD"}],"start":1549612642255,"stop":1549612642470},{"name":"Ввести в поле \"Код валюти\" значение -> \"12356\"","status":"passed","stage":"finished","steps":[],"attachments":[],"parameters":[{"name":"value","value":"12356"}],"start":1549612642470,"stop":1549612642690},{"name":"Ввести в поле \"Кількіть єкспортованих товарів\" значение -> \"75000.000000\"","status":"passed","stage":"finished","steps":[],"attachments":[],"parameters":[{"name":"value","value":"75000.000000"}],"start":1549612642690,"stop":1549612643434},{"name":"Ввести в поле \"Вартість єкспортованих товарів\" значение -> \"125.546487\"","status":"passed","stage":"finished","steps":[],"attachments":[],"parameters":[{"name":"value","value":"125.546487"}],"start":1549612643435,"stop":1549612644153},{"name":"Ввести в поле \"Назва країни\" значение -> \"Украина\"","status":"passed","stage":"finished","steps":[],"attachments":[],"parameters":[{"name":"value","value":"Украина"}],"start":1549612644153,"stop":1549612644398},{"name":"Ввести в поле \"Код країни\" значение -> \"84321\"","status":"passed","stage":"finished","steps":[],"attachments":[],"parameters":[{"name":"value","value":"84321"}],"start":1549612644398,"stop":1549612644633},{"name":"Ввести в поле \"Найменування товару\" значение -> \"Сгущенка\"","status":"passed","stage":"finished","steps":[],"attachments":[],"parameters":[{"name":"value","value":"Сгущенка"}],"start":1549612644633,"stop":1549612644889},{"name":"Ввести в поле \"Код товару\" значение -> \"465413\"","status":"passed","stage":"finished","steps":[],"attachments":[],"parameters":[{"name":"value","value":"465413"}],"start":1549612644889,"stop":1549612645132},{"name":"Ввести в поле \"Назва валюти\" значение -> \"ГРН\"","status":"passed","stage":"finished","steps":[],"attachments":[],"parameters":[{"name":"value","value":"ГРН"}],"start":1549612645133,"stop":1549612645360},{"name":"Ввести в поле \"Код валюти\" значение -> \"6562\"","status":"passed","stage":"finished","steps":[],"attachments":[],"parameters":[{"name":"value","value":"6562"}],"start":1549612645361,"stop":1549612645566},{"name":"Ввести в поле \"Кількіть єкспортованих товарів\" значение -> \"15000.123450\"","status":"passed","stage":"finished","steps":[],"attachments":[],"parameters":[{"name":"value","value":"15000.123450"}],"start":1549612645566,"stop":1549612646318},{"name":"Ввести в поле \"Вартість єкспортованих товарів\" значение -> \"3.546487\"","status":"passed","stage":"finished","steps":[],"attachments":[],"parameters":[{"name":"value","value":"3.546487"}],"start":1549612646319,"stop":1549612647048},{"name":"Ввести в поле \"П.І.Б. керівника\" значение -> \"Санёк Сивочка\"","status":"passed","stage":"finished","steps":[],"attachments":[],"parameters":[{"name":"value","value":"Санёк Сивочка"}],"start":1549612647049,"stop":1549612647318},{"name":"Ввести в поле \"П.І.Б.\" значение -> \"Тётя Света\"","status":"passed","stage":"finished","steps":[],"attachments":[],"parameters":[{"name":"value","value":"Тётя Света"}],"start":1549612647319,"stop":1549612647589},{"name":"Ввести в поле \"телефон\" значение -> \"+380677787141\"","status":"passed","stage":"finished","steps":[],"attachments":[],"parameters":[{"name":"value","value":"+380677787141"}],"start":1549612647589,"stop":1549612647873},{"name":"Ввести в поле \"факс\" значение -> \"94522\"","status":"passed","stage":"finished","steps":[],"attachments":[],"parameters":[{"name":"value","value":"94522"}],"start":1549612647874,"stop":1549612648112},{"name":"Ввести в поле \"електронна пошта\" значение -> \"willows@ua.fm\"","status":"passed","stage":"finished","steps":[],"attachments":[],"parameters":[{"name":"value","value":"willows@ua.fm"}],"start":1549612648112,"stop":1549612648411},{"name":"Сохранение текущего отчета","status":"passed","stage":"finished","steps":[],"attachments":[],"parameters":[],"start":1549612648411,"stop":1549612649522},{"name":"Подписать и отправить отчет","status":"passed","stage":"finished","steps":[],"attachments":[],"parameters":[],"start":1549612649523,"stop":1549612658051},{"name":"Ожидание изменения статуса","status":"passed","stage":"finished","steps":[],"attachments":[],"parameters":[],"start":1549612658052,"stop":1549612779122},{"name":"Расшифровка квитанции","status":"failed","statusDetails":{"known":false,"muted":false,"flaky":false,"message":"Element not found {By.id: //*[@class='btn_decrypt p24_btn_green']}\nExpected: visible","trace":"Element not found {By.id: //*[@class='btn_decrypt p24_btn_green']}\nExpected: visible\nScreenshot: file:/home/dmitriy/Projects/eDocumentsAndReports/build/reports/tests/1549612789268.0.png\nPage source: file:/home/dmitriy/Projects/eDocumentsAndReports/build/reports/tests/1549612789268.0.html\nTimeout: 10 s.\nCaused by: NoSuchElementException: no such element: Unable to locate element: {\"method\":\"id\",\"selector\":\"//*[@class='btn_decrypt p24_btn_green']\"}\n\tat com.codeborne.selenide.impl.WebElementSource.createElementNotFoundError(WebElementSource.java:34)\n\tat com.codeborne.selenide.impl.ElementFinder.createElementNotFoundError(ElementFinder.java:100)\n\tat com.codeborne.selenide.impl.WebElementSource.checkCondition(WebElementSource.java:62)\n\tat com.codeborne.selenide.commands.Should.should(Should.java:35)\n\tat com.codeborne.selenide.commands.Should.execute(Should.java:29)\n\tat com.codeborne.selenide.commands.Should.execute(Should.java:12)\n\tat com.codeborne.selenide.commands.Commands.execute(Commands.java:144)\n\tat com.codeborne.selenide.impl.SelenideElementProxy.dispatchAndRetry(SelenideElementProxy.java:99)\n\tat com.codeborne.selenide.impl.SelenideElementProxy.invoke(SelenideElementProxy.java:65)\n\tat com.sun.proxy.$Proxy16.shouldBe(Unknown Source)\n\tat pages.CreateReportDeclarationS0501408.decryptionReceipt_aroundBody58(CreateReportDeclarationS0501408.java:316)\n\tat pages.CreateReportDeclarationS0501408$AjcClosure59.run(CreateReportDeclarationS0501408.java:1)\n\tat org.aspectj.runtime.reflect.JoinPointImpl.proceed(JoinPointImpl.java:149)\n\tat io.qameta.allure.aspects.StepsAspects.step(StepsAspects.java:50)\n\tat pages.CreateReportDeclarationS0501408.decryptionReceipt(CreateReportDeclarationS0501408.java:316)\n\tat tests.TestRunner.createNewReportDeclarationS0501408(TestRunner.java:379)\n\tat sun.reflect.NativeMethodAccessorImpl.invoke0(Native Method)\n\tat sun.reflect.NativeMethodAccessorImpl.invoke(NativeMethodAccessorImpl.java:62)\n\tat sun.reflect.DelegatingMethodAccessorImpl.invoke(DelegatingMethodAccessorImpl.java:43)\n\tat java.lang.reflect.Method.invoke(Method.java:498)\n\tat org.testng.internal.MethodInvocationHelper.invokeMethod(MethodInvocationHelper.java:131)\n\tat org.testng.internal.Invoker.invokeMethod(Invoker.java:658)\n\tat org.testng.internal.Invoker.invokeTestMethod(Invoker.java:792)\n\tat org.testng.internal.Invoker.invokeTestMethods(Invoker.java:1103)\n\tat org.testng.internal.TestMethodWorker.invokeTestMethods(TestMethodWorker.java:140)\n\tat org.testng.internal.TestMethodWorker.run(TestMethodWorker.java:122)\n\tat org.testng.TestRunner.privateRun(TestRunner.java:739)\n\tat org.testng.TestRunner.run(TestRunner.java:589)\n\tat org.testng.SuiteRunner.runTest(SuiteRunner.java:398)\n\tat org.testng.SuiteRunner.runSequentially(SuiteRunner.java:392)\n\tat org.testng.SuiteRunner.privateRun(SuiteRunner.java:354)\n\tat org.testng.SuiteRunner.run(SuiteRunner.java:302)\n\tat org.testng.SuiteRunnerWorker.runSuite(SuiteRunnerWorker.java:53)\n\tat org.testng.SuiteRunnerWorker.run(SuiteRunnerWorker.java:96)\n\tat org.testng.TestNG.runSuitesSequentially(TestNG.java:1145)\n\tat org.testng.TestNG.runSuitesLocally(TestNG.java:1067)\n\tat org.testng.TestNG.runSuites(TestNG.java:997)\n\tat org.testng.TestNG.run(TestNG.java:965)\n\tat org.testng.IDEARemoteTestNG.run(IDEARemoteTestNG.java:72)\n\tat org.testng.RemoteTestNGStarter.main(RemoteTestNGStarter.java:123)\nCaused by: org.openqa.selenium.NoSuchElementException: no such element: Unable to locate element: {\"method\":\"id\",\"selector\":\"//*[@class='btn_decrypt p24_btn_green']\"}\n  (Session info: chrome=71.0.3578.98)\n  (Driver info: chromedriver=73.0.3683.20 (8e2b610813e167eee3619ac4ce6e42e3ec622017),platform=Linux 4.15.0-45-generic x86_64) (WARNING: The server did not provide any stacktrace information)\nCommand duration or timeout: 0 milliseconds\nFor documentation on this error, please visit: http://seleniumhq.org/exceptions/no_such_element.html\nBuild info: version: '3.141.5', revision: 'd54ebd709a', time: '2018-11-06T11:42:16'\nSystem info: host: 'dmitriy-System-Product-Name', ip: '127.0.1.1', os.name: 'Linux', os.arch: 'amd64', os.version: '4.15.0-45-generic', java.version: '1.8.0_191'\nDriver info: org.openqa.selenium.chrome.ChromeDriver\nCapabilities {acceptInsecureCerts: true, acceptSslCerts: true, applicationCacheEnabled: false, browserConnectionEnabled: false, browserName: chrome, chrome: {chromedriverVersion: 73.0.3683.20 (8e2b610813e16..., userDataDir: /tmp/.com.google.Chrome.7rKmcG}, cssSelectorsEnabled: true, databaseEnabled: false, goog:chromeOptions: {debuggerAddress: localhost:45467}, handlesAlerts: true, hasTouchScreen: false, javascriptEnabled: true, locationContextEnabled: true, mobileEmulationEnabled: false, nativeEvents: true, networkConnectionEnabled: false, pageLoadStrategy: normal, platform: LINUX, platformName: LINUX, proxy: Proxy(), rotatable: false, setWindowRect: true, strictFileInteractability: false, takesHeapSnapshot: true, takesScreenshot: true, timeouts: {implicit: 0, pageLoad: 300000, script: 30000}, unexpectedAlertBehaviour: ignore, unhandledPromptBehavior: ignore, version: 71.0.3578.98, webStorageEnabled: true}\nSession ID: 1de58f132f157ed3360d7eaf2246cd3e\n*** Element info: {Using=id, value=//*[@class='btn_decrypt p24_btn_green']}\n\tat sun.reflect.GeneratedConstructorAccessor19.newInstance(Unknown Source)\n\tat sun.reflect.DelegatingConstructorAccessorImpl.newInstance(DelegatingConstructorAccessorImpl.java:45)\n\tat java.lang.reflect.Constructor.newInstance(Constructor.java:423)\n\tat org.openqa.selenium.remote.ErrorHandler.createThrowable(ErrorHandler.java:214)\n\tat org.openqa.selenium.remote.ErrorHandler.throwIfResponseFailed(ErrorHandler.java:166)\n\tat org.openqa.selenium.remote.http.JsonHttpResponseCodec.reconstructValue(JsonHttpResponseCodec.java:40)\n\tat org.openqa.selenium.remote.http.AbstractHttpResponseCodec.decode(AbstractHttpResponseCodec.java:80)\n\tat org.openqa.selenium.remote.http.AbstractHttpResponseCodec.decode(AbstractHttpResponseCodec.java:44)\n\tat org.openqa.selenium.remote.HttpCommandExecutor.execute(HttpCommandExecutor.java:158)\n\tat org.openqa.selenium.remote.service.DriverCommandExecutor.execute(DriverCommandExecutor.java:83)\n\tat org.openqa.selenium.remote.RemoteWebDriver.execute(RemoteWebDriver.java:552)\n\tat org.openqa.selenium.remote.RemoteWebDriver.findElement(RemoteWebDriver.java:323)\n\tat org.openqa.selenium.remote.RemoteWebDriver.findElementById(RemoteWebDriver.java:372)\n\tat org.openqa.selenium.By$ById.findElement(By.java:188)\n\tat org.openqa.selenium.remote.RemoteWebDriver.findElement(RemoteWebDriver.java:315)\n\tat com.codeborne.selenide.impl.WebElementSelector.findElement(WebElementSelector.java:28)\n\tat com.codeborne.selenide.impl.ElementFinder.getWebElement(ElementFinder.java:74)\n\tat com.codeborne.selenide.impl.WebElementSource.checkCondition(WebElementSource.java:47)\n\t... 37 more\n"},"stage":"finished","steps":[],"attachments":[],"parameters":[],"start":1549612779122,"stop":1549612789555}],"attachments":[{"name":"screenshot","source":"18d4f51c-d366-427f-8461-19e84dea9506-attachment","type":"img/png"}],"parameters":[],"start":1549612632429,"stop":1549612789749,"uuid":"f53c1444-6ea1-4c42-a7c1-a30f3dc083c5","historyId":"a42821f810fb6baabbeb3e417f5e80fd","fullName":"tests.TestRunner.createNewReportDeclarationS0501408","labels":[{"name":"package","value":"tests.TestRunner"},{"name":"testClass","value":"tests.TestRunner"},{"name":"testMethod","value":"createNewReportDeclarationS0501408"},{"name":"parentSuite","value":"Default Suite"},{"name":"suite","value":"eDocumentsAndReports"},{"name":"subSuite","value":"tests.TestRunner"},{"name":"host","value":"dmitriy-System-Product-Name"},{"name":"thread","value":"11345@dmitriy-System-Product-Name.main(1)"},{"name":"feature","value":"Тестирование документов"},{"name":"story","value":"Создание документа (позитивный сценарий) S0501408"}],"links":[]}